<?xml version="1.0" encoding="UTF-8"?>
<coverage generated="1772319507336" clover="3.2.0">
  <project timestamp="1772319507336" name="All files">
    <metrics statements="945" coveredstatements="831" conditionals="282" coveredconditionals="224" methods="71" coveredmethods="67" elements="1298" coveredelements="1122" complexity="0" loc="945" ncloc="945" packages="4" files="12" classes="12"/>
    <package name="engine">
      <metrics statements="206" coveredstatements="186" conditionals="64" coveredconditionals="54" methods="18" coveredmethods="16"/>
      <file name="contracts.ts" path="C:\board-game-app\src\engine\contracts.ts">
        <metrics statements="0" coveredstatements="0" conditionals="1" coveredconditionals="1" methods="1" coveredmethods="1"/>
      </file>
      <file name="invariantGate.ts" path="C:\board-game-app\src\engine\invariantGate.ts">
        <metrics statements="206" coveredstatements="186" conditionals="63" coveredconditionals="53" methods="17" coveredmethods="15"/>
        <line num="1" count="1" type="stmt"/>
        <line num="32" count="1" type="stmt"/>
        <line num="34" count="1" type="cond" truecount="1" falsecount="0"/>
        <line num="35" count="3" type="stmt"/>
        <line num="36" count="3" type="stmt"/>
        <line num="37" count="3" type="stmt"/>
        <line num="38" count="3" type="stmt"/>
        <line num="39" count="3" type="cond" truecount="0" falsecount="1"/>
        <line num="40" count="3" type="cond" truecount="0" falsecount="1"/>
        <line num="41" count="3" type="stmt"/>
        <line num="43" count="3" type="cond" truecount="1" falsecount="0"/>
        <line num="44" count="15937" type="cond" truecount="1" falsecount="0"/>
        <line num="45" count="14821" type="stmt"/>
        <line num="46" count="14821" type="stmt"/>
        <line num="47" count="15937" type="stmt"/>
        <line num="48" count="3" type="stmt"/>
        <line num="50" count="1" type="cond" truecount="1" falsecount="0"/>
        <line num="51" count="3" type="stmt"/>
        <line num="52" count="3" type="stmt"/>
        <line num="53" count="3" type="stmt"/>
        <line num="54" count="3" type="stmt"/>
        <line num="55" count="3" type="stmt"/>
        <line num="56" count="3" type="stmt"/>
        <line num="57" count="3" type="stmt"/>
        <line num="59" count="3" type="stmt"/>
        <line num="60" count="3" type="stmt"/>
        <line num="61" count="3" type="stmt"/>
        <line num="62" count="3" type="stmt"/>
        <line num="64" count="1" type="cond" truecount="1" falsecount="0"/>
        <line num="65" count="23" type="stmt"/>
        <line num="66" count="23" type="stmt"/>
        <line num="67" count="23" type="stmt"/>
        <line num="68" count="23" type="stmt"/>
        <line num="69" count="23" type="cond" truecount="1" falsecount="0"/>
        <line num="70" count="125" type="stmt"/>
        <line num="71" count="125" type="stmt"/>
        <line num="73" count="125" type="cond" truecount="1" falsecount="0"/>
        <line num="74" count="157" type="stmt"/>
        <line num="75" count="157" type="stmt"/>
        <line num="76" count="157" type="stmt"/>
        <line num="77" count="157" type="stmt"/>
        <line num="78" count="157" type="stmt"/>
        <line num="79" count="125" type="stmt"/>
        <line num="80" count="23" type="stmt"/>
        <line num="82" count="1" type="stmt"/>
        <line num="83" count="1" type="cond" truecount="1" falsecount="0"/>
        <line num="84" count="33411" type="stmt"/>
        <line num="85" count="33411" type="stmt"/>
        <line num="87" count="1" type="cond" truecount="1" falsecount="0"/>
        <line num="88" count="33411" type="stmt"/>
        <line num="89" count="33411" type="stmt"/>
        <line num="90" count="33411" type="stmt"/>
        <line num="91" count="33411" type="stmt"/>
        <line num="93" count="1" type="stmt"/>
        <line num="94" count="0" type="stmt"/>
        <line num="95" count="0" type="stmt"/>
        <line num="97" count="1" type="cond" truecount="1" falsecount="0"/>
        <line num="98" count="320" type="stmt"/>
        <line num="99" count="320" type="stmt"/>
        <line num="100" count="320" type="stmt"/>
        <line num="101" count="320" type="stmt"/>
        <line num="103" count="1" type="cond" truecount="1" falsecount="0"/>
        <line num="104" count="320" type="cond" truecount="0" falsecount="1"/>
        <line num="105" count="0" type="stmt"/>
        <line num="106" count="0" type="stmt"/>
        <line num="107" count="320" type="stmt"/>
        <line num="108" count="320" type="stmt"/>
        <line num="109" count="320" type="stmt"/>
        <line num="111" count="1" type="stmt"/>
        <line num="112" count="0" type="stmt"/>
        <line num="113" count="0" type="stmt"/>
        <line num="114" count="1" type="stmt"/>
        <line num="116" count="3" type="cond" truecount="1" falsecount="0"/>
        <line num="117" count="3" type="stmt"/>
        <line num="118" count="3" type="stmt"/>
        <line num="119" count="3" type="stmt"/>
        <line num="120" count="3" type="stmt"/>
        <line num="121" count="3" type="stmt"/>
        <line num="122" count="3" type="stmt"/>
        <line num="123" count="3" type="stmt"/>
        <line num="124" count="3" type="stmt"/>
        <line num="125" count="3" type="stmt"/>
        <line num="127" count="3" type="cond" truecount="1" falsecount="0"/>
        <line num="128" count="15937" type="stmt"/>
        <line num="129" count="15937" type="cond" truecount="0" falsecount="1"/>
        <line num="130" count="0" type="stmt"/>
        <line num="131" count="0" type="stmt"/>
        <line num="133" count="15937" type="stmt"/>
        <line num="134" count="15937" type="cond" truecount="2" falsecount="0"/>
        <line num="135" count="9717" type="stmt"/>
        <line num="136" count="9717" type="cond" truecount="1" falsecount="0"/>
        <line num="138" count="6220" type="stmt"/>
        <line num="139" count="6220" type="stmt"/>
        <line num="140" count="15937" type="cond" truecount="1" falsecount="0"/>
        <line num="141" count="33395" type="stmt"/>
        <line num="142" count="33395" type="stmt"/>
        <line num="143" count="33395" type="stmt"/>
        <line num="144" count="33395" type="stmt"/>
        <line num="145" count="33395" type="stmt"/>
        <line num="147" count="33395" type="cond" truecount="1" falsecount="0"/>
        <line num="148" count="15934" type="stmt"/>
        <line num="149" count="15934" type="stmt"/>
        <line num="150" count="15934" type="stmt"/>
        <line num="151" count="33395" type="cond" truecount="1" falsecount="0"/>
        <line num="152" count="6220" type="stmt"/>
        <line num="154" count="3" type="stmt"/>
        <line num="155" count="3" type="stmt"/>
        <line num="157" count="6" type="cond" truecount="1" falsecount="0"/>
        <line num="158" count="6" type="stmt"/>
        <line num="159" count="6" type="stmt"/>
        <line num="160" count="6" type="stmt"/>
        <line num="161" count="6" type="stmt"/>
        <line num="162" count="6" type="stmt"/>
        <line num="163" count="6" type="stmt"/>
        <line num="164" count="6" type="stmt"/>
        <line num="165" count="6" type="stmt"/>
        <line num="167" count="6" type="cond" truecount="1" falsecount="0"/>
        <line num="168" count="40" type="cond" truecount="0" falsecount="1"/>
        <line num="169" count="0" type="stmt"/>
        <line num="170" count="0" type="stmt"/>
        <line num="172" count="40" type="stmt"/>
        <line num="173" count="40" type="stmt"/>
        <line num="174" count="40" type="stmt"/>
        <line num="175" count="40" type="cond" truecount="1" falsecount="0"/>
        <line num="176" count="40" type="cond" truecount="0" falsecount="1"/>
        <line num="177" count="0" type="stmt"/>
        <line num="178" count="0" type="stmt"/>
        <line num="180" count="40" type="stmt"/>
        <line num="181" count="40" type="stmt"/>
        <line num="182" count="40" type="stmt"/>
        <line num="183" count="40" type="stmt"/>
        <line num="185" count="40" type="stmt"/>
        <line num="186" count="40" type="stmt"/>
        <line num="187" count="40" type="stmt"/>
        <line num="188" count="40" type="stmt"/>
        <line num="189" count="40" type="stmt"/>
        <line num="190" count="40" type="stmt"/>
        <line num="192" count="125" type="cond" truecount="1" falsecount="0"/>
        <line num="193" count="125" type="cond" truecount="1" falsecount="0"/>
        <line num="194" count="125" type="stmt"/>
        <line num="195" count="125" type="stmt"/>
        <line num="197" count="398" type="cond" truecount="1" falsecount="0"/>
        <line num="198" count="398" type="cond" truecount="1" falsecount="0"/>
        <line num="199" count="125" type="stmt"/>
        <line num="200" count="125" type="cond" truecount="1" falsecount="0"/>
        <line num="202" count="273" type="stmt"/>
        <line num="203" count="273" type="stmt"/>
        <line num="205" count="398" type="cond" truecount="1" falsecount="0"/>
        <line num="206" count="305" type="cond" truecount="1" falsecount="0"/>
        <line num="207" count="32" type="stmt"/>
        <line num="208" count="32" type="stmt"/>
        <line num="209" count="32" type="cond" truecount="0" falsecount="1"/>
        <line num="210" count="0" type="stmt"/>
        <line num="211" count="0" type="stmt"/>
        <line num="212" count="32" type="stmt"/>
        <line num="213" count="32" type="cond" truecount="1" falsecount="0"/>
        <line num="215" count="305" type="cond" truecount="2" falsecount="0"/>
        <line num="216" count="273" type="stmt"/>
        <line num="217" count="273" type="stmt"/>
        <line num="218" count="305" type="cond" truecount="1" falsecount="0"/>
        <line num="220" count="273" type="stmt"/>
        <line num="221" count="273" type="stmt"/>
        <line num="223" count="33411" type="cond" truecount="1" falsecount="0"/>
        <line num="224" count="33411" type="stmt"/>
        <line num="225" count="33411" type="cond" truecount="1" falsecount="0"/>
        <line num="226" count="1290754" type="stmt"/>
        <line num="227" count="1290754" type="stmt"/>
        <line num="228" count="1290754" type="stmt"/>
        <line num="229" count="33411" type="stmt"/>
        <line num="230" count="33411" type="stmt"/>
        <line num="232" count="73257" type="cond" truecount="1" falsecount="0"/>
        <line num="233" count="73257" type="stmt"/>
        <line num="234" count="73257" type="stmt"/>
        <line num="236" count="2698956" type="cond" truecount="1" falsecount="0"/>
        <line num="237" count="2698956" type="cond" truecount="1" falsecount="0"/>
        <line num="238" count="86212" type="stmt"/>
        <line num="239" count="86212" type="cond" truecount="1" falsecount="0"/>
        <line num="241" count="2698956" type="cond" truecount="3" falsecount="0"/>
        <line num="242" count="1953339" type="stmt"/>
        <line num="243" count="1953339" type="cond" truecount="1" falsecount="0"/>
        <line num="244" count="2698956" type="cond" truecount="0" falsecount="1"/>
        <line num="245" count="0" type="stmt"/>
        <line num="246" count="0" type="cond" truecount="1" falsecount="0"/>
        <line num="247" count="2698956" type="cond" truecount="0" falsecount="1"/>
        <line num="248" count="0" type="stmt"/>
        <line num="249" count="0" type="cond" truecount="1" falsecount="0"/>
        <line num="250" count="2698956" type="cond" truecount="0" falsecount="1"/>
        <line num="251" count="0" type="stmt"/>
        <line num="252" count="0" type="cond" truecount="1" falsecount="0"/>
        <line num="254" count="2698956" type="cond" truecount="1" falsecount="0"/>
        <line num="255" count="165404" type="cond" truecount="1" falsecount="0"/>
        <line num="256" count="165404" type="cond" truecount="1" falsecount="0"/>
        <line num="258" count="494001" type="cond" truecount="1" falsecount="0"/>
        <line num="259" count="494001" type="stmt"/>
        <line num="260" count="494001" type="cond" truecount="1" falsecount="0"/>
        <line num="261" count="494001" type="stmt"/>
        <line num="262" count="494001" type="stmt"/>
        <line num="263" count="494001" type="stmt"/>
        <line num="265" count="73257" type="cond" truecount="1" falsecount="0"/>
        <line num="266" count="73257" type="stmt"/>
        <line num="267" count="73257" type="cond" truecount="1" falsecount="0"/>
        <line num="268" count="26936442" type="stmt"/>
        <line num="269" count="26936442" type="stmt"/>
        <line num="270" count="26936442" type="stmt"/>
        <line num="271" count="73257" type="stmt"/>
        <line num="272" count="73257" type="stmt"/>
      </file>
    </package>
    <package name="games">
      <metrics statements="6" coveredstatements="6" conditionals="2" coveredconditionals="2" methods="1" coveredmethods="1"/>
      <file name="index.ts" path="C:\board-game-app\src\games\index.ts">
        <metrics statements="6" coveredstatements="6" conditionals="1" coveredconditionals="1" methods="0" coveredmethods="0"/>
        <line num="2" count="1" type="stmt"/>
        <line num="3" count="1" type="stmt"/>
        <line num="5" count="1" type="stmt"/>
        <line num="7" count="1" type="stmt"/>
        <line num="8" count="1" type="cond" truecount="1" falsecount="0"/>
        <line num="9" count="1" type="stmt"/>
      </file>
      <file name="types.ts" path="C:\board-game-app\src\games\types.ts">
        <metrics statements="0" coveredstatements="0" conditionals="1" coveredconditionals="1" methods="1" coveredmethods="1"/>
      </file>
    </package>
    <package name="games.splendor">
      <metrics statements="517" coveredstatements="449" conditionals="147" coveredconditionals="112" methods="36" coveredmethods="34"/>
      <file name="actions.ts" path="C:\board-game-app\src\games\splendor\actions.ts">
        <metrics statements="35" coveredstatements="29" conditionals="3" coveredconditionals="3" methods="4" coveredmethods="3"/>
        <line num="17" count="1" type="cond" truecount="1" falsecount="0"/>
        <line num="18" count="659785" type="stmt"/>
        <line num="19" count="659785" type="stmt"/>
        <line num="20" count="659785" type="stmt"/>
        <line num="21" count="659785" type="stmt"/>
        <line num="22" count="659785" type="stmt"/>
        <line num="23" count="659785" type="stmt"/>
        <line num="24" count="659785" type="stmt"/>
        <line num="25" count="659785" type="stmt"/>
        <line num="26" count="659785" type="stmt"/>
        <line num="27" count="659785" type="stmt"/>
        <line num="28" count="659785" type="stmt"/>
        <line num="29" count="659785" type="stmt"/>
        <line num="30" count="659785" type="stmt"/>
        <line num="32" count="1" type="cond" truecount="1" falsecount="0"/>
        <line num="33" count="4" type="stmt"/>
        <line num="34" count="4" type="stmt"/>
        <line num="35" count="4" type="stmt"/>
        <line num="36" count="4" type="stmt"/>
        <line num="37" count="4" type="stmt"/>
        <line num="38" count="4" type="stmt"/>
        <line num="40" count="1" type="stmt"/>
        <line num="41" count="0" type="stmt"/>
        <line num="42" count="0" type="stmt"/>
        <line num="43" count="0" type="stmt"/>
        <line num="44" count="0" type="stmt"/>
        <line num="45" count="0" type="stmt"/>
        <line num="46" count="0" type="stmt"/>
        <line num="48" count="1" type="cond" truecount="1" falsecount="0"/>
        <line num="49" count="33966" type="stmt"/>
        <line num="50" count="33966" type="stmt"/>
        <line num="51" count="33966" type="stmt"/>
        <line num="52" count="33966" type="stmt"/>
        <line num="53" count="33966" type="stmt"/>
        <line num="54" count="33966" type="stmt"/>
      </file>
      <file name="engine.ts" path="C:\board-game-app\src\games\splendor\engine.ts">
        <metrics statements="371" coveredstatements="313" conditionals="135" coveredconditionals="102" methods="29" coveredmethods="28"/>
        <line num="2" count="1" type="stmt"/>
        <line num="8" count="1" type="stmt"/>
        <line num="21" count="1" type="cond" truecount="1" falsecount="0"/>
        <line num="22" count="9" type="stmt"/>
        <line num="23" count="9" type="stmt"/>
        <line num="25" count="1" type="cond" truecount="1" falsecount="0"/>
        <line num="26" count="73011" type="cond" truecount="0" falsecount="1"/>
        <line num="27" count="0" type="stmt"/>
        <line num="28" count="0" type="stmt"/>
        <line num="30" count="73011" type="stmt"/>
        <line num="31" count="73011" type="stmt"/>
        <line num="32" count="73011" type="stmt"/>
        <line num="34" count="1" type="cond" truecount="1" falsecount="0"/>
        <line num="35" count="16585" type="stmt"/>
        <line num="36" count="16585" type="stmt"/>
        <line num="37" count="16585" type="stmt"/>
        <line num="38" count="16585" type="stmt"/>
        <line num="39" count="16585" type="cond" truecount="0" falsecount="1"/>
        <line num="40" count="0" type="stmt"/>
        <line num="41" count="0" type="stmt"/>
        <line num="42" count="16585" type="cond" truecount="0" falsecount="1"/>
        <line num="43" count="0" type="stmt"/>
        <line num="44" count="0" type="stmt"/>
        <line num="46" count="16585" type="stmt"/>
        <line num="47" count="16585" type="cond" truecount="1" falsecount="0"/>
        <line num="48" count="1" type="stmt"/>
        <line num="49" count="1" type="cond" truecount="1" falsecount="0"/>
        <line num="51" count="16584" type="stmt"/>
        <line num="52" count="16584" type="stmt"/>
        <line num="53" count="16584" type="stmt"/>
        <line num="55" count="16584" type="stmt"/>
        <line num="56" count="16585" type="cond" truecount="1" falsecount="0"/>
        <line num="57" count="16342" type="stmt"/>
        <line num="58" count="16342" type="stmt"/>
        <line num="59" count="16585" type="cond" truecount="1" falsecount="0"/>
        <line num="60" count="242" type="stmt"/>
        <line num="61" count="242" type="stmt"/>
        <line num="62" count="16585" type="cond" truecount="0" falsecount="1"/>
        <line num="63" count="0" type="stmt"/>
        <line num="64" count="16585" type="cond" truecount="1" falsecount="0"/>
        <line num="66" count="16585" type="cond" truecount="0" falsecount="1"/>
        <line num="67" count="0" type="stmt"/>
        <line num="68" count="0" type="cond" truecount="1" falsecount="0"/>
        <line num="69" count="16584" type="stmt"/>
        <line num="71" count="16584" type="stmt"/>
        <line num="72" count="16585" type="cond" truecount="1" falsecount="0"/>
        <line num="73" count="1" type="stmt"/>
        <line num="74" count="1" type="stmt"/>
        <line num="75" count="16585" type="cond" truecount="1" falsecount="0"/>
        <line num="76" count="16583" type="stmt"/>
        <line num="77" count="16583" type="stmt"/>
        <line num="78" count="16583" type="cond" truecount="1" falsecount="0"/>
        <line num="80" count="16584" type="stmt"/>
        <line num="81" count="16584" type="stmt"/>
        <line num="82" count="16584" type="stmt"/>
        <line num="83" count="16584" type="stmt"/>
        <line num="84" count="16585" type="cond" truecount="2" falsecount="0"/>
        <line num="85" count="16585" type="stmt"/>
        <line num="86" count="16585" type="stmt"/>
        <line num="87" count="16585" type="stmt"/>
        <line num="88" count="16585" type="stmt"/>
        <line num="89" count="16585" type="stmt"/>
        <line num="90" count="16585" type="stmt"/>
        <line num="91" count="16585" type="stmt"/>
        <line num="92" count="16585" type="stmt"/>
        <line num="93" count="16585" type="stmt"/>
        <line num="94" count="16585" type="stmt"/>
        <line num="95" count="16585" type="stmt"/>
        <line num="96" count="16585" type="stmt"/>
        <line num="97" count="16585" type="stmt"/>
        <line num="99" count="1" type="cond" truecount="1" falsecount="0"/>
        <line num="100" count="44797" type="cond" truecount="2" falsecount="0"/>
        <line num="101" count="1" type="stmt"/>
        <line num="102" count="1" type="cond" truecount="1" falsecount="0"/>
        <line num="103" count="44796" type="stmt"/>
        <line num="104" count="44796" type="stmt"/>
        <line num="106" count="1" type="cond" truecount="1" falsecount="0"/>
        <line num="107" count="3" type="cond" truecount="1" falsecount="0"/>
        <line num="108" count="3" type="stmt"/>
        <line num="110" count="1" type="stmt"/>
        <line num="111" count="1" type="stmt"/>
        <line num="112" count="1" type="stmt"/>
        <line num="113" count="1" type="stmt"/>
        <line num="114" count="1" type="stmt"/>
        <line num="115" count="1" type="stmt"/>
        <line num="116" count="1" type="stmt"/>
        <line num="118" count="73011" type="cond" truecount="1" falsecount="0"/>
        <line num="119" count="73011" type="stmt"/>
        <line num="120" count="73011" type="stmt"/>
        <line num="122" count="73011" type="cond" truecount="1" falsecount="0"/>
        <line num="123" count="658005" type="stmt"/>
        <line num="124" count="658005" type="cond" truecount="1" falsecount="0"/>
        <line num="125" count="1928083" type="stmt"/>
        <line num="126" count="1928083" type="stmt"/>
        <line num="128" count="658005" type="stmt"/>
        <line num="129" count="658005" type="cond" truecount="1" falsecount="0"/>
        <line num="130" count="657900" type="stmt"/>
        <line num="131" count="657900" type="stmt"/>
        <line num="132" count="657900" type="cond" truecount="2" falsecount="0"/>
        <line num="134" count="105" type="stmt"/>
        <line num="135" count="657933" type="cond" truecount="1" falsecount="0"/>
        <line num="136" count="1881" type="stmt"/>
        <line num="137" count="1881" type="cond" truecount="1" falsecount="0"/>
        <line num="138" count="105" type="stmt"/>
        <line num="140" count="73011" type="stmt"/>
        <line num="141" count="73011" type="stmt"/>
        <line num="143" count="73011" type="cond" truecount="1" falsecount="0"/>
        <line num="144" count="73011" type="stmt"/>
        <line num="146" count="73011" type="cond" truecount="1" falsecount="0"/>
        <line num="147" count="435975" type="stmt"/>
        <line num="148" count="435975" type="cond" truecount="0" falsecount="1"/>
        <line num="149" count="0" type="stmt"/>
        <line num="150" count="0" type="stmt"/>
        <line num="151" count="435975" type="cond" truecount="1" falsecount="0"/>
        <line num="152" count="33959" type="stmt"/>
        <line num="153" count="33959" type="stmt"/>
        <line num="154" count="435975" type="stmt"/>
        <line num="156" count="73011" type="stmt"/>
        <line num="157" count="73011" type="stmt"/>
        <line num="159" count="73011" type="cond" truecount="1" falsecount="0"/>
        <line num="160" count="73011" type="stmt"/>
        <line num="161" count="73011" type="cond" truecount="1" falsecount="0"/>
        <line num="163" count="73011" type="cond" truecount="1" falsecount="0"/>
        <line num="164" count="344450" type="cond" truecount="1" falsecount="0"/>
        <line num="165" count="649573" type="cond" truecount="1" falsecount="0"/>
        <line num="166" count="612073" type="stmt"/>
        <line num="167" count="612073" type="stmt"/>
        <line num="168" count="649573" type="stmt"/>
        <line num="169" count="344450" type="stmt"/>
        <line num="171" count="73011" type="cond" truecount="1" falsecount="0"/>
        <line num="172" count="73011" type="cond" truecount="1" falsecount="0"/>
        <line num="173" count="45932" type="stmt"/>
        <line num="174" count="45932" type="stmt"/>
        <line num="176" count="73011" type="stmt"/>
        <line num="177" count="73011" type="stmt"/>
        <line num="179" count="105" type="cond" truecount="1" falsecount="0"/>
        <line num="180" count="105" type="cond" truecount="0" falsecount="1"/>
        <line num="181" count="0" type="stmt"/>
        <line num="182" count="0" type="stmt"/>
        <line num="184" count="105" type="stmt"/>
        <line num="185" count="105" type="stmt"/>
        <line num="186" count="105" type="stmt"/>
        <line num="188" count="105" type="cond" truecount="1" falsecount="0"/>
        <line num="189" count="3027" type="cond" truecount="1" falsecount="0"/>
        <line num="190" count="1881" type="stmt"/>
        <line num="191" count="1881" type="stmt"/>
        <line num="192" count="1881" type="cond" truecount="1" falsecount="0"/>
        <line num="194" count="3027" type="cond" truecount="1" falsecount="0"/>
        <line num="195" count="4335" type="stmt"/>
        <line num="196" count="4335" type="cond" truecount="1" falsecount="0"/>
        <line num="197" count="1413" type="stmt"/>
        <line num="198" count="1413" type="cond" truecount="1" falsecount="0"/>
        <line num="200" count="2922" type="stmt"/>
        <line num="201" count="2922" type="stmt"/>
        <line num="202" count="2922" type="stmt"/>
        <line num="203" count="2922" type="stmt"/>
        <line num="204" count="2922" type="stmt"/>
        <line num="205" count="2922" type="cond" truecount="1" falsecount="0"/>
        <line num="206" count="3027" type="stmt"/>
        <line num="208" count="105" type="stmt"/>
        <line num="209" count="105" type="stmt"/>
        <line num="210" count="105" type="stmt"/>
        <line num="212" count="16342" type="cond" truecount="1" falsecount="0"/>
        <line num="213" count="16342" type="stmt"/>
        <line num="214" count="16342" type="cond" truecount="0" falsecount="1"/>
        <line num="215" count="0" type="stmt"/>
        <line num="216" count="0" type="stmt"/>
        <line num="218" count="16342" type="cond" truecount="0" falsecount="1"/>
        <line num="219" count="16342" type="cond" truecount="0" falsecount="1"/>
        <line num="220" count="0" type="stmt"/>
        <line num="221" count="0" type="stmt"/>
        <line num="223" count="16342" type="cond" truecount="1" falsecount="0"/>
        <line num="224" count="47723" type="stmt"/>
        <line num="225" count="47723" type="stmt"/>
        <line num="226" count="47723" type="stmt"/>
        <line num="228" count="16342" type="cond" truecount="0" falsecount="1"/>
        <line num="229" count="16342" type="stmt"/>
        <line num="230" count="16342" type="cond" truecount="1" falsecount="1"/>
        <line num="231" count="0" type="stmt"/>
        <line num="232" count="0" type="stmt"/>
        <line num="233" count="16342" type="cond" truecount="1" falsecount="1"/>
        <line num="234" count="0" type="stmt"/>
        <line num="235" count="0" type="stmt"/>
        <line num="237" count="16342" type="cond" truecount="1" falsecount="0"/>
        <line num="238" count="8" type="cond" truecount="0" falsecount="1"/>
        <line num="239" count="0" type="stmt"/>
        <line num="240" count="0" type="stmt"/>
        <line num="241" count="8" type="cond" truecount="0" falsecount="1"/>
        <line num="242" count="0" type="stmt"/>
        <line num="243" count="0" type="stmt"/>
        <line num="245" count="8" type="stmt"/>
        <line num="246" count="8" type="stmt"/>
        <line num="247" count="8" type="stmt"/>
        <line num="249" count="16342" type="cond" truecount="0" falsecount="1"/>
        <line num="250" count="0" type="stmt"/>
        <line num="251" count="0" type="stmt"/>
        <line num="252" count="16342" type="stmt"/>
        <line num="254" count="242" type="cond" truecount="1" falsecount="0"/>
        <line num="255" count="242" type="cond" truecount="0" falsecount="1"/>
        <line num="256" count="0" type="stmt"/>
        <line num="257" count="0" type="stmt"/>
        <line num="258" count="242" type="cond" truecount="0" falsecount="1"/>
        <line num="259" count="0" type="stmt"/>
        <line num="260" count="0" type="stmt"/>
        <line num="262" count="242" type="stmt"/>
        <line num="263" count="242" type="cond" truecount="0" falsecount="1"/>
        <line num="264" count="0" type="stmt"/>
        <line num="265" count="0" type="stmt"/>
        <line num="267" count="242" type="stmt"/>
        <line num="268" count="242" type="cond" truecount="1" falsecount="0"/>
        <line num="269" count="1210" type="cond" truecount="0" falsecount="1"/>
        <line num="270" count="0" type="stmt"/>
        <line num="271" count="0" type="stmt"/>
        <line num="272" count="1210" type="stmt"/>
        <line num="274" count="242" type="cond" truecount="1" falsecount="0"/>
        <line num="275" count="1210" type="stmt"/>
        <line num="276" count="1210" type="stmt"/>
        <line num="277" count="1210" type="stmt"/>
        <line num="278" count="1210" type="stmt"/>
        <line num="280" count="242" type="stmt"/>
        <line num="281" count="242" type="stmt"/>
        <line num="282" count="242" type="stmt"/>
        <line num="283" count="242" type="cond" truecount="1" falsecount="0"/>
        <line num="284" count="242" type="stmt"/>
        <line num="286" count="435975" type="cond" truecount="1" falsecount="0"/>
        <line num="287" count="435975" type="stmt"/>
        <line num="288" count="435975" type="cond" truecount="1" falsecount="0"/>
        <line num="289" count="435975" type="stmt"/>
        <line num="291" count="436217" type="cond" truecount="1" falsecount="0"/>
        <line num="292" count="436217" type="stmt"/>
        <line num="293" count="436217" type="stmt"/>
        <line num="294" count="436217" type="stmt"/>
        <line num="295" count="436217" type="stmt"/>
        <line num="296" count="436217" type="stmt"/>
        <line num="297" count="436217" type="stmt"/>
        <line num="298" count="436217" type="stmt"/>
        <line num="299" count="436217" type="stmt"/>
        <line num="300" count="436217" type="stmt"/>
        <line num="301" count="436217" type="stmt"/>
        <line num="303" count="436217" type="cond" truecount="1" falsecount="0"/>
        <line num="304" count="2181085" type="cond" truecount="1" falsecount="0"/>
        <line num="305" count="2181085" type="stmt"/>
        <line num="306" count="2181085" type="stmt"/>
        <line num="308" count="436217" type="stmt"/>
        <line num="309" count="436217" type="stmt"/>
        <line num="311" count="436217" type="cond" truecount="1" falsecount="0"/>
        <line num="312" count="436217" type="cond" truecount="1" falsecount="0"/>
        <line num="313" count="436217" type="stmt"/>
        <line num="315" count="16342" type="cond" truecount="1" falsecount="0"/>
        <line num="316" count="16342" type="cond" truecount="1" falsecount="0"/>
        <line num="317" count="15039" type="stmt"/>
        <line num="318" count="15039" type="cond" truecount="0" falsecount="1"/>
        <line num="319" count="0" type="stmt"/>
        <line num="320" count="0" type="stmt"/>
        <line num="321" count="15039" type="cond" truecount="1" falsecount="0"/>
        <line num="322" count="15039" type="cond" truecount="2" falsecount="0"/>
        <line num="324" count="1303" type="stmt"/>
        <line num="325" count="1303" type="stmt"/>
        <line num="326" count="1303" type="cond" truecount="0" falsecount="1"/>
        <line num="327" count="0" type="stmt"/>
        <line num="328" count="0" type="stmt"/>
        <line num="329" count="1303" type="stmt"/>
        <line num="330" count="1303" type="cond" truecount="0" falsecount="1"/>
        <line num="332" count="0" type="stmt"/>
        <line num="333" count="0" type="stmt"/>
        <line num="335" count="16585" type="cond" truecount="1" falsecount="0"/>
        <line num="336" count="16585" type="stmt"/>
        <line num="337" count="16585" type="cond" truecount="1" falsecount="0"/>
        <line num="338" count="16585" type="stmt"/>
        <line num="340" count="113230" type="cond" truecount="1" falsecount="0"/>
        <line num="341" count="113230" type="cond" truecount="1" falsecount="0"/>
        <line num="342" count="112745" type="cond" truecount="0" falsecount="1"/>
        <line num="343" count="112745" type="cond" truecount="0" falsecount="1"/>
        <line num="344" count="112745" type="stmt"/>
        <line num="345" count="112745" type="cond" truecount="2" falsecount="0"/>
        <line num="346" count="485" type="stmt"/>
        <line num="347" count="485" type="cond" truecount="0" falsecount="1"/>
        <line num="348" count="485" type="cond" truecount="0" falsecount="1"/>
        <line num="349" count="0" type="stmt"/>
        <line num="350" count="0" type="stmt"/>
        <line num="352" count="222407" type="cond" truecount="1" falsecount="0"/>
        <line num="353" count="222407" type="stmt"/>
        <line num="354" count="222407" type="stmt"/>
        <line num="356" count="46420" type="cond" truecount="1" falsecount="0"/>
        <line num="357" count="46420" type="stmt"/>
        <line num="358" count="46420" type="stmt"/>
        <line num="360" count="8" type="cond" truecount="1" falsecount="0"/>
        <line num="361" count="8" type="stmt"/>
        <line num="362" count="8" type="stmt"/>
        <line num="364" count="89595" type="cond" truecount="1" falsecount="0"/>
        <line num="365" count="89595" type="cond" truecount="1" falsecount="0"/>
        <line num="366" count="89595" type="cond" truecount="0" falsecount="1"/>
        <line num="367" count="0" type="stmt"/>
        <line num="368" count="0" type="stmt"/>
        <line num="369" count="89595" type="stmt"/>
        <line num="370" count="89595" type="stmt"/>
        <line num="372" count="16584" type="cond" truecount="1" falsecount="0"/>
        <line num="373" count="16584" type="stmt"/>
        <line num="375" count="16584" type="cond" truecount="0" falsecount="1"/>
        <line num="376" count="0" type="stmt"/>
        <line num="377" count="0" type="stmt"/>
        <line num="379" count="16584" type="cond" truecount="1" falsecount="0"/>
        <line num="380" count="16584" type="cond" truecount="0" falsecount="1"/>
        <line num="381" count="0" type="stmt"/>
        <line num="382" count="0" type="stmt"/>
        <line num="383" count="16584" type="stmt"/>
        <line num="384" count="16584" type="stmt"/>
        <line num="385" count="16584" type="stmt"/>
        <line num="387" count="16584" type="cond" truecount="1" falsecount="0"/>
        <line num="388" count="16584" type="stmt"/>
        <line num="389" count="16584" type="stmt"/>
        <line num="390" count="16584" type="cond" truecount="1" falsecount="0"/>
        <line num="391" count="33168" type="stmt"/>
        <line num="392" count="33168" type="stmt"/>
        <line num="393" count="33168" type="stmt"/>
        <line num="394" count="33168" type="stmt"/>
        <line num="395" count="16584" type="stmt"/>
        <line num="396" count="16584" type="stmt"/>
        <line num="397" count="16584" type="cond" truecount="1" falsecount="0"/>
        <line num="398" count="16584" type="stmt"/>
        <line num="399" count="16584" type="stmt"/>
        <line num="400" count="16584" type="stmt"/>
        <line num="402" count="707862" type="cond" truecount="1" falsecount="0"/>
        <line num="403" count="707862" type="stmt"/>
        <line num="404" count="707862" type="stmt"/>
        <line num="405" count="707862" type="stmt"/>
        <line num="406" count="707862" type="stmt"/>
        <line num="407" count="707862" type="stmt"/>
        <line num="408" count="707862" type="stmt"/>
        <line num="409" count="707862" type="stmt"/>
        <line num="410" count="707862" type="stmt"/>
        <line num="411" count="707862" type="stmt"/>
        <line num="413" count="33168" type="cond" truecount="1" falsecount="0"/>
        <line num="414" count="33168" type="stmt"/>
        <line num="415" count="33168" type="stmt"/>
        <line num="417" count="3548976" type="cond" truecount="1" falsecount="0"/>
        <line num="418" count="3548976" type="cond" truecount="1" falsecount="0"/>
        <line num="419" count="1" type="stmt"/>
        <line num="420" count="1" type="cond" truecount="1" falsecount="0"/>
        <line num="422" count="3548976" type="cond" truecount="3" falsecount="0"/>
        <line num="423" count="2719775" type="stmt"/>
        <line num="424" count="2719775" type="cond" truecount="1" falsecount="0"/>
        <line num="425" count="3548976" type="cond" truecount="0" falsecount="1"/>
        <line num="426" count="0" type="stmt"/>
        <line num="427" count="0" type="cond" truecount="1" falsecount="0"/>
        <line num="428" count="3548976" type="cond" truecount="0" falsecount="1"/>
        <line num="429" count="0" type="stmt"/>
        <line num="430" count="0" type="cond" truecount="1" falsecount="0"/>
        <line num="431" count="3548976" type="cond" truecount="0" falsecount="1"/>
        <line num="432" count="0" type="stmt"/>
        <line num="433" count="0" type="cond" truecount="1" falsecount="0"/>
        <line num="435" count="3548976" type="cond" truecount="1" falsecount="0"/>
        <line num="436" count="165840" type="cond" truecount="1" falsecount="0"/>
        <line num="437" count="165840" type="cond" truecount="1" falsecount="0"/>
        <line num="439" count="663360" type="cond" truecount="1" falsecount="0"/>
        <line num="440" count="663360" type="stmt"/>
        <line num="441" count="663360" type="cond" truecount="1" falsecount="0"/>
        <line num="442" count="663360" type="stmt"/>
        <line num="443" count="663360" type="stmt"/>
        <line num="444" count="663360" type="stmt"/>
        <line num="446" count="33168" type="cond" truecount="1" falsecount="0"/>
        <line num="447" count="33168" type="stmt"/>
        <line num="448" count="33168" type="cond" truecount="1" falsecount="0"/>
        <line num="449" count="36417552" type="stmt"/>
        <line num="450" count="36417552" type="stmt"/>
        <line num="451" count="36417552" type="stmt"/>
        <line num="452" count="33168" type="stmt"/>
        <line num="453" count="33168" type="stmt"/>
        <line num="455" count="0" type="stmt"/>
        <line num="456" count="0" type="stmt"/>
        <line num="457" count="0" type="stmt"/>
      </file>
      <file name="index.ts" path="C:\board-game-app\src\games\splendor\index.ts">
        <metrics statements="10" coveredstatements="10" conditionals="0" coveredconditionals="0" methods="0" coveredmethods="0"/>
        <line num="3" count="1" type="stmt"/>
        <line num="6" count="1" type="stmt"/>
        <line num="7" count="1" type="stmt"/>
        <line num="8" count="1" type="stmt"/>
        <line num="9" count="1" type="stmt"/>
        <line num="10" count="1" type="stmt"/>
        <line num="11" count="1" type="stmt"/>
        <line num="12" count="1" type="stmt"/>
        <line num="13" count="1" type="stmt"/>
        <line num="14" count="1" type="stmt"/>
      </file>
      <file name="state.ts" path="C:\board-game-app\src\games\splendor\state.ts">
        <metrics statements="101" coveredstatements="97" conditionals="9" coveredconditionals="7" methods="3" coveredmethods="3"/>
        <line num="14" count="1" type="stmt"/>
        <line num="15" count="1" type="stmt"/>
        <line num="17" count="1" type="stmt"/>
        <line num="18" count="1" type="stmt"/>
        <line num="19" count="1" type="stmt"/>
        <line num="20" count="1" type="stmt"/>
        <line num="21" count="1" type="stmt"/>
        <line num="22" count="1" type="stmt"/>
        <line num="23" count="1" type="stmt"/>
        <line num="24" count="1" type="stmt"/>
        <line num="25" count="1" type="stmt"/>
        <line num="26" count="1" type="stmt"/>
        <line num="27" count="1" type="stmt"/>
        <line num="28" count="1" type="stmt"/>
        <line num="29" count="1" type="stmt"/>
        <line num="30" count="1" type="stmt"/>
        <line num="31" count="1" type="stmt"/>
        <line num="32" count="1" type="stmt"/>
        <line num="33" count="1" type="stmt"/>
        <line num="34" count="1" type="stmt"/>
        <line num="35" count="1" type="stmt"/>
        <line num="36" count="1" type="stmt"/>
        <line num="37" count="1" type="stmt"/>
        <line num="38" count="1" type="stmt"/>
        <line num="39" count="1" type="stmt"/>
        <line num="40" count="1" type="stmt"/>
        <line num="41" count="1" type="stmt"/>
        <line num="42" count="1" type="stmt"/>
        <line num="43" count="1" type="stmt"/>
        <line num="44" count="1" type="stmt"/>
        <line num="45" count="1" type="stmt"/>
        <line num="46" count="1" type="stmt"/>
        <line num="47" count="1" type="stmt"/>
        <line num="48" count="1" type="stmt"/>
        <line num="49" count="1" type="stmt"/>
        <line num="50" count="1" type="stmt"/>
        <line num="51" count="1" type="stmt"/>
        <line num="52" count="1" type="stmt"/>
        <line num="53" count="1" type="stmt"/>
        <line num="54" count="1" type="stmt"/>
        <line num="55" count="1" type="stmt"/>
        <line num="56" count="1" type="stmt"/>
        <line num="57" count="1" type="stmt"/>
        <line num="58" count="1" type="stmt"/>
        <line num="82" count="1" type="cond" truecount="1" falsecount="0"/>
        <line num="83" count="18" type="stmt"/>
        <line num="84" count="18" type="stmt"/>
        <line num="85" count="18" type="stmt"/>
        <line num="86" count="18" type="stmt"/>
        <line num="87" count="18" type="stmt"/>
        <line num="88" count="18" type="stmt"/>
        <line num="89" count="18" type="stmt"/>
        <line num="90" count="18" type="stmt"/>
        <line num="91" count="18" type="stmt"/>
        <line num="93" count="1" type="cond" truecount="1" falsecount="0"/>
        <line num="94" count="9" type="cond" truecount="0" falsecount="1"/>
        <line num="95" count="0" type="stmt"/>
        <line num="96" count="0" type="stmt"/>
        <line num="97" count="9" type="stmt"/>
        <line num="98" count="9" type="cond" truecount="0" falsecount="1"/>
        <line num="99" count="0" type="stmt"/>
        <line num="100" count="0" type="stmt"/>
        <line num="102" count="9" type="stmt"/>
        <line num="103" count="9" type="stmt"/>
        <line num="104" count="9" type="stmt"/>
        <line num="105" count="9" type="stmt"/>
        <line num="106" count="9" type="stmt"/>
        <line num="107" count="9" type="stmt"/>
        <line num="108" count="9" type="cond" truecount="1" falsecount="0"/>
        <line num="109" count="18" type="stmt"/>
        <line num="110" count="18" type="stmt"/>
        <line num="111" count="18" type="stmt"/>
        <line num="112" count="18" type="stmt"/>
        <line num="113" count="18" type="stmt"/>
        <line num="114" count="18" type="stmt"/>
        <line num="115" count="18" type="stmt"/>
        <line num="116" count="18" type="stmt"/>
        <line num="117" count="18" type="stmt"/>
        <line num="118" count="18" type="stmt"/>
        <line num="119" count="18" type="stmt"/>
        <line num="120" count="9" type="stmt"/>
        <line num="121" count="9" type="stmt"/>
        <line num="122" count="9" type="stmt"/>
        <line num="123" count="9" type="stmt"/>
        <line num="124" count="9" type="stmt"/>
        <line num="125" count="9" type="stmt"/>
        <line num="126" count="9" type="stmt"/>
        <line num="127" count="9" type="stmt"/>
        <line num="128" count="9" type="stmt"/>
        <line num="129" count="9" type="cond" truecount="1" falsecount="0"/>
        <line num="130" count="54" type="stmt"/>
        <line num="131" count="54" type="stmt"/>
        <line num="132" count="9" type="stmt"/>
        <line num="133" count="9" type="cond" truecount="1" falsecount="0"/>
        <line num="134" count="9" type="stmt"/>
        <line num="135" count="9" type="stmt"/>
        <line num="136" count="9" type="stmt"/>
        <line num="137" count="9" type="stmt"/>
        <line num="139" count="1" type="cond" truecount="1" falsecount="0"/>
        <line num="140" count="707302" type="cond" truecount="1" falsecount="0"/>
        <line num="141" count="707302" type="stmt"/>
      </file>
    </package>
    <package name="games.tictactoe">
      <metrics statements="216" coveredstatements="190" conditionals="69" coveredconditionals="56" methods="16" coveredmethods="16"/>
      <file name="actions.ts" path="C:\board-game-app\src\games\tictactoe\actions.ts">
        <metrics statements="7" coveredstatements="7" conditionals="1" coveredconditionals="1" methods="1" coveredmethods="1"/>
        <line num="10" count="1" type="cond" truecount="1" falsecount="0"/>
        <line num="11" count="97898" type="stmt"/>
        <line num="12" count="97898" type="stmt"/>
        <line num="13" count="97898" type="stmt"/>
        <line num="14" count="97898" type="stmt"/>
        <line num="15" count="97898" type="stmt"/>
        <line num="16" count="97898" type="stmt"/>
      </file>
      <file name="engine.ts" path="C:\board-game-app\src\games\tictactoe\engine.ts">
        <metrics statements="182" coveredstatements="156" conditionals="66" coveredconditionals="53" methods="14" coveredmethods="14"/>
        <line num="2" count="1" type="stmt"/>
        <line num="3" count="1" type="stmt"/>
        <line num="5" count="1" type="stmt"/>
        <line num="6" count="1" type="stmt"/>
        <line num="7" count="1" type="stmt"/>
        <line num="8" count="1" type="stmt"/>
        <line num="9" count="1" type="stmt"/>
        <line num="10" count="1" type="stmt"/>
        <line num="11" count="1" type="stmt"/>
        <line num="12" count="1" type="stmt"/>
        <line num="13" count="1" type="stmt"/>
        <line num="14" count="1" type="stmt"/>
        <line num="16" count="1" type="cond" truecount="1" falsecount="0"/>
        <line num="17" count="6" type="stmt"/>
        <line num="18" count="6" type="stmt"/>
        <line num="20" count="1" type="cond" truecount="1" falsecount="0"/>
        <line num="21" count="24799" type="cond" truecount="0" falsecount="1"/>
        <line num="22" count="0" type="stmt"/>
        <line num="23" count="0" type="stmt"/>
        <line num="25" count="24799" type="stmt"/>
        <line num="26" count="24799" type="cond" truecount="1" falsecount="0"/>
        <line num="27" count="223191" type="cond" truecount="1" falsecount="0"/>
        <line num="28" count="97879" type="stmt"/>
        <line num="29" count="97879" type="stmt"/>
        <line num="30" count="223191" type="stmt"/>
        <line num="31" count="24799" type="stmt"/>
        <line num="32" count="24799" type="stmt"/>
        <line num="34" count="1" type="cond" truecount="1" falsecount="0"/>
        <line num="35" count="15970" type="stmt"/>
        <line num="36" count="15970" type="stmt"/>
        <line num="37" count="15970" type="stmt"/>
        <line num="38" count="15970" type="stmt"/>
        <line num="39" count="15970" type="stmt"/>
        <line num="41" count="15970" type="cond" truecount="0" falsecount="1"/>
        <line num="42" count="0" type="stmt"/>
        <line num="43" count="0" type="stmt"/>
        <line num="44" count="15970" type="cond" truecount="0" falsecount="1"/>
        <line num="45" count="0" type="stmt"/>
        <line num="46" count="0" type="stmt"/>
        <line num="47" count="15970" type="cond" truecount="0" falsecount="1"/>
        <line num="48" count="0" type="stmt"/>
        <line num="49" count="0" type="stmt"/>
        <line num="51" count="15970" type="stmt"/>
        <line num="52" count="15970" type="cond" truecount="0" falsecount="1"/>
        <line num="53" count="0" type="stmt"/>
        <line num="54" count="0" type="stmt"/>
        <line num="55" count="15970" type="cond" truecount="0" falsecount="1"/>
        <line num="56" count="0" type="stmt"/>
        <line num="57" count="0" type="stmt"/>
        <line num="59" count="15970" type="stmt"/>
        <line num="60" count="15970" type="cond" truecount="1" falsecount="0"/>
        <line num="61" count="15970" type="cond" truecount="0" falsecount="1"/>
        <line num="62" count="0" type="stmt"/>
        <line num="63" count="0" type="stmt"/>
        <line num="65" count="15970" type="stmt"/>
        <line num="66" count="15970" type="stmt"/>
        <line num="67" count="15970" type="stmt"/>
        <line num="69" count="15970" type="stmt"/>
        <line num="70" count="15970" type="stmt"/>
        <line num="72" count="15970" type="stmt"/>
        <line num="73" count="15970" type="cond" truecount="1" falsecount="0"/>
        <line num="74" count="2643" type="stmt"/>
        <line num="75" count="2643" type="stmt"/>
        <line num="77" count="15970" type="stmt"/>
        <line num="78" count="15970" type="cond" truecount="1" falsecount="0"/>
        <line num="79" count="13326" type="stmt"/>
        <line num="80" count="13326" type="stmt"/>
        <line num="81" count="13326" type="stmt"/>
        <line num="82" count="15970" type="cond" truecount="1" falsecount="0"/>
        <line num="83" count="2644" type="stmt"/>
        <line num="84" count="2644" type="stmt"/>
        <line num="85" count="2644" type="stmt"/>
        <line num="87" count="15970" type="stmt"/>
        <line num="88" count="15970" type="stmt"/>
        <line num="89" count="15970" type="stmt"/>
        <line num="90" count="15970" type="stmt"/>
        <line num="91" count="15970" type="cond" truecount="2" falsecount="0"/>
        <line num="92" count="15970" type="stmt"/>
        <line num="93" count="15970" type="stmt"/>
        <line num="94" count="15970" type="stmt"/>
        <line num="95" count="15970" type="stmt"/>
        <line num="96" count="15970" type="stmt"/>
        <line num="97" count="15970" type="stmt"/>
        <line num="98" count="15970" type="stmt"/>
        <line num="99" count="15970" type="stmt"/>
        <line num="100" count="15970" type="stmt"/>
        <line num="101" count="15970" type="stmt"/>
        <line num="102" count="15970" type="stmt"/>
        <line num="103" count="15970" type="stmt"/>
        <line num="104" count="15970" type="stmt"/>
        <line num="106" count="1" type="cond" truecount="1" falsecount="0"/>
        <line num="107" count="67162" type="cond" truecount="3" falsecount="0"/>
        <line num="108" count="67162" type="stmt"/>
        <line num="110" count="1" type="cond" truecount="1" falsecount="0"/>
        <line num="111" count="2648" type="cond" truecount="1" falsecount="0"/>
        <line num="112" count="2" type="stmt"/>
        <line num="113" count="2" type="cond" truecount="1" falsecount="0"/>
        <line num="114" count="2648" type="cond" truecount="2" falsecount="0"/>
        <line num="115" count="2648" type="stmt"/>
        <line num="117" count="1" type="stmt"/>
        <line num="118" count="1" type="stmt"/>
        <line num="119" count="1" type="stmt"/>
        <line num="120" count="1" type="stmt"/>
        <line num="121" count="1" type="stmt"/>
        <line num="122" count="1" type="stmt"/>
        <line num="123" count="1" type="stmt"/>
        <line num="125" count="15970" type="cond" truecount="1" falsecount="0"/>
        <line num="126" count="15970" type="stmt"/>
        <line num="127" count="15970" type="stmt"/>
        <line num="128" count="15970" type="stmt"/>
        <line num="129" count="15970" type="stmt"/>
        <line num="130" count="15970" type="stmt"/>
        <line num="131" count="15970" type="stmt"/>
        <line num="133" count="15970" type="cond" truecount="1" falsecount="0"/>
        <line num="134" count="15970" type="cond" truecount="1" falsecount="0"/>
        <line num="135" count="15970" type="cond" truecount="0" falsecount="1"/>
        <line num="136" count="0" type="stmt"/>
        <line num="137" count="0" type="stmt"/>
        <line num="138" count="15970" type="stmt"/>
        <line num="139" count="15970" type="stmt"/>
        <line num="141" count="13326" type="cond" truecount="1" falsecount="0"/>
        <line num="142" count="13326" type="cond" truecount="1" falsecount="0"/>
        <line num="143" count="13326" type="cond" truecount="0" falsecount="1"/>
        <line num="144" count="0" type="stmt"/>
        <line num="145" count="0" type="stmt"/>
        <line num="146" count="13326" type="stmt"/>
        <line num="147" count="13326" type="stmt"/>
        <line num="149" count="15970" type="cond" truecount="1" falsecount="0"/>
        <line num="150" count="15970" type="cond" truecount="1" falsecount="0"/>
        <line num="151" count="118859" type="stmt"/>
        <line num="152" count="118859" type="cond" truecount="3" falsecount="0"/>
        <line num="153" count="2643" type="stmt"/>
        <line num="154" count="2643" type="stmt"/>
        <line num="155" count="118859" type="cond" truecount="1" falsecount="0"/>
        <line num="156" count="13327" type="stmt"/>
        <line num="157" count="13327" type="stmt"/>
        <line num="159" count="2643" type="cond" truecount="1" falsecount="0"/>
        <line num="160" count="2643" type="cond" truecount="1" falsecount="0"/>
        <line num="161" count="2643" type="cond" truecount="0" falsecount="1"/>
        <line num="162" count="0" type="stmt"/>
        <line num="163" count="0" type="stmt"/>
        <line num="164" count="2643" type="stmt"/>
        <line num="165" count="2643" type="stmt"/>
        <line num="167" count="62924" type="cond" truecount="1" falsecount="0"/>
        <line num="168" count="62924" type="cond" truecount="1" falsecount="0"/>
        <line num="169" count="62924" type="stmt"/>
        <line num="171" count="31940" type="cond" truecount="1" falsecount="0"/>
        <line num="172" count="31940" type="stmt"/>
        <line num="173" count="31940" type="stmt"/>
        <line num="175" count="798500" type="cond" truecount="1" falsecount="0"/>
        <line num="176" count="798500" type="cond" truecount="1" falsecount="0"/>
        <line num="177" count="147347" type="stmt"/>
        <line num="178" count="147347" type="cond" truecount="1" falsecount="0"/>
        <line num="180" count="798500" type="cond" truecount="3" falsecount="0"/>
        <line num="181" count="491453" type="stmt"/>
        <line num="182" count="491453" type="cond" truecount="1" falsecount="0"/>
        <line num="183" count="798500" type="cond" truecount="0" falsecount="1"/>
        <line num="184" count="0" type="stmt"/>
        <line num="185" count="0" type="cond" truecount="1" falsecount="0"/>
        <line num="186" count="798500" type="cond" truecount="0" falsecount="1"/>
        <line num="187" count="0" type="stmt"/>
        <line num="188" count="0" type="cond" truecount="1" falsecount="0"/>
        <line num="189" count="798500" type="cond" truecount="0" falsecount="1"/>
        <line num="190" count="0" type="stmt"/>
        <line num="191" count="0" type="cond" truecount="1" falsecount="0"/>
        <line num="193" count="798500" type="cond" truecount="1" falsecount="0"/>
        <line num="194" count="63880" type="cond" truecount="1" falsecount="0"/>
        <line num="195" count="63880" type="cond" truecount="1" falsecount="0"/>
        <line num="197" count="95820" type="cond" truecount="1" falsecount="0"/>
        <line num="198" count="95820" type="stmt"/>
        <line num="199" count="95820" type="cond" truecount="1" falsecount="0"/>
        <line num="200" count="95820" type="stmt"/>
        <line num="201" count="95820" type="stmt"/>
        <line num="202" count="95820" type="stmt"/>
        <line num="204" count="31940" type="cond" truecount="1" falsecount="0"/>
        <line num="205" count="31940" type="stmt"/>
        <line num="206" count="31940" type="cond" truecount="1" falsecount="0"/>
        <line num="207" count="6934583" type="stmt"/>
        <line num="208" count="6934583" type="stmt"/>
        <line num="209" count="6934583" type="stmt"/>
        <line num="210" count="31940" type="stmt"/>
        <line num="211" count="31940" type="stmt"/>
      </file>
      <file name="index.ts" path="C:\board-game-app\src\games\tictactoe\index.ts">
        <metrics statements="10" coveredstatements="10" conditionals="0" coveredconditionals="0" methods="0" coveredmethods="0"/>
        <line num="3" count="1" type="stmt"/>
        <line num="6" count="1" type="stmt"/>
        <line num="7" count="1" type="stmt"/>
        <line num="8" count="1" type="stmt"/>
        <line num="9" count="1" type="stmt"/>
        <line num="10" count="1" type="stmt"/>
        <line num="11" count="1" type="stmt"/>
        <line num="12" count="1" type="stmt"/>
        <line num="13" count="1" type="stmt"/>
        <line num="14" count="1" type="stmt"/>
      </file>
      <file name="state.ts" path="C:\board-game-app\src\games\tictactoe\state.ts">
        <metrics statements="17" coveredstatements="17" conditionals="2" coveredconditionals="2" methods="1" coveredmethods="1"/>
        <line num="23" count="1" type="stmt"/>
        <line num="25" count="1" type="cond" truecount="1" falsecount="0"/>
        <line num="26" count="6" type="stmt"/>
        <line num="27" count="6" type="stmt"/>
        <line num="28" count="6" type="stmt"/>
        <line num="29" count="6" type="stmt"/>
        <line num="30" count="6" type="stmt"/>
        <line num="31" count="6" type="stmt"/>
        <line num="32" count="6" type="stmt"/>
        <line num="33" count="6" type="stmt"/>
        <line num="34" count="6" type="stmt"/>
        <line num="35" count="6" type="stmt"/>
        <line num="36" count="6" type="cond" truecount="1" falsecount="0"/>
        <line num="37" count="6" type="stmt"/>
        <line num="38" count="6" type="stmt"/>
        <line num="39" count="6" type="stmt"/>
        <line num="40" count="6" type="stmt"/>
      </file>
    </package>
  </project>
</coverage>
