<?xml version="1.0" encoding="UTF-8"?>
<coverage generated="1772350564046" clover="3.2.0">
  <project timestamp="1772350564046" name="All files">
    <metrics statements="3878" coveredstatements="3175" conditionals="1041" coveredconditionals="779" methods="211" coveredmethods="199" elements="5130" coveredelements="4153" complexity="0" loc="3878" ncloc="3878" packages="9" files="34" classes="34"/>
    <package name="scripts">
      <metrics statements="216" coveredstatements="0" conditionals="4" coveredconditionals="0" methods="4" coveredmethods="0"/>
      <file name="applyPatch.ts" path="C:\board-game-app\scripts\applyPatch.ts">
        <metrics statements="43" coveredstatements="0" conditionals="1" coveredconditionals="0" methods="1" coveredmethods="0"/>
        <line num="1" count="0" type="cond" truecount="0" falsecount="1"/>
        <line num="2" count="0" type="stmt"/>
        <line num="3" count="0" type="stmt"/>
        <line num="4" count="0" type="stmt"/>
        <line num="5" count="0" type="stmt"/>
        <line num="7" count="0" type="stmt"/>
        <line num="8" count="0" type="stmt"/>
        <line num="9" count="0" type="stmt"/>
        <line num="10" count="0" type="stmt"/>
        <line num="12" count="0" type="stmt"/>
        <line num="13" count="0" type="stmt"/>
        <line num="14" count="0" type="stmt"/>
        <line num="15" count="0" type="stmt"/>
        <line num="17" count="0" type="stmt"/>
        <line num="18" count="0" type="stmt"/>
        <line num="19" count="0" type="stmt"/>
        <line num="21" count="0" type="stmt"/>
        <line num="22" count="0" type="stmt"/>
        <line num="23" count="0" type="stmt"/>
        <line num="25" count="0" type="stmt"/>
        <line num="26" count="0" type="stmt"/>
        <line num="27" count="0" type="stmt"/>
        <line num="28" count="0" type="stmt"/>
        <line num="30" count="0" type="stmt"/>
        <line num="31" count="0" type="stmt"/>
        <line num="32" count="0" type="stmt"/>
        <line num="34" count="0" type="stmt"/>
        <line num="35" count="0" type="stmt"/>
        <line num="36" count="0" type="stmt"/>
        <line num="37" count="0" type="stmt"/>
        <line num="38" count="0" type="stmt"/>
        <line num="39" count="0" type="stmt"/>
        <line num="41" count="0" type="stmt"/>
        <line num="42" count="0" type="stmt"/>
        <line num="43" count="0" type="stmt"/>
        <line num="45" count="0" type="stmt"/>
        <line num="47" count="0" type="stmt"/>
        <line num="48" count="0" type="stmt"/>
        <line num="49" count="0" type="stmt"/>
        <line num="50" count="0" type="stmt"/>
        <line num="51" count="0" type="stmt"/>
        <line num="52" count="0" type="stmt"/>
        <line num="53" count="0" type="stmt"/>
      </file>
      <file name="rulebook2ir.ts" path="C:\board-game-app\scripts\rulebook2ir.ts">
        <metrics statements="55" coveredstatements="0" conditionals="1" coveredconditionals="0" methods="1" coveredmethods="0"/>
        <line num="1" count="0" type="cond" truecount="0" falsecount="1"/>
        <line num="2" count="0" type="stmt"/>
        <line num="3" count="0" type="stmt"/>
        <line num="4" count="0" type="stmt"/>
        <line num="5" count="0" type="stmt"/>
        <line num="6" count="0" type="stmt"/>
        <line num="8" count="0" type="stmt"/>
        <line num="9" count="0" type="stmt"/>
        <line num="10" count="0" type="stmt"/>
        <line num="12" count="0" type="stmt"/>
        <line num="13" count="0" type="stmt"/>
        <line num="14" count="0" type="stmt"/>
        <line num="15" count="0" type="stmt"/>
        <line num="17" count="0" type="stmt"/>
        <line num="18" count="0" type="stmt"/>
        <line num="19" count="0" type="stmt"/>
        <line num="21" count="0" type="stmt"/>
        <line num="22" count="0" type="stmt"/>
        <line num="23" count="0" type="stmt"/>
        <line num="24" count="0" type="stmt"/>
        <line num="26" count="0" type="stmt"/>
        <line num="28" count="0" type="stmt"/>
        <line num="29" count="0" type="stmt"/>
        <line num="30" count="0" type="stmt"/>
        <line num="31" count="0" type="stmt"/>
        <line num="32" count="0" type="stmt"/>
        <line num="34" count="0" type="stmt"/>
        <line num="35" count="0" type="stmt"/>
        <line num="36" count="0" type="stmt"/>
        <line num="37" count="0" type="stmt"/>
        <line num="38" count="0" type="stmt"/>
        <line num="39" count="0" type="stmt"/>
        <line num="40" count="0" type="stmt"/>
        <line num="42" count="0" type="stmt"/>
        <line num="43" count="0" type="stmt"/>
        <line num="44" count="0" type="stmt"/>
        <line num="45" count="0" type="stmt"/>
        <line num="46" count="0" type="stmt"/>
        <line num="47" count="0" type="stmt"/>
        <line num="48" count="0" type="stmt"/>
        <line num="50" count="0" type="stmt"/>
        <line num="52" count="0" type="stmt"/>
        <line num="53" count="0" type="stmt"/>
        <line num="54" count="0" type="stmt"/>
        <line num="55" count="0" type="stmt"/>
        <line num="56" count="0" type="stmt"/>
        <line num="57" count="0" type="stmt"/>
        <line num="58" count="0" type="stmt"/>
        <line num="60" count="0" type="stmt"/>
        <line num="61" count="0" type="stmt"/>
        <line num="62" count="0" type="stmt"/>
        <line num="63" count="0" type="stmt"/>
        <line num="64" count="0" type="stmt"/>
        <line num="65" count="0" type="stmt"/>
        <line num="66" count="0" type="stmt"/>
      </file>
      <file name="rulebookRun.ts" path="C:\board-game-app\scripts\rulebookRun.ts">
        <metrics statements="63" coveredstatements="0" conditionals="1" coveredconditionals="0" methods="1" coveredmethods="0"/>
        <line num="1" count="0" type="cond" truecount="0" falsecount="1"/>
        <line num="2" count="0" type="stmt"/>
        <line num="3" count="0" type="stmt"/>
        <line num="5" count="0" type="stmt"/>
        <line num="6" count="0" type="stmt"/>
        <line num="7" count="0" type="stmt"/>
        <line num="8" count="0" type="stmt"/>
        <line num="9" count="0" type="stmt"/>
        <line num="10" count="0" type="stmt"/>
        <line num="12" count="0" type="stmt"/>
        <line num="13" count="0" type="stmt"/>
        <line num="14" count="0" type="stmt"/>
        <line num="15" count="0" type="stmt"/>
        <line num="17" count="0" type="stmt"/>
        <line num="18" count="0" type="stmt"/>
        <line num="19" count="0" type="stmt"/>
        <line num="21" count="0" type="stmt"/>
        <line num="22" count="0" type="stmt"/>
        <line num="23" count="0" type="stmt"/>
        <line num="24" count="0" type="stmt"/>
        <line num="25" count="0" type="stmt"/>
        <line num="26" count="0" type="stmt"/>
        <line num="27" count="0" type="stmt"/>
        <line num="29" count="0" type="stmt"/>
        <line num="30" count="0" type="stmt"/>
        <line num="31" count="0" type="stmt"/>
        <line num="32" count="0" type="stmt"/>
        <line num="34" count="0" type="stmt"/>
        <line num="35" count="0" type="stmt"/>
        <line num="36" count="0" type="stmt"/>
        <line num="38" count="0" type="stmt"/>
        <line num="39" count="0" type="stmt"/>
        <line num="40" count="0" type="stmt"/>
        <line num="41" count="0" type="stmt"/>
        <line num="42" count="0" type="stmt"/>
        <line num="43" count="0" type="stmt"/>
        <line num="45" count="0" type="stmt"/>
        <line num="46" count="0" type="stmt"/>
        <line num="47" count="0" type="stmt"/>
        <line num="48" count="0" type="stmt"/>
        <line num="49" count="0" type="stmt"/>
        <line num="51" count="0" type="stmt"/>
        <line num="53" count="0" type="stmt"/>
        <line num="54" count="0" type="stmt"/>
        <line num="55" count="0" type="stmt"/>
        <line num="56" count="0" type="stmt"/>
        <line num="57" count="0" type="stmt"/>
        <line num="58" count="0" type="stmt"/>
        <line num="59" count="0" type="stmt"/>
        <line num="61" count="0" type="stmt"/>
        <line num="62" count="0" type="stmt"/>
        <line num="63" count="0" type="stmt"/>
        <line num="64" count="0" type="stmt"/>
        <line num="65" count="0" type="stmt"/>
        <line num="66" count="0" type="stmt"/>
        <line num="67" count="0" type="stmt"/>
        <line num="69" count="0" type="stmt"/>
        <line num="70" count="0" type="stmt"/>
        <line num="71" count="0" type="stmt"/>
        <line num="72" count="0" type="stmt"/>
        <line num="73" count="0" type="stmt"/>
        <line num="74" count="0" type="stmt"/>
        <line num="75" count="0" type="stmt"/>
      </file>
      <file name="simulate.ts" path="C:\board-game-app\scripts\simulate.ts">
        <metrics statements="55" coveredstatements="0" conditionals="1" coveredconditionals="0" methods="1" coveredmethods="0"/>
        <line num="1" count="0" type="cond" truecount="0" falsecount="1"/>
        <line num="2" count="0" type="stmt"/>
        <line num="3" count="0" type="stmt"/>
        <line num="4" count="0" type="stmt"/>
        <line num="5" count="0" type="stmt"/>
        <line num="6" count="0" type="stmt"/>
        <line num="8" count="0" type="stmt"/>
        <line num="9" count="0" type="stmt"/>
        <line num="10" count="0" type="stmt"/>
        <line num="11" count="0" type="stmt"/>
        <line num="13" count="0" type="stmt"/>
        <line num="14" count="0" type="stmt"/>
        <line num="15" count="0" type="stmt"/>
        <line num="16" count="0" type="stmt"/>
        <line num="18" count="0" type="stmt"/>
        <line num="19" count="0" type="stmt"/>
        <line num="20" count="0" type="stmt"/>
        <line num="21" count="0" type="stmt"/>
        <line num="23" count="0" type="stmt"/>
        <line num="24" count="0" type="stmt"/>
        <line num="25" count="0" type="stmt"/>
        <line num="26" count="0" type="stmt"/>
        <line num="27" count="0" type="stmt"/>
        <line num="28" count="0" type="stmt"/>
        <line num="29" count="0" type="stmt"/>
        <line num="31" count="0" type="stmt"/>
        <line num="32" count="0" type="stmt"/>
        <line num="33" count="0" type="stmt"/>
        <line num="34" count="0" type="stmt"/>
        <line num="35" count="0" type="stmt"/>
        <line num="36" count="0" type="stmt"/>
        <line num="37" count="0" type="stmt"/>
        <line num="38" count="0" type="stmt"/>
        <line num="39" count="0" type="stmt"/>
        <line num="40" count="0" type="stmt"/>
        <line num="41" count="0" type="stmt"/>
        <line num="42" count="0" type="stmt"/>
        <line num="43" count="0" type="stmt"/>
        <line num="44" count="0" type="stmt"/>
        <line num="45" count="0" type="stmt"/>
        <line num="46" count="0" type="stmt"/>
        <line num="47" count="0" type="stmt"/>
        <line num="48" count="0" type="stmt"/>
        <line num="50" count="0" type="stmt"/>
        <line num="51" count="0" type="stmt"/>
        <line num="52" count="0" type="stmt"/>
        <line num="53" count="0" type="stmt"/>
        <line num="54" count="0" type="stmt"/>
        <line num="56" count="0" type="stmt"/>
        <line num="57" count="0" type="stmt"/>
        <line num="58" count="0" type="stmt"/>
        <line num="59" count="0" type="stmt"/>
        <line num="60" count="0" type="stmt"/>
        <line num="61" count="0" type="stmt"/>
        <line num="62" count="0" type="stmt"/>
      </file>
    </package>
    <package name="src.bots">
      <metrics statements="211" coveredstatements="182" conditionals="97" coveredconditionals="73" methods="16" coveredmethods="14"/>
      <file name="greedyBot.ts" path="C:\board-game-app\src\bots\greedyBot.ts">
        <metrics statements="198" coveredstatements="171" conditionals="93" coveredconditionals="70" methods="12" coveredmethods="11"/>
        <line num="4" count="1" type="stmt"/>
        <line num="5" count="1" type="stmt"/>
        <line num="6" count="1" type="stmt"/>
        <line num="7" count="1" type="stmt"/>
        <line num="8" count="1" type="stmt"/>
        <line num="9" count="1" type="stmt"/>
        <line num="10" count="1" type="stmt"/>
        <line num="11" count="1" type="stmt"/>
        <line num="12" count="1" type="stmt"/>
        <line num="13" count="1" type="stmt"/>
        <line num="15" count="1" type="cond" truecount="1" falsecount="0"/>
        <line num="16" count="3" type="stmt"/>
        <line num="17" count="3" type="stmt"/>
        <line num="18" count="3" type="cond" truecount="1" falsecount="0"/>
        <line num="19" count="142" type="stmt"/>
        <line num="20" count="142" type="cond" truecount="1" falsecount="0"/>
        <line num="21" count="36" type="stmt"/>
        <line num="22" count="36" type="cond" truecount="1" falsecount="0"/>
        <line num="24" count="106" type="stmt"/>
        <line num="25" count="142" type="cond" truecount="1" falsecount="0"/>
        <line num="26" count="56" type="stmt"/>
        <line num="27" count="56" type="cond" truecount="2" falsecount="0"/>
        <line num="29" count="122" type="cond" truecount="0" falsecount="1"/>
        <line num="30" count="0" type="stmt"/>
        <line num="31" count="0" type="cond" truecount="1" falsecount="0"/>
        <line num="32" count="50" type="stmt"/>
        <line num="33" count="50" type="stmt"/>
        <line num="34" count="142" type="stmt"/>
        <line num="35" count="3" type="stmt"/>
        <line num="36" count="3" type="stmt"/>
        <line num="37" count="3" type="stmt"/>
        <line num="39" count="142" type="cond" truecount="1" falsecount="0"/>
        <line num="40" count="142" type="cond" truecount="1" falsecount="0"/>
        <line num="41" count="142" type="cond" truecount="1" falsecount="0"/>
        <line num="42" count="106" type="stmt"/>
        <line num="43" count="106" type="cond" truecount="1" falsecount="0"/>
        <line num="45" count="36" type="stmt"/>
        <line num="46" count="36" type="cond" truecount="1" falsecount="0"/>
        <line num="47" count="43" type="stmt"/>
        <line num="48" count="43" type="cond" truecount="0" falsecount="1"/>
        <line num="49" count="43" type="cond" truecount="0" falsecount="1"/>
        <line num="50" count="43" type="stmt"/>
        <line num="51" count="43" type="stmt"/>
        <line num="52" count="43" type="stmt"/>
        <line num="53" count="43" type="stmt"/>
        <line num="54" count="36" type="stmt"/>
        <line num="56" count="36" type="cond" truecount="2" falsecount="0"/>
        <line num="57" count="36" type="stmt"/>
        <line num="58" count="36" type="stmt"/>
        <line num="60" count="106" type="cond" truecount="1" falsecount="0"/>
        <line num="61" count="106" type="cond" truecount="2" falsecount="0"/>
        <line num="62" count="106" type="cond" truecount="1" falsecount="0"/>
        <line num="63" count="50" type="stmt"/>
        <line num="64" count="50" type="cond" truecount="1" falsecount="0"/>
        <line num="66" count="56" type="stmt"/>
        <line num="67" count="106" type="cond" truecount="0" falsecount="1"/>
        <line num="68" count="0" type="stmt"/>
        <line num="69" count="0" type="cond" truecount="1" falsecount="0"/>
        <line num="71" count="56" type="stmt"/>
        <line num="72" count="106" type="cond" truecount="0" falsecount="1"/>
        <line num="74" count="106" type="cond" truecount="1" falsecount="0"/>
        <line num="75" count="350" type="stmt"/>
        <line num="76" count="350" type="cond" truecount="0" falsecount="1"/>
        <line num="77" count="0" type="stmt"/>
        <line num="78" count="0" type="stmt"/>
        <line num="79" count="350" type="stmt"/>
        <line num="80" count="350" type="stmt"/>
        <line num="81" count="350" type="stmt"/>
        <line num="82" count="106" type="stmt"/>
        <line num="83" count="106" type="cond" truecount="1" falsecount="0"/>
        <line num="84" count="13" type="stmt"/>
        <line num="85" count="13" type="cond" truecount="1" falsecount="0"/>
        <line num="87" count="43" type="cond" truecount="1" falsecount="0"/>
        <line num="88" count="289" type="stmt"/>
        <line num="89" count="289" type="cond" truecount="0" falsecount="1"/>
        <line num="90" count="0" type="stmt"/>
        <line num="91" count="0" type="stmt"/>
        <line num="92" count="289" type="stmt"/>
        <line num="93" count="289" type="stmt"/>
        <line num="94" count="289" type="stmt"/>
        <line num="95" count="43" type="stmt"/>
        <line num="96" count="106" type="cond" truecount="1" falsecount="0"/>
        <line num="97" count="5" type="stmt"/>
        <line num="98" count="5" type="cond" truecount="1" falsecount="0"/>
        <line num="100" count="38" type="cond" truecount="1" falsecount="0"/>
        <line num="101" count="106" type="cond" truecount="1" falsecount="0"/>
        <line num="102" count="16" type="stmt"/>
        <line num="103" count="16" type="cond" truecount="1" falsecount="0"/>
        <line num="105" count="106" type="cond" truecount="1" falsecount="0"/>
        <line num="106" count="37" type="cond" truecount="1" falsecount="0"/>
        <line num="107" count="37" type="cond" truecount="1" falsecount="0"/>
        <line num="108" count="19" type="stmt"/>
        <line num="109" count="19" type="stmt"/>
        <line num="110" count="37" type="cond" truecount="1" falsecount="0"/>
        <line num="112" count="3" type="stmt"/>
        <line num="113" count="3" type="stmt"/>
        <line num="114" count="3" type="stmt"/>
        <line num="116" count="36" type="cond" truecount="1" falsecount="0"/>
        <line num="117" count="36" type="stmt"/>
        <line num="119" count="36" type="stmt"/>
        <line num="120" count="36" type="cond" truecount="0" falsecount="1"/>
        <line num="121" count="0" type="stmt"/>
        <line num="122" count="0" type="stmt"/>
        <line num="124" count="36" type="stmt"/>
        <line num="125" count="36" type="stmt"/>
        <line num="126" count="36" type="cond" truecount="1" falsecount="0"/>
        <line num="127" count="216" type="stmt"/>
        <line num="128" count="216" type="stmt"/>
        <line num="129" count="216" type="stmt"/>
        <line num="130" count="216" type="stmt"/>
        <line num="131" count="216" type="stmt"/>
        <line num="132" count="36" type="stmt"/>
        <line num="134" count="36" type="cond" truecount="0" falsecount="1"/>
        <line num="135" count="36" type="cond" truecount="0" falsecount="1"/>
        <line num="136" count="0" type="stmt"/>
        <line num="137" count="0" type="stmt"/>
        <line num="138" count="0" type="stmt"/>
        <line num="139" count="0" type="stmt"/>
        <line num="140" count="0" type="stmt"/>
        <line num="141" count="0" type="stmt"/>
        <line num="142" count="0" type="stmt"/>
        <line num="144" count="36" type="stmt"/>
        <line num="145" count="36" type="stmt"/>
        <line num="147" count="56" type="cond" truecount="1" falsecount="0"/>
        <line num="148" count="56" type="stmt"/>
        <line num="149" count="56" type="cond" truecount="0" falsecount="1"/>
        <line num="150" count="0" type="stmt"/>
        <line num="151" count="0" type="stmt"/>
        <line num="153" count="56" type="cond" truecount="1" falsecount="0"/>
        <line num="154" count="36" type="stmt"/>
        <line num="155" count="36" type="stmt"/>
        <line num="156" count="36" type="cond" truecount="4" falsecount="0"/>
        <line num="157" count="36" type="stmt"/>
        <line num="158" count="36" type="cond" truecount="1" falsecount="0"/>
        <line num="160" count="20" type="stmt"/>
        <line num="161" count="56" type="cond" truecount="3" falsecount="0"/>
        <line num="162" count="20" type="stmt"/>
        <line num="163" count="20" type="cond" truecount="1" falsecount="0"/>
        <line num="164" count="60" type="cond" truecount="1" falsecount="0"/>
        <line num="165" count="180" type="cond" truecount="3" falsecount="0"/>
        <line num="166" count="180" type="stmt"/>
        <line num="167" count="60" type="stmt"/>
        <line num="168" count="20" type="stmt"/>
        <line num="169" count="20" type="stmt"/>
        <line num="170" count="20" type="stmt"/>
        <line num="171" count="20" type="cond" truecount="0" falsecount="1"/>
        <line num="173" count="0" type="stmt"/>
        <line num="174" count="0" type="stmt"/>
        <line num="176" count="56" type="cond" truecount="1" falsecount="0"/>
        <line num="177" count="56" type="stmt"/>
        <line num="178" count="56" type="cond" truecount="0" falsecount="1"/>
        <line num="179" count="0" type="stmt"/>
        <line num="180" count="0" type="stmt"/>
        <line num="182" count="56" type="cond" truecount="0" falsecount="1"/>
        <line num="183" count="56" type="cond" truecount="0" falsecount="1"/>
        <line num="184" count="0" type="stmt"/>
        <line num="185" count="0" type="stmt"/>
        <line num="187" count="56" type="cond" truecount="1" falsecount="0"/>
        <line num="188" count="36" type="stmt"/>
        <line num="189" count="36" type="cond" truecount="1" falsecount="0"/>
        <line num="190" count="36" type="cond" truecount="1" falsecount="0"/>
        <line num="191" count="36" type="stmt"/>
        <line num="192" count="36" type="cond" truecount="0" falsecount="1"/>
        <line num="193" count="36" type="stmt"/>
        <line num="194" count="36" type="stmt"/>
        <line num="195" count="36" type="cond" truecount="1" falsecount="0"/>
        <line num="197" count="20" type="stmt"/>
        <line num="198" count="56" type="cond" truecount="0" falsecount="1"/>
        <line num="199" count="56" type="cond" truecount="1" falsecount="0"/>
        <line num="200" count="56" type="cond" truecount="1" falsecount="1"/>
        <line num="201" count="20" type="stmt"/>
        <line num="202" count="20" type="cond" truecount="0" falsecount="1"/>
        <line num="204" count="56" type="cond" truecount="0" falsecount="1"/>
        <line num="205" count="56" type="stmt"/>
        <line num="207" count="899" type="cond" truecount="1" falsecount="0"/>
        <line num="208" count="899" type="cond" truecount="1" falsecount="0"/>
        <line num="209" count="568" type="stmt"/>
        <line num="210" count="568" type="cond" truecount="0" falsecount="1"/>
        <line num="211" count="568" type="cond" truecount="1" falsecount="0"/>
        <line num="212" count="331" type="stmt"/>
        <line num="213" count="331" type="stmt"/>
        <line num="214" count="331" type="stmt"/>
        <line num="215" count="331" type="stmt"/>
        <line num="216" count="331" type="stmt"/>
        <line num="217" count="331" type="stmt"/>
        <line num="218" count="331" type="stmt"/>
        <line num="219" count="331" type="cond" truecount="0" falsecount="1"/>
        <line num="220" count="0" type="stmt"/>
        <line num="221" count="0" type="stmt"/>
        <line num="223" count="639" type="cond" truecount="1" falsecount="0"/>
        <line num="224" count="639" type="cond" truecount="3" falsecount="0"/>
        <line num="225" count="639" type="stmt"/>
        <line num="227" count="6" type="cond" truecount="1" falsecount="0"/>
        <line num="228" count="6" type="cond" truecount="0" falsecount="1"/>
        <line num="229" count="6" type="stmt"/>
        <line num="231" count="1474" type="cond" truecount="1" falsecount="0"/>
        <line num="232" count="1474" type="cond" truecount="3" falsecount="0"/>
        <line num="233" count="1474" type="stmt"/>
      </file>
      <file name="randomBot.ts" path="C:\board-game-app\src\bots\randomBot.ts">
        <metrics statements="13" coveredstatements="11" conditionals="3" coveredconditionals="2" methods="3" coveredmethods="2"/>
        <line num="4" count="1" type="cond" truecount="1" falsecount="0"/>
        <line num="5" count="5" type="stmt"/>
        <line num="6" count="5" type="stmt"/>
        <line num="7" count="5" type="cond" truecount="1" falsecount="0"/>
        <line num="8" count="343" type="cond" truecount="0" falsecount="1"/>
        <line num="9" count="0" type="stmt"/>
        <line num="10" count="0" type="stmt"/>
        <line num="11" count="343" type="stmt"/>
        <line num="12" count="343" type="stmt"/>
        <line num="13" count="343" type="stmt"/>
        <line num="14" count="5" type="stmt"/>
        <line num="15" count="5" type="stmt"/>
        <line num="16" count="5" type="stmt"/>
      </file>
      <file name="types.ts" path="C:\board-game-app\src\bots\types.ts">
        <metrics statements="0" coveredstatements="0" conditionals="1" coveredconditionals="1" methods="1" coveredmethods="1"/>
      </file>
    </package>
    <package name="src.engine">
      <metrics statements="206" coveredstatements="188" conditionals="65" coveredconditionals="56" methods="18" coveredmethods="16"/>
      <file name="contracts.ts" path="C:\board-game-app\src\engine\contracts.ts">
        <metrics statements="0" coveredstatements="0" conditionals="1" coveredconditionals="1" methods="1" coveredmethods="1"/>
      </file>
      <file name="invariantGate.ts" path="C:\board-game-app\src\engine\invariantGate.ts">
        <metrics statements="206" coveredstatements="188" conditionals="64" coveredconditionals="55" methods="17" coveredmethods="15"/>
        <line num="1" count="1" type="stmt"/>
        <line num="32" count="1" type="stmt"/>
        <line num="34" count="1" type="cond" truecount="1" falsecount="0"/>
        <line num="35" count="10" type="stmt"/>
        <line num="36" count="10" type="stmt"/>
        <line num="37" count="10" type="stmt"/>
        <line num="38" count="10" type="stmt"/>
        <line num="39" count="10" type="cond" truecount="0" falsecount="1"/>
        <line num="40" count="10" type="cond" truecount="0" falsecount="1"/>
        <line num="41" count="10" type="stmt"/>
        <line num="43" count="10" type="cond" truecount="1" falsecount="0"/>
        <line num="44" count="3987" type="cond" truecount="1" falsecount="0"/>
        <line num="45" count="3751" type="stmt"/>
        <line num="46" count="3751" type="stmt"/>
        <line num="47" count="3987" type="stmt"/>
        <line num="48" count="10" type="stmt"/>
        <line num="50" count="1" type="cond" truecount="1" falsecount="0"/>
        <line num="51" count="10" type="stmt"/>
        <line num="52" count="10" type="stmt"/>
        <line num="53" count="10" type="stmt"/>
        <line num="54" count="10" type="stmt"/>
        <line num="55" count="10" type="stmt"/>
        <line num="56" count="10" type="stmt"/>
        <line num="57" count="10" type="stmt"/>
        <line num="59" count="10" type="stmt"/>
        <line num="60" count="10" type="stmt"/>
        <line num="61" count="10" type="stmt"/>
        <line num="62" count="10" type="stmt"/>
        <line num="64" count="1" type="cond" truecount="1" falsecount="0"/>
        <line num="65" count="46" type="stmt"/>
        <line num="66" count="46" type="stmt"/>
        <line num="67" count="46" type="stmt"/>
        <line num="68" count="46" type="stmt"/>
        <line num="69" count="46" type="cond" truecount="1" falsecount="0"/>
        <line num="70" count="263" type="stmt"/>
        <line num="71" count="263" type="stmt"/>
        <line num="73" count="263" type="cond" truecount="1" falsecount="0"/>
        <line num="74" count="295" type="stmt"/>
        <line num="75" count="295" type="stmt"/>
        <line num="76" count="295" type="stmt"/>
        <line num="77" count="295" type="stmt"/>
        <line num="78" count="295" type="stmt"/>
        <line num="79" count="263" type="stmt"/>
        <line num="80" count="46" type="stmt"/>
        <line num="82" count="1" type="stmt"/>
        <line num="83" count="1" type="cond" truecount="1" falsecount="0"/>
        <line num="84" count="6767" type="stmt"/>
        <line num="85" count="6767" type="stmt"/>
        <line num="87" count="1" type="cond" truecount="1" falsecount="0"/>
        <line num="88" count="6767" type="stmt"/>
        <line num="89" count="6767" type="stmt"/>
        <line num="90" count="6767" type="stmt"/>
        <line num="91" count="6767" type="stmt"/>
        <line num="93" count="1" type="stmt"/>
        <line num="94" count="0" type="stmt"/>
        <line num="95" count="0" type="stmt"/>
        <line num="97" count="1" type="cond" truecount="1" falsecount="0"/>
        <line num="98" count="348" type="stmt"/>
        <line num="99" count="348" type="stmt"/>
        <line num="100" count="348" type="stmt"/>
        <line num="101" count="348" type="stmt"/>
        <line num="103" count="1" type="cond" truecount="1" falsecount="0"/>
        <line num="104" count="348" type="cond" truecount="0" falsecount="1"/>
        <line num="105" count="0" type="stmt"/>
        <line num="106" count="0" type="stmt"/>
        <line num="107" count="348" type="stmt"/>
        <line num="108" count="348" type="stmt"/>
        <line num="109" count="348" type="stmt"/>
        <line num="111" count="1" type="stmt"/>
        <line num="112" count="0" type="stmt"/>
        <line num="113" count="0" type="stmt"/>
        <line num="114" count="1" type="stmt"/>
        <line num="116" count="10" type="cond" truecount="1" falsecount="0"/>
        <line num="117" count="10" type="stmt"/>
        <line num="118" count="10" type="stmt"/>
        <line num="119" count="10" type="stmt"/>
        <line num="120" count="10" type="stmt"/>
        <line num="121" count="10" type="stmt"/>
        <line num="122" count="10" type="stmt"/>
        <line num="123" count="10" type="stmt"/>
        <line num="124" count="10" type="stmt"/>
        <line num="125" count="10" type="stmt"/>
        <line num="127" count="10" type="cond" truecount="1" falsecount="0"/>
        <line num="128" count="3987" type="stmt"/>
        <line num="129" count="3987" type="cond" truecount="0" falsecount="1"/>
        <line num="130" count="0" type="stmt"/>
        <line num="131" count="0" type="stmt"/>
        <line num="133" count="3987" type="stmt"/>
        <line num="134" count="3987" type="cond" truecount="2" falsecount="0"/>
        <line num="135" count="2812" type="stmt"/>
        <line num="136" count="2812" type="cond" truecount="1" falsecount="0"/>
        <line num="138" count="1175" type="stmt"/>
        <line num="139" count="1175" type="stmt"/>
        <line num="140" count="3987" type="cond" truecount="1" falsecount="0"/>
        <line num="141" count="6734" type="stmt"/>
        <line num="142" count="6734" type="stmt"/>
        <line num="143" count="6734" type="stmt"/>
        <line num="144" count="6734" type="stmt"/>
        <line num="145" count="6734" type="stmt"/>
        <line num="147" count="6734" type="cond" truecount="1" falsecount="0"/>
        <line num="148" count="3977" type="stmt"/>
        <line num="149" count="3977" type="stmt"/>
        <line num="150" count="3977" type="stmt"/>
        <line num="151" count="6734" type="cond" truecount="1" falsecount="0"/>
        <line num="152" count="1175" type="stmt"/>
        <line num="154" count="10" type="stmt"/>
        <line num="155" count="10" type="stmt"/>
        <line num="157" count="20" type="cond" truecount="1" falsecount="0"/>
        <line num="158" count="20" type="stmt"/>
        <line num="159" count="20" type="stmt"/>
        <line num="160" count="20" type="stmt"/>
        <line num="161" count="20" type="stmt"/>
        <line num="162" count="20" type="stmt"/>
        <line num="163" count="20" type="stmt"/>
        <line num="164" count="20" type="stmt"/>
        <line num="165" count="20" type="stmt"/>
        <line num="167" count="20" type="cond" truecount="1" falsecount="0"/>
        <line num="168" count="114" type="cond" truecount="0" falsecount="1"/>
        <line num="169" count="0" type="stmt"/>
        <line num="170" count="0" type="stmt"/>
        <line num="172" count="114" type="stmt"/>
        <line num="173" count="114" type="stmt"/>
        <line num="174" count="114" type="stmt"/>
        <line num="175" count="114" type="cond" truecount="1" falsecount="0"/>
        <line num="176" count="114" type="cond" truecount="0" falsecount="1"/>
        <line num="177" count="0" type="stmt"/>
        <line num="178" count="0" type="stmt"/>
        <line num="180" count="114" type="stmt"/>
        <line num="181" count="114" type="stmt"/>
        <line num="182" count="114" type="stmt"/>
        <line num="183" count="114" type="stmt"/>
        <line num="185" count="114" type="stmt"/>
        <line num="186" count="114" type="stmt"/>
        <line num="187" count="114" type="stmt"/>
        <line num="188" count="114" type="stmt"/>
        <line num="189" count="114" type="stmt"/>
        <line num="190" count="114" type="stmt"/>
        <line num="192" count="263" type="cond" truecount="1" falsecount="0"/>
        <line num="193" count="263" type="cond" truecount="1" falsecount="0"/>
        <line num="194" count="263" type="stmt"/>
        <line num="195" count="263" type="stmt"/>
        <line num="197" count="950" type="cond" truecount="1" falsecount="0"/>
        <line num="198" count="950" type="cond" truecount="1" falsecount="0"/>
        <line num="199" count="263" type="stmt"/>
        <line num="200" count="263" type="cond" truecount="2" falsecount="0"/>
        <line num="202" count="687" type="stmt"/>
        <line num="203" count="687" type="stmt"/>
        <line num="205" count="812" type="cond" truecount="1" falsecount="0"/>
        <line num="206" count="719" type="cond" truecount="1" falsecount="0"/>
        <line num="207" count="32" type="stmt"/>
        <line num="208" count="32" type="stmt"/>
        <line num="209" count="32" type="cond" truecount="0" falsecount="1"/>
        <line num="210" count="0" type="stmt"/>
        <line num="211" count="0" type="stmt"/>
        <line num="212" count="32" type="stmt"/>
        <line num="213" count="32" type="cond" truecount="1" falsecount="0"/>
        <line num="215" count="719" type="cond" truecount="2" falsecount="0"/>
        <line num="216" count="687" type="stmt"/>
        <line num="217" count="687" type="stmt"/>
        <line num="218" count="719" type="cond" truecount="1" falsecount="0"/>
        <line num="220" count="687" type="stmt"/>
        <line num="221" count="687" type="stmt"/>
        <line num="223" count="6767" type="cond" truecount="1" falsecount="0"/>
        <line num="224" count="6767" type="stmt"/>
        <line num="225" count="6767" type="cond" truecount="1" falsecount="0"/>
        <line num="226" count="253195" type="stmt"/>
        <line num="227" count="253195" type="stmt"/>
        <line num="228" count="253195" type="stmt"/>
        <line num="229" count="6767" type="stmt"/>
        <line num="230" count="6767" type="stmt"/>
        <line num="232" count="15341" type="cond" truecount="1" falsecount="0"/>
        <line num="233" count="15341" type="stmt"/>
        <line num="234" count="15341" type="stmt"/>
        <line num="236" count="371951" type="cond" truecount="1" falsecount="0"/>
        <line num="237" count="371951" type="cond" truecount="1" falsecount="0"/>
        <line num="238" count="55296" type="stmt"/>
        <line num="239" count="55296" type="cond" truecount="1" falsecount="0"/>
        <line num="241" count="371951" type="cond" truecount="3" falsecount="0"/>
        <line num="242" count="207526" type="stmt"/>
        <line num="243" count="207526" type="cond" truecount="1" falsecount="0"/>
        <line num="244" count="371951" type="cond" truecount="1" falsecount="0"/>
        <line num="245" count="16" type="stmt"/>
        <line num="246" count="16" type="cond" truecount="1" falsecount="0"/>
        <line num="247" count="371951" type="cond" truecount="0" falsecount="1"/>
        <line num="248" count="0" type="stmt"/>
        <line num="249" count="0" type="cond" truecount="1" falsecount="0"/>
        <line num="250" count="371951" type="cond" truecount="0" falsecount="1"/>
        <line num="251" count="0" type="stmt"/>
        <line num="252" count="0" type="cond" truecount="1" falsecount="0"/>
        <line num="254" count="371951" type="cond" truecount="1" falsecount="0"/>
        <line num="255" count="37227" type="cond" truecount="1" falsecount="0"/>
        <line num="256" count="37227" type="cond" truecount="1" falsecount="0"/>
        <line num="258" count="71886" type="cond" truecount="1" falsecount="0"/>
        <line num="259" count="71886" type="stmt"/>
        <line num="260" count="71886" type="cond" truecount="1" falsecount="0"/>
        <line num="261" count="71886" type="stmt"/>
        <line num="262" count="71886" type="stmt"/>
        <line num="263" count="71886" type="stmt"/>
        <line num="265" count="15341" type="cond" truecount="1" falsecount="0"/>
        <line num="266" count="15341" type="stmt"/>
        <line num="267" count="15341" type="cond" truecount="1" falsecount="0"/>
        <line num="268" count="3692987" type="stmt"/>
        <line num="269" count="3692987" type="stmt"/>
        <line num="270" count="3692987" type="stmt"/>
        <line num="271" count="15341" type="stmt"/>
        <line num="272" count="15341" type="stmt"/>
      </file>
    </package>
    <package name="src.games">
      <metrics statements="6" coveredstatements="6" conditionals="2" coveredconditionals="2" methods="1" coveredmethods="1"/>
      <file name="index.ts" path="C:\board-game-app\src\games\index.ts">
        <metrics statements="6" coveredstatements="6" conditionals="1" coveredconditionals="1" methods="0" coveredmethods="0"/>
        <line num="2" count="1" type="stmt"/>
        <line num="3" count="1" type="stmt"/>
        <line num="5" count="1" type="stmt"/>
        <line num="7" count="1" type="stmt"/>
        <line num="8" count="1" type="cond" truecount="1" falsecount="0"/>
        <line num="9" count="1" type="stmt"/>
      </file>
      <file name="types.ts" path="C:\board-game-app\src\games\types.ts">
        <metrics statements="0" coveredstatements="0" conditionals="1" coveredconditionals="1" methods="1" coveredmethods="1"/>
      </file>
    </package>
    <package name="src.games.splendor">
      <metrics statements="517" coveredstatements="449" conditionals="147" coveredconditionals="112" methods="36" coveredmethods="34"/>
      <file name="actions.ts" path="C:\board-game-app\src\games\splendor\actions.ts">
        <metrics statements="35" coveredstatements="29" conditionals="3" coveredconditionals="3" methods="4" coveredmethods="3"/>
        <line num="17" count="1" type="cond" truecount="1" falsecount="0"/>
        <line num="18" count="38636" type="stmt"/>
        <line num="19" count="38636" type="stmt"/>
        <line num="20" count="38636" type="stmt"/>
        <line num="21" count="38636" type="stmt"/>
        <line num="22" count="38636" type="stmt"/>
        <line num="23" count="38636" type="stmt"/>
        <line num="24" count="38636" type="stmt"/>
        <line num="25" count="38636" type="stmt"/>
        <line num="26" count="38636" type="stmt"/>
        <line num="27" count="38636" type="stmt"/>
        <line num="28" count="38636" type="stmt"/>
        <line num="29" count="38636" type="stmt"/>
        <line num="30" count="38636" type="stmt"/>
        <line num="32" count="1" type="cond" truecount="1" falsecount="0"/>
        <line num="33" count="4" type="stmt"/>
        <line num="34" count="4" type="stmt"/>
        <line num="35" count="4" type="stmt"/>
        <line num="36" count="4" type="stmt"/>
        <line num="37" count="4" type="stmt"/>
        <line num="38" count="4" type="stmt"/>
        <line num="40" count="1" type="stmt"/>
        <line num="41" count="0" type="stmt"/>
        <line num="42" count="0" type="stmt"/>
        <line num="43" count="0" type="stmt"/>
        <line num="44" count="0" type="stmt"/>
        <line num="45" count="0" type="stmt"/>
        <line num="46" count="0" type="stmt"/>
        <line num="48" count="1" type="cond" truecount="1" falsecount="0"/>
        <line num="49" count="818" type="stmt"/>
        <line num="50" count="818" type="stmt"/>
        <line num="51" count="818" type="stmt"/>
        <line num="52" count="818" type="stmt"/>
        <line num="53" count="818" type="stmt"/>
        <line num="54" count="818" type="stmt"/>
      </file>
      <file name="engine.ts" path="C:\board-game-app\src\games\splendor\engine.ts">
        <metrics statements="371" coveredstatements="313" conditionals="135" coveredconditionals="102" methods="29" coveredmethods="28"/>
        <line num="2" count="1" type="stmt"/>
        <line num="8" count="1" type="stmt"/>
        <line num="21" count="1" type="cond" truecount="1" falsecount="0"/>
        <line num="22" count="17" type="stmt"/>
        <line num="23" count="17" type="stmt"/>
        <line num="25" count="1" type="cond" truecount="1" falsecount="0"/>
        <line num="26" count="2054" type="cond" truecount="0" falsecount="1"/>
        <line num="27" count="0" type="stmt"/>
        <line num="28" count="0" type="stmt"/>
        <line num="30" count="2054" type="stmt"/>
        <line num="31" count="2054" type="stmt"/>
        <line num="32" count="2054" type="stmt"/>
        <line num="34" count="1" type="cond" truecount="1" falsecount="0"/>
        <line num="35" count="406" type="stmt"/>
        <line num="36" count="406" type="stmt"/>
        <line num="37" count="406" type="stmt"/>
        <line num="38" count="406" type="stmt"/>
        <line num="39" count="406" type="cond" truecount="0" falsecount="1"/>
        <line num="40" count="0" type="stmt"/>
        <line num="41" count="0" type="stmt"/>
        <line num="42" count="406" type="cond" truecount="0" falsecount="1"/>
        <line num="43" count="0" type="stmt"/>
        <line num="44" count="0" type="stmt"/>
        <line num="46" count="406" type="stmt"/>
        <line num="47" count="406" type="cond" truecount="1" falsecount="0"/>
        <line num="48" count="1" type="stmt"/>
        <line num="49" count="1" type="cond" truecount="1" falsecount="0"/>
        <line num="51" count="405" type="stmt"/>
        <line num="52" count="405" type="stmt"/>
        <line num="53" count="405" type="stmt"/>
        <line num="55" count="405" type="stmt"/>
        <line num="56" count="406" type="cond" truecount="1" falsecount="0"/>
        <line num="57" count="349" type="stmt"/>
        <line num="58" count="349" type="stmt"/>
        <line num="59" count="406" type="cond" truecount="1" falsecount="0"/>
        <line num="60" count="56" type="stmt"/>
        <line num="61" count="56" type="stmt"/>
        <line num="62" count="406" type="cond" truecount="0" falsecount="1"/>
        <line num="63" count="0" type="stmt"/>
        <line num="64" count="406" type="cond" truecount="1" falsecount="0"/>
        <line num="66" count="406" type="cond" truecount="0" falsecount="1"/>
        <line num="67" count="0" type="stmt"/>
        <line num="68" count="0" type="cond" truecount="1" falsecount="0"/>
        <line num="69" count="405" type="stmt"/>
        <line num="71" count="405" type="stmt"/>
        <line num="72" count="406" type="cond" truecount="1" falsecount="0"/>
        <line num="73" count="9" type="stmt"/>
        <line num="74" count="9" type="stmt"/>
        <line num="75" count="406" type="cond" truecount="1" falsecount="0"/>
        <line num="76" count="396" type="stmt"/>
        <line num="77" count="396" type="stmt"/>
        <line num="78" count="396" type="cond" truecount="1" falsecount="0"/>
        <line num="80" count="405" type="stmt"/>
        <line num="81" count="405" type="stmt"/>
        <line num="82" count="405" type="stmt"/>
        <line num="83" count="405" type="stmt"/>
        <line num="84" count="406" type="cond" truecount="2" falsecount="0"/>
        <line num="85" count="406" type="stmt"/>
        <line num="86" count="406" type="stmt"/>
        <line num="87" count="406" type="stmt"/>
        <line num="88" count="406" type="stmt"/>
        <line num="89" count="406" type="stmt"/>
        <line num="90" count="406" type="stmt"/>
        <line num="91" count="406" type="stmt"/>
        <line num="92" count="406" type="stmt"/>
        <line num="93" count="406" type="stmt"/>
        <line num="94" count="406" type="stmt"/>
        <line num="95" count="406" type="stmt"/>
        <line num="96" count="406" type="stmt"/>
        <line num="97" count="406" type="stmt"/>
        <line num="99" count="1" type="cond" truecount="1" falsecount="0"/>
        <line num="100" count="1229" type="cond" truecount="2" falsecount="0"/>
        <line num="101" count="1" type="stmt"/>
        <line num="102" count="1" type="cond" truecount="1" falsecount="0"/>
        <line num="103" count="1228" type="stmt"/>
        <line num="104" count="1228" type="stmt"/>
        <line num="106" count="1" type="cond" truecount="1" falsecount="0"/>
        <line num="107" count="19" type="cond" truecount="1" falsecount="0"/>
        <line num="108" count="19" type="stmt"/>
        <line num="110" count="1" type="stmt"/>
        <line num="111" count="1" type="stmt"/>
        <line num="112" count="1" type="stmt"/>
        <line num="113" count="1" type="stmt"/>
        <line num="114" count="1" type="stmt"/>
        <line num="115" count="1" type="stmt"/>
        <line num="116" count="1" type="stmt"/>
        <line num="118" count="2054" type="cond" truecount="1" falsecount="0"/>
        <line num="119" count="2054" type="stmt"/>
        <line num="120" count="2054" type="stmt"/>
        <line num="122" count="2054" type="cond" truecount="1" falsecount="0"/>
        <line num="123" count="19431" type="stmt"/>
        <line num="124" count="19431" type="cond" truecount="1" falsecount="0"/>
        <line num="125" count="55402" type="stmt"/>
        <line num="126" count="55402" type="stmt"/>
        <line num="128" count="19431" type="stmt"/>
        <line num="129" count="19431" type="cond" truecount="1" falsecount="0"/>
        <line num="130" count="18471" type="stmt"/>
        <line num="131" count="18471" type="stmt"/>
        <line num="132" count="18471" type="cond" truecount="2" falsecount="0"/>
        <line num="134" count="960" type="stmt"/>
        <line num="135" count="19359" type="cond" truecount="1" falsecount="0"/>
        <line num="136" count="20161" type="stmt"/>
        <line num="137" count="20161" type="cond" truecount="1" falsecount="0"/>
        <line num="138" count="960" type="stmt"/>
        <line num="140" count="2054" type="stmt"/>
        <line num="141" count="2054" type="stmt"/>
        <line num="143" count="2054" type="cond" truecount="1" falsecount="0"/>
        <line num="144" count="2054" type="stmt"/>
        <line num="146" count="2054" type="cond" truecount="1" falsecount="0"/>
        <line num="147" count="10151" type="stmt"/>
        <line num="148" count="10151" type="cond" truecount="0" falsecount="1"/>
        <line num="149" count="0" type="stmt"/>
        <line num="150" count="0" type="stmt"/>
        <line num="151" count="10151" type="cond" truecount="1" falsecount="0"/>
        <line num="152" count="811" type="stmt"/>
        <line num="153" count="811" type="stmt"/>
        <line num="154" count="10151" type="stmt"/>
        <line num="156" count="2054" type="stmt"/>
        <line num="157" count="2054" type="stmt"/>
        <line num="159" count="2054" type="cond" truecount="1" falsecount="0"/>
        <line num="160" count="2054" type="stmt"/>
        <line num="161" count="2054" type="cond" truecount="1" falsecount="0"/>
        <line num="163" count="2054" type="cond" truecount="1" falsecount="0"/>
        <line num="164" count="9381" type="cond" truecount="1" falsecount="0"/>
        <line num="165" count="17472" type="cond" truecount="1" falsecount="0"/>
        <line num="166" count="16540" type="stmt"/>
        <line num="167" count="16540" type="stmt"/>
        <line num="168" count="17472" type="stmt"/>
        <line num="169" count="9381" type="stmt"/>
        <line num="171" count="2054" type="cond" truecount="1" falsecount="0"/>
        <line num="172" count="2054" type="cond" truecount="1" falsecount="0"/>
        <line num="173" count="2891" type="stmt"/>
        <line num="174" count="2891" type="stmt"/>
        <line num="176" count="2054" type="stmt"/>
        <line num="177" count="2054" type="stmt"/>
        <line num="179" count="960" type="cond" truecount="1" falsecount="0"/>
        <line num="180" count="960" type="cond" truecount="0" falsecount="1"/>
        <line num="181" count="0" type="stmt"/>
        <line num="182" count="0" type="stmt"/>
        <line num="184" count="960" type="stmt"/>
        <line num="185" count="960" type="stmt"/>
        <line num="186" count="960" type="stmt"/>
        <line num="188" count="960" type="cond" truecount="1" falsecount="0"/>
        <line num="189" count="32972" type="cond" truecount="1" falsecount="0"/>
        <line num="190" count="20161" type="stmt"/>
        <line num="191" count="20161" type="stmt"/>
        <line num="192" count="20161" type="cond" truecount="1" falsecount="0"/>
        <line num="194" count="32972" type="cond" truecount="1" falsecount="0"/>
        <line num="195" count="47875" type="stmt"/>
        <line num="196" count="47875" type="cond" truecount="1" falsecount="0"/>
        <line num="197" count="15863" type="stmt"/>
        <line num="198" count="15863" type="cond" truecount="1" falsecount="0"/>
        <line num="200" count="32012" type="stmt"/>
        <line num="201" count="32012" type="stmt"/>
        <line num="202" count="32012" type="stmt"/>
        <line num="203" count="32012" type="stmt"/>
        <line num="204" count="32012" type="stmt"/>
        <line num="205" count="32012" type="cond" truecount="1" falsecount="0"/>
        <line num="206" count="32972" type="stmt"/>
        <line num="208" count="960" type="stmt"/>
        <line num="209" count="960" type="stmt"/>
        <line num="210" count="960" type="stmt"/>
        <line num="212" count="349" type="cond" truecount="1" falsecount="0"/>
        <line num="213" count="349" type="stmt"/>
        <line num="214" count="349" type="cond" truecount="0" falsecount="1"/>
        <line num="215" count="0" type="stmt"/>
        <line num="216" count="0" type="stmt"/>
        <line num="218" count="349" type="cond" truecount="0" falsecount="1"/>
        <line num="219" count="349" type="cond" truecount="0" falsecount="1"/>
        <line num="220" count="0" type="stmt"/>
        <line num="221" count="0" type="stmt"/>
        <line num="223" count="349" type="cond" truecount="1" falsecount="0"/>
        <line num="224" count="992" type="stmt"/>
        <line num="225" count="992" type="stmt"/>
        <line num="226" count="992" type="stmt"/>
        <line num="228" count="349" type="cond" truecount="0" falsecount="1"/>
        <line num="229" count="349" type="stmt"/>
        <line num="230" count="349" type="cond" truecount="1" falsecount="1"/>
        <line num="231" count="0" type="stmt"/>
        <line num="232" count="0" type="stmt"/>
        <line num="233" count="349" type="cond" truecount="1" falsecount="1"/>
        <line num="234" count="0" type="stmt"/>
        <line num="235" count="0" type="stmt"/>
        <line num="237" count="349" type="cond" truecount="1" falsecount="0"/>
        <line num="238" count="112" type="cond" truecount="0" falsecount="1"/>
        <line num="239" count="0" type="stmt"/>
        <line num="240" count="0" type="stmt"/>
        <line num="241" count="112" type="cond" truecount="0" falsecount="1"/>
        <line num="242" count="0" type="stmt"/>
        <line num="243" count="0" type="stmt"/>
        <line num="245" count="112" type="stmt"/>
        <line num="246" count="112" type="stmt"/>
        <line num="247" count="112" type="stmt"/>
        <line num="249" count="349" type="cond" truecount="0" falsecount="1"/>
        <line num="250" count="0" type="stmt"/>
        <line num="251" count="0" type="stmt"/>
        <line num="252" count="349" type="stmt"/>
        <line num="254" count="56" type="cond" truecount="1" falsecount="0"/>
        <line num="255" count="56" type="cond" truecount="0" falsecount="1"/>
        <line num="256" count="0" type="stmt"/>
        <line num="257" count="0" type="stmt"/>
        <line num="258" count="56" type="cond" truecount="0" falsecount="1"/>
        <line num="259" count="0" type="stmt"/>
        <line num="260" count="0" type="stmt"/>
        <line num="262" count="56" type="stmt"/>
        <line num="263" count="56" type="cond" truecount="0" falsecount="1"/>
        <line num="264" count="0" type="stmt"/>
        <line num="265" count="0" type="stmt"/>
        <line num="267" count="56" type="stmt"/>
        <line num="268" count="56" type="cond" truecount="1" falsecount="0"/>
        <line num="269" count="280" type="cond" truecount="0" falsecount="1"/>
        <line num="270" count="0" type="stmt"/>
        <line num="271" count="0" type="stmt"/>
        <line num="272" count="280" type="stmt"/>
        <line num="274" count="56" type="cond" truecount="1" falsecount="0"/>
        <line num="275" count="280" type="stmt"/>
        <line num="276" count="280" type="stmt"/>
        <line num="277" count="280" type="stmt"/>
        <line num="278" count="280" type="stmt"/>
        <line num="280" count="56" type="stmt"/>
        <line num="281" count="56" type="stmt"/>
        <line num="282" count="56" type="stmt"/>
        <line num="283" count="56" type="cond" truecount="1" falsecount="0"/>
        <line num="284" count="56" type="stmt"/>
        <line num="286" count="10151" type="cond" truecount="1" falsecount="0"/>
        <line num="287" count="10151" type="stmt"/>
        <line num="288" count="10151" type="cond" truecount="1" falsecount="0"/>
        <line num="289" count="10151" type="stmt"/>
        <line num="291" count="10207" type="cond" truecount="1" falsecount="0"/>
        <line num="292" count="10207" type="stmt"/>
        <line num="293" count="10207" type="stmt"/>
        <line num="294" count="10207" type="stmt"/>
        <line num="295" count="10207" type="stmt"/>
        <line num="296" count="10207" type="stmt"/>
        <line num="297" count="10207" type="stmt"/>
        <line num="298" count="10207" type="stmt"/>
        <line num="299" count="10207" type="stmt"/>
        <line num="300" count="10207" type="stmt"/>
        <line num="301" count="10207" type="stmt"/>
        <line num="303" count="10207" type="cond" truecount="1" falsecount="0"/>
        <line num="304" count="51035" type="cond" truecount="1" falsecount="0"/>
        <line num="305" count="51035" type="stmt"/>
        <line num="306" count="51035" type="stmt"/>
        <line num="308" count="10207" type="stmt"/>
        <line num="309" count="10207" type="stmt"/>
        <line num="311" count="10207" type="cond" truecount="1" falsecount="0"/>
        <line num="312" count="10207" type="cond" truecount="1" falsecount="0"/>
        <line num="313" count="10207" type="stmt"/>
        <line num="315" count="349" type="cond" truecount="1" falsecount="0"/>
        <line num="316" count="349" type="cond" truecount="1" falsecount="0"/>
        <line num="317" count="294" type="stmt"/>
        <line num="318" count="294" type="cond" truecount="0" falsecount="1"/>
        <line num="319" count="0" type="stmt"/>
        <line num="320" count="0" type="stmt"/>
        <line num="321" count="294" type="cond" truecount="1" falsecount="0"/>
        <line num="322" count="294" type="cond" truecount="2" falsecount="0"/>
        <line num="324" count="55" type="stmt"/>
        <line num="325" count="55" type="stmt"/>
        <line num="326" count="55" type="cond" truecount="0" falsecount="1"/>
        <line num="327" count="0" type="stmt"/>
        <line num="328" count="0" type="stmt"/>
        <line num="329" count="55" type="stmt"/>
        <line num="330" count="55" type="cond" truecount="0" falsecount="1"/>
        <line num="332" count="0" type="stmt"/>
        <line num="333" count="0" type="stmt"/>
        <line num="335" count="406" type="cond" truecount="1" falsecount="0"/>
        <line num="336" count="406" type="stmt"/>
        <line num="337" count="406" type="cond" truecount="1" falsecount="0"/>
        <line num="338" count="406" type="stmt"/>
        <line num="340" count="4218" type="cond" truecount="1" falsecount="0"/>
        <line num="341" count="4218" type="cond" truecount="1" falsecount="0"/>
        <line num="342" count="4096" type="cond" truecount="0" falsecount="1"/>
        <line num="343" count="4096" type="cond" truecount="0" falsecount="1"/>
        <line num="344" count="4096" type="stmt"/>
        <line num="345" count="4096" type="cond" truecount="2" falsecount="0"/>
        <line num="346" count="122" type="stmt"/>
        <line num="347" count="122" type="cond" truecount="0" falsecount="1"/>
        <line num="348" count="122" type="cond" truecount="0" falsecount="1"/>
        <line num="349" count="0" type="stmt"/>
        <line num="350" count="0" type="stmt"/>
        <line num="352" count="10729" type="cond" truecount="1" falsecount="0"/>
        <line num="353" count="10729" type="stmt"/>
        <line num="354" count="10729" type="stmt"/>
        <line num="356" count="937" type="cond" truecount="1" falsecount="0"/>
        <line num="357" count="937" type="stmt"/>
        <line num="358" count="937" type="stmt"/>
        <line num="360" count="112" type="cond" truecount="1" falsecount="0"/>
        <line num="361" count="112" type="stmt"/>
        <line num="362" count="112" type="stmt"/>
        <line num="364" count="2459" type="cond" truecount="1" falsecount="0"/>
        <line num="365" count="2459" type="cond" truecount="1" falsecount="0"/>
        <line num="366" count="2459" type="cond" truecount="0" falsecount="1"/>
        <line num="367" count="0" type="stmt"/>
        <line num="368" count="0" type="stmt"/>
        <line num="369" count="2459" type="stmt"/>
        <line num="370" count="2459" type="stmt"/>
        <line num="372" count="405" type="cond" truecount="1" falsecount="0"/>
        <line num="373" count="405" type="stmt"/>
        <line num="375" count="405" type="cond" truecount="0" falsecount="1"/>
        <line num="376" count="0" type="stmt"/>
        <line num="377" count="0" type="stmt"/>
        <line num="379" count="405" type="cond" truecount="1" falsecount="0"/>
        <line num="380" count="405" type="cond" truecount="0" falsecount="1"/>
        <line num="381" count="0" type="stmt"/>
        <line num="382" count="0" type="stmt"/>
        <line num="383" count="405" type="stmt"/>
        <line num="384" count="405" type="stmt"/>
        <line num="385" count="405" type="stmt"/>
        <line num="387" count="405" type="cond" truecount="1" falsecount="0"/>
        <line num="388" count="405" type="stmt"/>
        <line num="389" count="405" type="stmt"/>
        <line num="390" count="405" type="cond" truecount="1" falsecount="0"/>
        <line num="391" count="810" type="stmt"/>
        <line num="392" count="810" type="stmt"/>
        <line num="393" count="810" type="stmt"/>
        <line num="394" count="810" type="stmt"/>
        <line num="395" count="405" type="stmt"/>
        <line num="396" count="405" type="stmt"/>
        <line num="397" count="405" type="cond" truecount="1" falsecount="0"/>
        <line num="398" count="405" type="stmt"/>
        <line num="399" count="405" type="stmt"/>
        <line num="400" count="405" type="stmt"/>
        <line num="402" count="21606" type="cond" truecount="1" falsecount="0"/>
        <line num="403" count="21606" type="stmt"/>
        <line num="404" count="21606" type="stmt"/>
        <line num="405" count="21606" type="stmt"/>
        <line num="406" count="21606" type="stmt"/>
        <line num="407" count="21606" type="stmt"/>
        <line num="408" count="21606" type="stmt"/>
        <line num="409" count="21606" type="stmt"/>
        <line num="410" count="21606" type="stmt"/>
        <line num="411" count="21606" type="stmt"/>
        <line num="413" count="810" type="cond" truecount="1" falsecount="0"/>
        <line num="414" count="810" type="stmt"/>
        <line num="415" count="810" type="stmt"/>
        <line num="417" count="86670" type="cond" truecount="1" falsecount="0"/>
        <line num="418" count="86670" type="cond" truecount="1" falsecount="0"/>
        <line num="419" count="9" type="stmt"/>
        <line num="420" count="9" type="cond" truecount="1" falsecount="0"/>
        <line num="422" count="86670" type="cond" truecount="3" falsecount="0"/>
        <line num="423" count="66411" type="stmt"/>
        <line num="424" count="66411" type="cond" truecount="1" falsecount="0"/>
        <line num="425" count="86670" type="cond" truecount="0" falsecount="1"/>
        <line num="426" count="0" type="stmt"/>
        <line num="427" count="0" type="cond" truecount="1" falsecount="0"/>
        <line num="428" count="86670" type="cond" truecount="0" falsecount="1"/>
        <line num="429" count="0" type="stmt"/>
        <line num="430" count="0" type="cond" truecount="1" falsecount="0"/>
        <line num="431" count="86670" type="cond" truecount="0" falsecount="1"/>
        <line num="432" count="0" type="stmt"/>
        <line num="433" count="0" type="cond" truecount="1" falsecount="0"/>
        <line num="435" count="86670" type="cond" truecount="1" falsecount="0"/>
        <line num="436" count="4050" type="cond" truecount="1" falsecount="0"/>
        <line num="437" count="4050" type="cond" truecount="1" falsecount="0"/>
        <line num="439" count="16200" type="cond" truecount="1" falsecount="0"/>
        <line num="440" count="16200" type="stmt"/>
        <line num="441" count="16200" type="cond" truecount="1" falsecount="0"/>
        <line num="442" count="16200" type="stmt"/>
        <line num="443" count="16200" type="stmt"/>
        <line num="444" count="16200" type="stmt"/>
        <line num="446" count="810" type="cond" truecount="1" falsecount="0"/>
        <line num="447" count="810" type="stmt"/>
        <line num="448" count="810" type="cond" truecount="1" falsecount="0"/>
        <line num="449" count="887117" type="stmt"/>
        <line num="450" count="887117" type="stmt"/>
        <line num="451" count="887117" type="stmt"/>
        <line num="452" count="810" type="stmt"/>
        <line num="453" count="810" type="stmt"/>
        <line num="455" count="0" type="stmt"/>
        <line num="456" count="0" type="stmt"/>
        <line num="457" count="0" type="stmt"/>
      </file>
      <file name="index.ts" path="C:\board-game-app\src\games\splendor\index.ts">
        <metrics statements="10" coveredstatements="10" conditionals="0" coveredconditionals="0" methods="0" coveredmethods="0"/>
        <line num="3" count="1" type="stmt"/>
        <line num="6" count="1" type="stmt"/>
        <line num="7" count="1" type="stmt"/>
        <line num="8" count="1" type="stmt"/>
        <line num="9" count="1" type="stmt"/>
        <line num="10" count="1" type="stmt"/>
        <line num="11" count="1" type="stmt"/>
        <line num="12" count="1" type="stmt"/>
        <line num="13" count="1" type="stmt"/>
        <line num="14" count="1" type="stmt"/>
      </file>
      <file name="state.ts" path="C:\board-game-app\src\games\splendor\state.ts">
        <metrics statements="101" coveredstatements="97" conditionals="9" coveredconditionals="7" methods="3" coveredmethods="3"/>
        <line num="14" count="1" type="stmt"/>
        <line num="15" count="1" type="stmt"/>
        <line num="17" count="1" type="stmt"/>
        <line num="18" count="1" type="stmt"/>
        <line num="19" count="1" type="stmt"/>
        <line num="20" count="1" type="stmt"/>
        <line num="21" count="1" type="stmt"/>
        <line num="22" count="1" type="stmt"/>
        <line num="23" count="1" type="stmt"/>
        <line num="24" count="1" type="stmt"/>
        <line num="25" count="1" type="stmt"/>
        <line num="26" count="1" type="stmt"/>
        <line num="27" count="1" type="stmt"/>
        <line num="28" count="1" type="stmt"/>
        <line num="29" count="1" type="stmt"/>
        <line num="30" count="1" type="stmt"/>
        <line num="31" count="1" type="stmt"/>
        <line num="32" count="1" type="stmt"/>
        <line num="33" count="1" type="stmt"/>
        <line num="34" count="1" type="stmt"/>
        <line num="35" count="1" type="stmt"/>
        <line num="36" count="1" type="stmt"/>
        <line num="37" count="1" type="stmt"/>
        <line num="38" count="1" type="stmt"/>
        <line num="39" count="1" type="stmt"/>
        <line num="40" count="1" type="stmt"/>
        <line num="41" count="1" type="stmt"/>
        <line num="42" count="1" type="stmt"/>
        <line num="43" count="1" type="stmt"/>
        <line num="44" count="1" type="stmt"/>
        <line num="45" count="1" type="stmt"/>
        <line num="46" count="1" type="stmt"/>
        <line num="47" count="1" type="stmt"/>
        <line num="48" count="1" type="stmt"/>
        <line num="49" count="1" type="stmt"/>
        <line num="50" count="1" type="stmt"/>
        <line num="51" count="1" type="stmt"/>
        <line num="52" count="1" type="stmt"/>
        <line num="53" count="1" type="stmt"/>
        <line num="54" count="1" type="stmt"/>
        <line num="55" count="1" type="stmt"/>
        <line num="56" count="1" type="stmt"/>
        <line num="57" count="1" type="stmt"/>
        <line num="58" count="1" type="stmt"/>
        <line num="82" count="1" type="cond" truecount="1" falsecount="0"/>
        <line num="83" count="34" type="stmt"/>
        <line num="84" count="34" type="stmt"/>
        <line num="85" count="34" type="stmt"/>
        <line num="86" count="34" type="stmt"/>
        <line num="87" count="34" type="stmt"/>
        <line num="88" count="34" type="stmt"/>
        <line num="89" count="34" type="stmt"/>
        <line num="90" count="34" type="stmt"/>
        <line num="91" count="34" type="stmt"/>
        <line num="93" count="1" type="cond" truecount="1" falsecount="0"/>
        <line num="94" count="17" type="cond" truecount="0" falsecount="1"/>
        <line num="95" count="0" type="stmt"/>
        <line num="96" count="0" type="stmt"/>
        <line num="97" count="17" type="stmt"/>
        <line num="98" count="17" type="cond" truecount="0" falsecount="1"/>
        <line num="99" count="0" type="stmt"/>
        <line num="100" count="0" type="stmt"/>
        <line num="102" count="17" type="stmt"/>
        <line num="103" count="17" type="stmt"/>
        <line num="104" count="17" type="stmt"/>
        <line num="105" count="17" type="stmt"/>
        <line num="106" count="17" type="stmt"/>
        <line num="107" count="17" type="stmt"/>
        <line num="108" count="17" type="cond" truecount="1" falsecount="0"/>
        <line num="109" count="34" type="stmt"/>
        <line num="110" count="34" type="stmt"/>
        <line num="111" count="34" type="stmt"/>
        <line num="112" count="34" type="stmt"/>
        <line num="113" count="34" type="stmt"/>
        <line num="114" count="34" type="stmt"/>
        <line num="115" count="34" type="stmt"/>
        <line num="116" count="34" type="stmt"/>
        <line num="117" count="34" type="stmt"/>
        <line num="118" count="34" type="stmt"/>
        <line num="119" count="34" type="stmt"/>
        <line num="120" count="17" type="stmt"/>
        <line num="121" count="17" type="stmt"/>
        <line num="122" count="17" type="stmt"/>
        <line num="123" count="17" type="stmt"/>
        <line num="124" count="17" type="stmt"/>
        <line num="125" count="17" type="stmt"/>
        <line num="126" count="17" type="stmt"/>
        <line num="127" count="17" type="stmt"/>
        <line num="128" count="17" type="stmt"/>
        <line num="129" count="17" type="cond" truecount="1" falsecount="0"/>
        <line num="130" count="102" type="stmt"/>
        <line num="131" count="102" type="stmt"/>
        <line num="132" count="17" type="stmt"/>
        <line num="133" count="17" type="cond" truecount="1" falsecount="0"/>
        <line num="134" count="17" type="stmt"/>
        <line num="135" count="17" type="stmt"/>
        <line num="136" count="17" type="stmt"/>
        <line num="137" count="17" type="stmt"/>
        <line num="139" count="1" type="cond" truecount="1" falsecount="0"/>
        <line num="140" count="20563" type="cond" truecount="1" falsecount="0"/>
        <line num="141" count="20563" type="stmt"/>
      </file>
    </package>
    <package name="src.games.tictactoe">
      <metrics statements="216" coveredstatements="190" conditionals="68" coveredconditionals="54" methods="16" coveredmethods="16"/>
      <file name="actions.ts" path="C:\board-game-app\src\games\tictactoe\actions.ts">
        <metrics statements="7" coveredstatements="7" conditionals="1" coveredconditionals="1" methods="1" coveredmethods="1"/>
        <line num="10" count="1" type="cond" truecount="1" falsecount="0"/>
        <line num="11" count="22256" type="stmt"/>
        <line num="12" count="22256" type="stmt"/>
        <line num="13" count="22256" type="stmt"/>
        <line num="14" count="22256" type="stmt"/>
        <line num="15" count="22256" type="stmt"/>
        <line num="16" count="22256" type="stmt"/>
      </file>
      <file name="engine.ts" path="C:\board-game-app\src\games\tictactoe\engine.ts">
        <metrics statements="182" coveredstatements="156" conditionals="65" coveredconditionals="51" methods="14" coveredmethods="14"/>
        <line num="2" count="1" type="stmt"/>
        <line num="3" count="1" type="stmt"/>
        <line num="5" count="1" type="stmt"/>
        <line num="6" count="1" type="stmt"/>
        <line num="7" count="1" type="stmt"/>
        <line num="8" count="1" type="stmt"/>
        <line num="9" count="1" type="stmt"/>
        <line num="10" count="1" type="stmt"/>
        <line num="11" count="1" type="stmt"/>
        <line num="12" count="1" type="stmt"/>
        <line num="13" count="1" type="stmt"/>
        <line num="14" count="1" type="stmt"/>
        <line num="16" count="1" type="cond" truecount="1" falsecount="0"/>
        <line num="17" count="16" type="stmt"/>
        <line num="18" count="16" type="stmt"/>
        <line num="20" count="1" type="cond" truecount="1" falsecount="0"/>
        <line num="21" count="3681" type="cond" truecount="0" falsecount="1"/>
        <line num="22" count="0" type="stmt"/>
        <line num="23" count="0" type="stmt"/>
        <line num="25" count="3681" type="stmt"/>
        <line num="26" count="3681" type="cond" truecount="1" falsecount="0"/>
        <line num="27" count="33129" type="cond" truecount="1" falsecount="0"/>
        <line num="28" count="22237" type="stmt"/>
        <line num="29" count="22237" type="stmt"/>
        <line num="30" count="33129" type="stmt"/>
        <line num="31" count="3681" type="stmt"/>
        <line num="32" count="3681" type="stmt"/>
        <line num="34" count="1" type="cond" truecount="1" falsecount="0"/>
        <line num="35" count="2184" type="stmt"/>
        <line num="36" count="2184" type="stmt"/>
        <line num="37" count="2184" type="stmt"/>
        <line num="38" count="2184" type="stmt"/>
        <line num="39" count="2184" type="stmt"/>
        <line num="41" count="2184" type="cond" truecount="0" falsecount="1"/>
        <line num="42" count="0" type="stmt"/>
        <line num="43" count="0" type="stmt"/>
        <line num="44" count="2184" type="cond" truecount="0" falsecount="1"/>
        <line num="45" count="0" type="stmt"/>
        <line num="46" count="0" type="stmt"/>
        <line num="47" count="2184" type="cond" truecount="0" falsecount="1"/>
        <line num="48" count="0" type="stmt"/>
        <line num="49" count="0" type="stmt"/>
        <line num="51" count="2184" type="stmt"/>
        <line num="52" count="2184" type="cond" truecount="0" falsecount="1"/>
        <line num="53" count="0" type="stmt"/>
        <line num="54" count="0" type="stmt"/>
        <line num="55" count="2184" type="cond" truecount="0" falsecount="1"/>
        <line num="56" count="0" type="stmt"/>
        <line num="57" count="0" type="stmt"/>
        <line num="59" count="2184" type="stmt"/>
        <line num="60" count="2184" type="cond" truecount="1" falsecount="0"/>
        <line num="61" count="2184" type="cond" truecount="0" falsecount="1"/>
        <line num="62" count="0" type="stmt"/>
        <line num="63" count="0" type="stmt"/>
        <line num="65" count="2184" type="stmt"/>
        <line num="66" count="2184" type="stmt"/>
        <line num="67" count="2184" type="stmt"/>
        <line num="69" count="2184" type="stmt"/>
        <line num="70" count="2184" type="stmt"/>
        <line num="72" count="2184" type="stmt"/>
        <line num="73" count="2184" type="cond" truecount="1" falsecount="0"/>
        <line num="74" count="11" type="stmt"/>
        <line num="75" count="11" type="stmt"/>
        <line num="77" count="2184" type="stmt"/>
        <line num="78" count="2184" type="cond" truecount="1" falsecount="0"/>
        <line num="79" count="2170" type="stmt"/>
        <line num="80" count="2170" type="stmt"/>
        <line num="81" count="2170" type="stmt"/>
        <line num="82" count="2184" type="cond" truecount="1" falsecount="0"/>
        <line num="83" count="14" type="stmt"/>
        <line num="84" count="14" type="stmt"/>
        <line num="85" count="14" type="stmt"/>
        <line num="87" count="2184" type="stmt"/>
        <line num="88" count="2184" type="stmt"/>
        <line num="89" count="2184" type="stmt"/>
        <line num="90" count="2184" type="stmt"/>
        <line num="91" count="2184" type="cond" truecount="2" falsecount="0"/>
        <line num="92" count="2184" type="stmt"/>
        <line num="93" count="2184" type="stmt"/>
        <line num="94" count="2184" type="stmt"/>
        <line num="95" count="2184" type="stmt"/>
        <line num="96" count="2184" type="stmt"/>
        <line num="97" count="2184" type="stmt"/>
        <line num="98" count="2184" type="stmt"/>
        <line num="99" count="2184" type="stmt"/>
        <line num="100" count="2184" type="stmt"/>
        <line num="101" count="2184" type="stmt"/>
        <line num="102" count="2184" type="stmt"/>
        <line num="103" count="2184" type="stmt"/>
        <line num="104" count="2184" type="stmt"/>
        <line num="106" count="1" type="cond" truecount="1" falsecount="0"/>
        <line num="107" count="9548" type="cond" truecount="3" falsecount="0"/>
        <line num="108" count="9548" type="stmt"/>
        <line num="110" count="1" type="cond" truecount="1" falsecount="0"/>
        <line num="111" count="28" type="cond" truecount="1" falsecount="0"/>
        <line num="112" count="6" type="stmt"/>
        <line num="113" count="6" type="cond" truecount="1" falsecount="0"/>
        <line num="114" count="28" type="cond" truecount="0" falsecount="1"/>
        <line num="115" count="28" type="stmt"/>
        <line num="117" count="1" type="stmt"/>
        <line num="118" count="1" type="stmt"/>
        <line num="119" count="1" type="stmt"/>
        <line num="120" count="1" type="stmt"/>
        <line num="121" count="1" type="stmt"/>
        <line num="122" count="1" type="stmt"/>
        <line num="123" count="1" type="stmt"/>
        <line num="125" count="2184" type="cond" truecount="1" falsecount="0"/>
        <line num="126" count="2184" type="stmt"/>
        <line num="127" count="2184" type="stmt"/>
        <line num="128" count="2184" type="stmt"/>
        <line num="129" count="2184" type="stmt"/>
        <line num="130" count="2184" type="stmt"/>
        <line num="131" count="2184" type="stmt"/>
        <line num="133" count="2184" type="cond" truecount="1" falsecount="0"/>
        <line num="134" count="2184" type="cond" truecount="1" falsecount="0"/>
        <line num="135" count="2184" type="cond" truecount="0" falsecount="1"/>
        <line num="136" count="0" type="stmt"/>
        <line num="137" count="0" type="stmt"/>
        <line num="138" count="2184" type="stmt"/>
        <line num="139" count="2184" type="stmt"/>
        <line num="141" count="2170" type="cond" truecount="1" falsecount="0"/>
        <line num="142" count="2170" type="cond" truecount="1" falsecount="0"/>
        <line num="143" count="2170" type="cond" truecount="0" falsecount="1"/>
        <line num="144" count="0" type="stmt"/>
        <line num="145" count="0" type="stmt"/>
        <line num="146" count="2170" type="stmt"/>
        <line num="147" count="2170" type="stmt"/>
        <line num="149" count="2184" type="cond" truecount="1" falsecount="0"/>
        <line num="150" count="2184" type="cond" truecount="1" falsecount="0"/>
        <line num="151" count="17445" type="stmt"/>
        <line num="152" count="17445" type="cond" truecount="3" falsecount="0"/>
        <line num="153" count="11" type="stmt"/>
        <line num="154" count="11" type="stmt"/>
        <line num="155" count="17445" type="cond" truecount="1" falsecount="0"/>
        <line num="156" count="2173" type="stmt"/>
        <line num="157" count="2173" type="stmt"/>
        <line num="159" count="11" type="cond" truecount="1" falsecount="0"/>
        <line num="160" count="11" type="cond" truecount="1" falsecount="0"/>
        <line num="161" count="11" type="cond" truecount="0" falsecount="1"/>
        <line num="162" count="0" type="stmt"/>
        <line num="163" count="0" type="stmt"/>
        <line num="164" count="11" type="stmt"/>
        <line num="165" count="11" type="stmt"/>
        <line num="167" count="9532" type="cond" truecount="1" falsecount="0"/>
        <line num="168" count="9532" type="cond" truecount="1" falsecount="0"/>
        <line num="169" count="9532" type="stmt"/>
        <line num="171" count="4368" type="cond" truecount="1" falsecount="0"/>
        <line num="172" count="4368" type="stmt"/>
        <line num="173" count="4368" type="stmt"/>
        <line num="175" count="109200" type="cond" truecount="1" falsecount="0"/>
        <line num="176" count="109200" type="cond" truecount="1" falsecount="0"/>
        <line num="177" count="29787" type="stmt"/>
        <line num="178" count="29787" type="cond" truecount="1" falsecount="0"/>
        <line num="180" count="109200" type="cond" truecount="3" falsecount="0"/>
        <line num="181" count="57573" type="stmt"/>
        <line num="182" count="57573" type="cond" truecount="1" falsecount="0"/>
        <line num="183" count="109200" type="cond" truecount="0" falsecount="1"/>
        <line num="184" count="0" type="stmt"/>
        <line num="185" count="0" type="cond" truecount="1" falsecount="0"/>
        <line num="186" count="109200" type="cond" truecount="0" falsecount="1"/>
        <line num="187" count="0" type="stmt"/>
        <line num="188" count="0" type="cond" truecount="1" falsecount="0"/>
        <line num="189" count="109200" type="cond" truecount="0" falsecount="1"/>
        <line num="190" count="0" type="stmt"/>
        <line num="191" count="0" type="cond" truecount="1" falsecount="0"/>
[...]
        <line num="50" count="1" type="stmt"/>
        <line num="51" count="1" type="stmt"/>
        <line num="52" count="1" type="stmt"/>
        <line num="53" count="1" type="stmt"/>
        <line num="55" count="1" type="stmt"/>
        <line num="56" count="1" type="stmt"/>
        <line num="57" count="1" type="stmt"/>
        <line num="58" count="1" type="stmt"/>
        <line num="59" count="1" type="stmt"/>
        <line num="60" count="1" type="stmt"/>
        <line num="61" count="1" type="stmt"/>
        <line num="62" count="1" type="stmt"/>
        <line num="63" count="1" type="stmt"/>
        <line num="64" count="1" type="stmt"/>
        <line num="65" count="1" type="stmt"/>
        <line num="66" count="1" type="stmt"/>
        <line num="67" count="1" type="stmt"/>
        <line num="68" count="1" type="stmt"/>
        <line num="69" count="1" type="stmt"/>
        <line num="70" count="1" type="stmt"/>
        <line num="72" count="1" type="stmt"/>
        <line num="73" count="1" type="stmt"/>
        <line num="74" count="1" type="stmt"/>
        <line num="75" count="1" type="stmt"/>
        <line num="76" count="1" type="stmt"/>
        <line num="77" count="1" type="stmt"/>
        <line num="78" count="1" type="stmt"/>
        <line num="79" count="1" type="stmt"/>
        <line num="80" count="1" type="stmt"/>
        <line num="81" count="1" type="stmt"/>
        <line num="82" count="1" type="stmt"/>
        <line num="83" count="1" type="stmt"/>
        <line num="84" count="1" type="stmt"/>
        <line num="85" count="2" type="cond" truecount="0" falsecount="1"/>
        <line num="86" count="0" type="stmt"/>
        <line num="87" count="0" type="stmt"/>
        <line num="88" count="0" type="stmt"/>
        <line num="89" count="0" type="stmt"/>
        <line num="90" count="0" type="stmt"/>
        <line num="91" count="0" type="stmt"/>
        <line num="92" count="0" type="stmt"/>
        <line num="93" count="0" type="stmt"/>
        <line num="94" count="0" type="stmt"/>
        <line num="95" count="0" type="stmt"/>
        <line num="96" count="0" type="stmt"/>
        <line num="97" count="0" type="stmt"/>
        <line num="98" count="0" type="stmt"/>
        <line num="99" count="0" type="stmt"/>
        <line num="100" count="0" type="stmt"/>
        <line num="101" count="0" type="stmt"/>
        <line num="103" count="0" type="stmt"/>
        <line num="104" count="0" type="stmt"/>
        <line num="105" count="0" type="stmt"/>
        <line num="106" count="0" type="stmt"/>
        <line num="107" count="0" type="stmt"/>
        <line num="108" count="0" type="stmt"/>
        <line num="109" count="0" type="stmt"/>
        <line num="110" count="0" type="stmt"/>
        <line num="111" count="2" type="stmt"/>
        <line num="113" count="1" type="cond" truecount="1" falsecount="0"/>
        <line num="114" count="1" type="stmt"/>
        <line num="115" count="1" type="cond" truecount="1" falsecount="2"/>
        <line num="117" count="1" type="stmt"/>
        <line num="118" count="1" type="stmt"/>
        <line num="119" count="1" type="stmt"/>
        <line num="120" count="1" type="stmt"/>
        <line num="121" count="1" type="stmt"/>
        <line num="122" count="1" type="cond" truecount="0" falsecount="1"/>
        <line num="123" count="0" type="stmt"/>
        <line num="124" count="0" type="stmt"/>
        <line num="125" count="0" type="stmt"/>
        <line num="126" count="0" type="stmt"/>
        <line num="127" count="0" type="stmt"/>
        <line num="129" count="1" type="cond" truecount="1" falsecount="0"/>
        <line num="130" count="1" type="cond" truecount="0" falsecount="1"/>
        <line num="131" count="0" type="stmt"/>
        <line num="132" count="0" type="stmt"/>
        <line num="133" count="1" type="stmt"/>
        <line num="134" count="1" type="cond" truecount="0" falsecount="1"/>
        <line num="135" count="0" type="stmt"/>
        <line num="136" count="0" type="stmt"/>
        <line num="138" count="1" type="stmt"/>
        <line num="139" count="1" type="stmt"/>
        <line num="140" count="1" type="cond" truecount="0" falsecount="1"/>
        <line num="141" count="0" type="stmt"/>
        <line num="142" count="0" type="stmt"/>
        <line num="143" count="1" type="stmt"/>
        <line num="144" count="1" type="stmt"/>
        <line num="145" count="1" type="stmt"/>
        <line num="146" count="1" type="stmt"/>
        <line num="147" count="1" type="stmt"/>
        <line num="148" count="1" type="stmt"/>
        <line num="149" count="1" type="stmt"/>
      </file>
      <file name="segment.ts" path="C:\board-game-app\src\rulebook\segment.ts">
        <metrics statements="76" coveredstatements="70" conditionals="28" coveredconditionals="24" methods="4" coveredmethods="4"/>
        <line num="1" count="1" type="stmt"/>
        <line num="4" count="1" type="cond" truecount="1" falsecount="0"/>
        <line num="5" count="16" type="stmt"/>
        <line num="6" count="16" type="cond" truecount="0" falsecount="1"/>
        <line num="7" count="16" type="stmt"/>
        <line num="9" count="16" type="stmt"/>
        <line num="10" count="16" type="cond" truecount="1" falsecount="0"/>
        <line num="11" count="129" type="stmt"/>
        <line num="12" count="129" type="cond" truecount="1" falsecount="0"/>
        <line num="13" count="39" type="stmt"/>
        <line num="14" count="39" type="stmt"/>
        <line num="15" count="39" type="cond" truecount="1" falsecount="0"/>
        <line num="17" count="129" type="cond" truecount="1" falsecount="0"/>
        <line num="18" count="35" type="stmt"/>
        <line num="19" count="35" type="stmt"/>
        <line num="20" count="35" type="stmt"/>
        <line num="21" count="35" type="stmt"/>
        <line num="22" count="35" type="stmt"/>
        <line num="23" count="35" type="stmt"/>
        <line num="24" count="35" type="stmt"/>
        <line num="25" count="35" type="stmt"/>
        <line num="26" count="35" type="cond" truecount="1" falsecount="0"/>
        <line num="28" count="129" type="cond" truecount="1" falsecount="0"/>
        <line num="29" count="35" type="stmt"/>
        <line num="30" count="35" type="cond" truecount="3" falsecount="0"/>
        <line num="31" count="76" type="stmt"/>
        <line num="32" count="76" type="stmt"/>
        <line num="33" count="35" type="stmt"/>
        <line num="34" count="35" type="stmt"/>
        <line num="35" count="35" type="stmt"/>
        <line num="36" count="35" type="stmt"/>
        <line num="37" count="35" type="stmt"/>
        <line num="38" count="35" type="stmt"/>
        <line num="39" count="35" type="cond" truecount="1" falsecount="0"/>
        <line num="41" count="20" type="stmt"/>
        <line num="42" count="129" type="cond" truecount="1" falsecount="0"/>
        <line num="43" count="51" type="stmt"/>
        <line num="44" count="51" type="cond" truecount="4" falsecount="0"/>
        <line num="45" count="15" type="stmt"/>
        <line num="46" count="15" type="cond" truecount="1" falsecount="0"/>
        <line num="47" count="36" type="stmt"/>
        <line num="48" count="36" type="cond" truecount="1" falsecount="0"/>
        <line num="49" count="20" type="stmt"/>
        <line num="50" count="20" type="stmt"/>
        <line num="51" count="20" type="stmt"/>
        <line num="52" count="20" type="stmt"/>
        <line num="53" count="20" type="stmt"/>
        <line num="54" count="20" type="stmt"/>
        <line num="56" count="16" type="stmt"/>
        <line num="57" count="16" type="stmt"/>
        <line num="59" count="126" type="cond" truecount="1" falsecount="0"/>
        <line num="60" count="126" type="cond" truecount="0" falsecount="1"/>
        <line num="61" count="0" type="stmt"/>
        <line num="62" count="0" type="stmt"/>
        <line num="63" count="126" type="cond" truecount="1" falsecount="0"/>
        <line num="64" count="35" type="stmt"/>
        <line num="65" count="35" type="cond" truecount="1" falsecount="0"/>
        <line num="67" count="91" type="stmt"/>
        <line num="68" count="126" type="cond" truecount="0" falsecount="1"/>
        <line num="69" count="0" type="stmt"/>
        <line num="70" count="0" type="cond" truecount="1" falsecount="0"/>
        <line num="71" count="91" type="stmt"/>
        <line num="72" count="91" type="stmt"/>
        <line num="74" count="35" type="cond" truecount="1" falsecount="0"/>
        <line num="75" count="35" type="stmt"/>
        <line num="76" count="35" type="cond" truecount="0" falsecount="1"/>
        <line num="77" count="0" type="stmt"/>
        <line num="78" count="0" type="stmt"/>
        <line num="79" count="35" type="stmt"/>
        <line num="80" count="35" type="stmt"/>
        <line num="81" count="35" type="stmt"/>
        <line num="82" count="35" type="stmt"/>
        <line num="83" count="35" type="stmt"/>
        <line num="85" count="167" type="cond" truecount="1" falsecount="0"/>
        <line num="86" count="167" type="stmt"/>
        <line num="87" count="167" type="stmt"/>
      </file>
      <file name="types.ts" path="C:\board-game-app\src\rulebook\types.ts">
        <metrics statements="0" coveredstatements="0" conditionals="1" coveredconditionals="1" methods="1" coveredmethods="1"/>
      </file>
    </package>
    <package name="src.sim">
      <metrics statements="174" coveredstatements="144" conditionals="55" coveredconditionals="39" methods="15" coveredmethods="13"/>
      <file name="runBatch.ts" path="C:\board-game-app\src\sim\runBatch.ts">
        <metrics statements="38" coveredstatements="38" conditionals="11" coveredconditionals="9" methods="1" coveredmethods="1"/>
        <line num="4" count="1" type="stmt"/>
        <line num="26" count="1" type="cond" truecount="1" falsecount="0"/>
        <line num="27" count="6" type="stmt"/>
        <line num="28" count="6" type="stmt"/>
        <line num="29" count="6" type="stmt"/>
        <line num="30" count="6" type="stmt"/>
        <line num="32" count="6" type="cond" truecount="1" falsecount="0"/>
        <line num="33" count="35" type="stmt"/>
        <line num="34" count="35" type="stmt"/>
        <line num="35" count="35" type="stmt"/>
        <line num="36" count="35" type="stmt"/>
        <line num="37" count="35" type="stmt"/>
        <line num="38" count="35" type="stmt"/>
        <line num="39" count="35" type="stmt"/>
        <line num="40" count="35" type="stmt"/>
        <line num="42" count="35" type="cond" truecount="1" falsecount="0"/>
        <line num="43" count="35" type="cond" truecount="1" falsecount="0"/>
        <line num="45" count="35" type="cond" truecount="1" falsecount="0"/>
        <line num="46" count="55" type="cond" truecount="1" falsecount="0"/>
        <line num="47" count="55" type="stmt"/>
        <line num="48" count="35" type="stmt"/>
        <line num="50" count="6" type="cond" truecount="1" falsecount="0"/>
        <line num="51" count="6" type="stmt"/>
        <line num="52" count="6" type="cond" truecount="1" falsecount="0"/>
        <line num="53" count="6" type="stmt"/>
        <line num="54" count="6" type="stmt"/>
        <line num="55" count="6" type="cond" truecount="1" falsecount="1"/>
        <line num="56" count="6" type="stmt"/>
        <line num="58" count="6" type="stmt"/>
        <line num="59" count="6" type="stmt"/>
        <line num="60" count="6" type="stmt"/>
        <line num="61" count="6" type="stmt"/>
        <line num="62" count="6" type="stmt"/>
        <line num="63" count="6" type="cond" truecount="0" falsecount="1"/>
        <line num="64" count="6" type="stmt"/>
        <line num="65" count="6" type="stmt"/>
        <line num="66" count="6" type="stmt"/>
        <line num="67" count="6" type="stmt"/>
      </file>
      <file name="runMatch.ts" path="C:\board-game-app\src\sim\runMatch.ts">
        <metrics statements="136" coveredstatements="106" conditionals="44" coveredconditionals="30" methods="14" coveredmethods="12"/>
        <line num="24" count="1" type="cond" truecount="1" falsecount="0"/>
        <line num="25" count="36" type="stmt"/>
        <line num="26" count="36" type="stmt"/>
        <line num="27" count="36" type="stmt"/>
        <line num="29" count="36" type="stmt"/>
        <line num="30" count="36" type="stmt"/>
        <line num="31" count="36" type="stmt"/>
        <line num="33" count="36" type="cond" truecount="1" falsecount="0"/>
        <line num="34" count="485" type="cond" truecount="0" falsecount="1"/>
        <line num="35" count="0" type="stmt"/>
        <line num="36" count="0" type="stmt"/>
        <line num="38" count="485" type="stmt"/>
        <line num="39" count="485" type="cond" truecount="0" falsecount="1"/>
        <line num="40" count="0" type="stmt"/>
        <line num="41" count="0" type="stmt"/>
        <line num="43" count="485" type="stmt"/>
        <line num="44" count="485" type="stmt"/>
        <line num="45" count="485" type="stmt"/>
        <line num="46" count="485" type="cond" truecount="0" falsecount="1"/>
        <line num="47" count="0" type="stmt"/>
        <line num="49" count="485" type="stmt"/>
        <line num="50" count="485" type="stmt"/>
        <line num="51" count="485" type="stmt"/>
        <line num="52" count="485" type="cond" truecount="1" falsecount="0"/>
        <line num="53" count="485" type="stmt"/>
        <line num="55" count="485" type="cond" truecount="1" falsecount="0"/>
        <line num="56" count="36" type="stmt"/>
        <line num="57" count="36" type="stmt"/>
        <line num="58" count="485" type="stmt"/>
        <line num="60" count="36" type="stmt"/>
        <line num="61" count="36" type="stmt"/>
        <line num="62" count="36" type="stmt"/>
        <line num="63" count="36" type="stmt"/>
        <line num="64" count="36" type="stmt"/>
        <line num="65" count="36" type="stmt"/>
        <line num="66" count="36" type="stmt"/>
        <line num="67" count="36" type="stmt"/>
        <line num="68" count="36" type="stmt"/>
        <line num="69" count="36" type="stmt"/>
        <line num="70" count="36" type="stmt"/>
        <line num="72" count="1" type="stmt"/>
        <line num="73" count="1" type="cond" truecount="1" falsecount="0"/>
        <line num="74" count="36" type="stmt"/>
        <line num="75" count="36" type="stmt"/>
        <line num="77" count="1" type="cond" truecount="1" falsecount="0"/>
        <line num="78" count="36" type="stmt"/>
        <line num="79" count="36" type="stmt"/>
        <line num="80" count="36" type="stmt"/>
        <line num="81" count="36" type="stmt"/>
        <line num="83" count="1" type="stmt"/>
        <line num="84" count="0" type="stmt"/>
        <line num="85" count="0" type="stmt"/>
        <line num="87" count="1" type="cond" truecount="1" falsecount="0"/>
        <line num="88" count="554" type="stmt"/>
        <line num="89" count="554" type="stmt"/>
        <line num="90" count="554" type="stmt"/>
        <line num="91" count="554" type="stmt"/>
        <line num="93" count="1" type="cond" truecount="1" falsecount="0"/>
        <line num="94" count="554" type="cond" truecount="0" falsecount="1"/>
        <line num="95" count="0" type="stmt"/>
        <line num="96" count="0" type="stmt"/>
        <line num="97" count="554" type="stmt"/>
        <line num="98" count="554" type="stmt"/>
        <line num="99" count="554" type="stmt"/>
        <line num="101" count="1" type="stmt"/>
        <line num="102" count="0" type="stmt"/>
        <line num="103" count="0" type="stmt"/>
        <line num="104" count="1" type="stmt"/>
        <line num="106" count="485" type="cond" truecount="1" falsecount="0"/>
        <line num="107" count="485" type="stmt"/>
        <line num="108" count="485" type="stmt"/>
        <line num="109" count="485" type="stmt"/>
        <line num="110" count="485" type="cond" truecount="0" falsecount="1"/>
        <line num="111" count="0" type="stmt"/>
        <line num="112" count="0" type="stmt"/>
        <line num="114" count="485" type="cond" truecount="1" falsecount="0"/>
        <line num="115" count="485" type="stmt"/>
        <line num="116" count="485" type="stmt"/>
        <line num="117" count="485" type="stmt"/>
        <line num="118" count="485" type="cond" truecount="0" falsecount="1"/>
        <line num="119" count="0" type="stmt"/>
        <line num="120" count="0" type="stmt"/>
        <line num="121" count="0" type="stmt"/>
        <line num="122" count="0" type="stmt"/>
        <line num="123" count="0" type="stmt"/>
        <line num="124" count="0" type="stmt"/>
        <line num="125" count="0" type="stmt"/>
        <line num="126" count="0" type="stmt"/>
        <line num="127" count="0" type="stmt"/>
        <line num="128" count="485" type="cond" truecount="0" falsecount="2"/>
        <line num="129" count="485" type="stmt"/>
        <line num="131" count="485" type="cond" truecount="1" falsecount="0"/>
        <line num="132" count="485" type="stmt"/>
        <line num="133" count="485" type="cond" truecount="1" falsecount="1"/>
        <line num="134" count="485" type="stmt"/>
        <line num="136" count="3318" type="cond" truecount="1" falsecount="0"/>
        <line num="137" count="3318" type="cond" truecount="0" falsecount="1"/>
        <line num="138" count="3318" type="stmt"/>
        <line num="140" count="36" type="cond" truecount="1" falsecount="0"/>
        <line num="141" count="36" type="stmt"/>
        <line num="142" count="36" type="cond" truecount="0" falsecount="1"/>
        <line num="143" count="0" type="stmt"/>
        <line num="144" count="0" type="stmt"/>
        <line num="146" count="36" type="cond" truecount="1" falsecount="0"/>
        <line num="147" count="36" type="cond" truecount="1" falsecount="0"/>
        <line num="148" count="4" type="stmt"/>
        <line num="149" count="4" type="cond" truecount="1" falsecount="0"/>
        <line num="150" count="32" type="stmt"/>
        <line num="151" count="32" type="stmt"/>
        <line num="153" count="19641" type="cond" truecount="1" falsecount="0"/>
        <line num="154" count="19641" type="cond" truecount="0" falsecount="1"/>
        <line num="155" count="0" type="stmt"/>
        <line num="156" count="0" type="stmt"/>
        <line num="158" count="19641" type="cond" truecount="3" falsecount="0"/>
        <line num="159" count="11781" type="stmt"/>
        <line num="160" count="11781" type="cond" truecount="1" falsecount="0"/>
        <line num="161" count="19641" type="cond" truecount="0" falsecount="1"/>
        <line num="162" count="0" type="stmt"/>
        <line num="163" count="0" type="cond" truecount="1" falsecount="0"/>
        <line num="164" count="19641" type="cond" truecount="1" falsecount="0"/>
        <line num="165" count="4542" type="cond" truecount="1" falsecount="0"/>
        <line num="166" count="4542" type="cond" truecount="1" falsecount="0"/>
        <line num="168" count="3318" type="stmt"/>
        <line num="169" count="3318" type="cond" truecount="1" falsecount="0"/>
        <line num="170" count="3318" type="cond" truecount="1" falsecount="0"/>
        <line num="171" count="3318" type="cond" truecount="0" falsecount="1"/>
        <line num="172" count="0" type="stmt"/>
        <line num="173" count="0" type="stmt"/>
        <line num="175" count="36" type="cond" truecount="1" falsecount="0"/>
        <line num="176" count="36" type="stmt"/>
        <line num="177" count="36" type="cond" truecount="1" falsecount="0"/>
        <line num="178" count="667" type="stmt"/>
        <line num="179" count="667" type="stmt"/>
        <line num="180" count="667" type="stmt"/>
        <line num="181" count="36" type="stmt"/>
        <line num="182" count="36" type="stmt"/>
      </file>
    </package>
  </project>
</coverage>
