{"C:\\board-game-app\\scripts\\applyPatch.ts": {"path":"C:\\board-game-app\\scripts\\applyPatch.ts","all":true,"statementMap":{"0":{"start":{"line":1,"column":0},"end":{"line":1,"column":54}},"1":{"start":{"line":2,"column":0},"end":{"line":2,"column":36}},"2":{"start":{"line":3,"column":0},"end":{"line":3,"column":47}},"3":{"start":{"line":4,"column":0},"end":{"line":4,"column":62}},"4":{"start":{"line":5,"column":0},"end":{"line":5,"column":62}},"6":{"start":{"line":7,"column":0},"end":{"line":7,"column":35}},"7":{"start":{"line":8,"column":0},"end":{"line":8,"column":50}},"8":{"start":{"line":9,"column":0},"end":{"line":9,"column":50}},"9":{"start":{"line":10,"column":0},"end":{"line":10,"column":46}},"11":{"start":{"line":12,"column":0},"end":{"line":12,"column":52}},"12":{"start":{"line":13,"column":0},"end":{"line":13,"column":111}},"13":{"start":{"line":14,"column":0},"end":{"line":14,"column":18}},"14":{"start":{"line":15,"column":0},"end":{"line":15,"column":1}},"16":{"start":{"line":17,"column":0},"end":{"line":17,"column":55}},"17":{"start":{"line":18,"column":0},"end":{"line":18,"column":55}},"18":{"start":{"line":19,"column":0},"end":{"line":19,"column":51}},"20":{"start":{"line":21,"column":0},"end":{"line":21,"column":71}},"21":{"start":{"line":22,"column":0},"end":{"line":22,"column":102}},"22":{"start":{"line":23,"column":0},"end":{"line":23,"column":75}},"24":{"start":{"line":25,"column":0},"end":{"line":25,"column":49}},"25":{"start":{"line":26,"column":0},"end":{"line":26,"column":83}},"26":{"start":{"line":27,"column":0},"end":{"line":27,"column":18}},"27":{"start":{"line":28,"column":0},"end":{"line":28,"column":1}},"29":{"start":{"line":30,"column":0},"end":{"line":30,"column":43}},"30":{"start":{"line":31,"column":0},"end":{"line":31,"column":38}},"31":{"start":{"line":32,"column":0},"end":{"line":32,"column":55}},"33":{"start":{"line":34,"column":0},"end":{"line":34,"column":69}},"34":{"start":{"line":35,"column":0},"end":{"line":35,"column":14}},"35":{"start":{"line":36,"column":0},"end":{"line":36,"column":28}},"36":{"start":{"line":37,"column":0},"end":{"line":37,"column":106}},"37":{"start":{"line":38,"column":0},"end":{"line":38,"column":2}},"38":{"start":{"line":39,"column":0},"end":{"line":39,"column":76}},"40":{"start":{"line":41,"column":0},"end":{"line":41,"column":43}},"41":{"start":{"line":42,"column":0},"end":{"line":42,"column":98}},"42":{"start":{"line":43,"column":0},"end":{"line":43,"column":110}},"44":{"start":{"line":45,"column":0},"end":{"line":45,"column":77}},"46":{"start":{"line":47,"column":0},"end":{"line":47,"column":76}},"47":{"start":{"line":48,"column":0},"end":{"line":48,"column":39}},"48":{"start":{"line":49,"column":0},"end":{"line":49,"column":50}},"49":{"start":{"line":50,"column":0},"end":{"line":50,"column":21}},"50":{"start":{"line":51,"column":0},"end":{"line":51,"column":3}},"51":{"start":{"line":52,"column":0},"end":{"line":52,"column":29}},"52":{"start":{"line":53,"column":0},"end":{"line":53,"column":1}}},"s":{"0":0,"1":0,"2":0,"3":0,"4":0,"6":0,"7":0,"8":0,"9":0,"11":0,"12":0,"13":0,"14":0,"16":0,"17":0,"18":0,"20":0,"21":0,"22":0,"24":0,"25":0,"26":0,"27":0,"29":0,"30":0,"31":0,"33":0,"34":0,"35":0,"36":0,"37":0,"38":0,"40":0,"41":0,"42":0,"44":0,"46":0,"47":0,"48":0,"49":0,"50":0,"51":0,"52":0},"branchMap":{"0":{"type":"branch","line":1,"loc":{"start":{"line":1,"column":0},"end":{"line":53,"column":-526}},"locations":[{"start":{"line":1,"column":0},"end":{"line":53,"column":-526}}]}},"b":{"0":[0]},"fnMap":{"0":{"name":"(empty-report)","decl":{"start":{"line":1,"column":0},"end":{"line":53,"column":-526}},"loc":{"start":{"line":1,"column":0},"end":{"line":53,"column":-526}},"line":1}},"f":{"0":0}}
,"C:\\board-game-app\\scripts\\rulebook2ir.ts": {"path":"C:\\board-game-app\\scripts\\rulebook2ir.ts","all":true,"statementMap":{"0":{"start":{"line":1,"column":0},"end":{"line":1,"column":65}},"1":{"start":{"line":2,"column":0},"end":{"line":2,"column":55}},"2":{"start":{"line":3,"column":0},"end":{"line":3,"column":47}},"3":{"start":{"line":4,"column":0},"end":{"line":4,"column":77}},"4":{"start":{"line":5,"column":0},"end":{"line":5,"column":62}},"5":{"start":{"line":6,"column":0},"end":{"line":6,"column":78}},"7":{"start":{"line":8,"column":0},"end":{"line":8,"column":35}},"8":{"start":{"line":9,"column":0},"end":{"line":9,"column":44}},"9":{"start":{"line":10,"column":0},"end":{"line":10,"column":75}},"11":{"start":{"line":12,"column":0},"end":{"line":12,"column":17}},"12":{"start":{"line":13,"column":0},"end":{"line":13,"column":81}},"13":{"start":{"line":14,"column":0},"end":{"line":14,"column":18}},"14":{"start":{"line":15,"column":0},"end":{"line":15,"column":1}},"16":{"start":{"line":17,"column":0},"end":{"line":17,"column":56}},"17":{"start":{"line":18,"column":0},"end":{"line":18,"column":60}},"18":{"start":{"line":19,"column":0},"end":{"line":19,"column":49}},"20":{"start":{"line":21,"column":0},"end":{"line":21,"column":46}},"21":{"start":{"line":22,"column":0},"end":{"line":22,"column":41}},"22":{"start":{"line":23,"column":0},"end":{"line":23,"column":71}},"23":{"start":{"line":24,"column":0},"end":{"line":24,"column":75}},"25":{"start":{"line":26,"column":0},"end":{"line":26,"column":50}},"27":{"start":{"line":28,"column":0},"end":{"line":28,"column":54}},"28":{"start":{"line":29,"column":0},"end":{"line":29,"column":70}},"29":{"start":{"line":30,"column":0},"end":{"line":30,"column":65}},"30":{"start":{"line":31,"column":0},"end":{"line":31,"column":67}},"31":{"start":{"line":32,"column":0},"end":{"line":32,"column":84}},"33":{"start":{"line":34,"column":0},"end":{"line":34,"column":74}},"34":{"start":{"line":35,"column":0},"end":{"line":35,"column":125}},"35":{"start":{"line":36,"column":0},"end":{"line":36,"column":72}},"36":{"start":{"line":37,"column":0},"end":{"line":37,"column":14}},"37":{"start":{"line":38,"column":0},"end":{"line":38,"column":20}},"38":{"start":{"line":39,"column":0},"end":{"line":39,"column":112}},"39":{"start":{"line":40,"column":0},"end":{"line":40,"column":2}},"41":{"start":{"line":42,"column":0},"end":{"line":42,"column":41}},"42":{"start":{"line":43,"column":0},"end":{"line":43,"column":47}},"43":{"start":{"line":44,"column":0},"end":{"line":44,"column":43}},"44":{"start":{"line":45,"column":0},"end":{"line":45,"column":41}},"45":{"start":{"line":46,"column":0},"end":{"line":46,"column":43}},"46":{"start":{"line":47,"column":0},"end":{"line":47,"column":59}},"47":{"start":{"line":48,"column":0},"end":{"line":48,"column":92}},"49":{"start":{"line":50,"column":0},"end":{"line":50,"column":37}},"51":{"start":{"line":52,"column":0},"end":{"line":52,"column":76}},"52":{"start":{"line":53,"column":0},"end":{"line":53,"column":39}},"53":{"start":{"line":54,"column":0},"end":{"line":54,"column":50}},"54":{"start":{"line":55,"column":0},"end":{"line":55,"column":21}},"55":{"start":{"line":56,"column":0},"end":{"line":56,"column":3}},"56":{"start":{"line":57,"column":0},"end":{"line":57,"column":29}},"57":{"start":{"line":58,"column":0},"end":{"line":58,"column":1}},"59":{"start":{"line":60,"column":0},"end":{"line":60,"column":52}},"60":{"start":{"line":61,"column":0},"end":{"line":61,"column":38}},"61":{"start":{"line":62,"column":0},"end":{"line":62,"column":31}},"62":{"start":{"line":63,"column":0},"end":{"line":63,"column":20}},"63":{"start":{"line":64,"column":0},"end":{"line":64,"column":3}},"64":{"start":{"line":65,"column":0},"end":{"line":65,"column":46}},"65":{"start":{"line":66,"column":0},"end":{"line":66,"column":1}}},"s":{"0":0,"1":0,"2":0,"3":0,"4":0,"5":0,"7":0,"8":0,"9":0,"11":0,"12":0,"13":0,"14":0,"16":0,"17":0,"18":0,"20":0,"21":0,"22":0,"23":0,"25":0,"27":0,"28":0,"29":0,"30":0,"31":0,"33":0,"34":0,"35":0,"36":0,"37":0,"38":0,"39":0,"41":0,"42":0,"43":0,"44":0,"45":0,"46":0,"47":0,"49":0,"51":0,"52":0,"53":0,"54":0,"55":0,"56":0,"57":0,"59":0,"60":0,"61":0,"62":0,"63":0,"64":0,"65":0},"branchMap":{"0":{"type":"branch","line":1,"loc":{"start":{"line":1,"column":0},"end":{"line":66,"column":-810}},"locations":[{"start":{"line":1,"column":0},"end":{"line":66,"column":-810}}]}},"b":{"0":[0]},"fnMap":{"0":{"name":"(empty-report)","decl":{"start":{"line":1,"column":0},"end":{"line":66,"column":-810}},"loc":{"start":{"line":1,"column":0},"end":{"line":66,"column":-810}},"line":1}},"f":{"0":0}}
,"C:\\board-game-app\\scripts\\rulebookRun.ts": {"path":"C:\\board-game-app\\scripts\\rulebookRun.ts","all":true,"statementMap":{"0":{"start":{"line":1,"column":0},"end":{"line":1,"column":65}},"1":{"start":{"line":2,"column":0},"end":{"line":2,"column":55}},"2":{"start":{"line":3,"column":0},"end":{"line":3,"column":77}},"4":{"start":{"line":5,"column":0},"end":{"line":5,"column":35}},"5":{"start":{"line":6,"column":0},"end":{"line":6,"column":44}},"6":{"start":{"line":7,"column":0},"end":{"line":7,"column":49}},"7":{"start":{"line":8,"column":0},"end":{"line":8,"column":67}},"8":{"start":{"line":9,"column":0},"end":{"line":9,"column":71}},"9":{"start":{"line":10,"column":0},"end":{"line":10,"column":73}},"11":{"start":{"line":12,"column":0},"end":{"line":12,"column":17}},"12":{"start":{"line":13,"column":0},"end":{"line":13,"column":124}},"13":{"start":{"line":14,"column":0},"end":{"line":14,"column":18}},"14":{"start":{"line":15,"column":0},"end":{"line":15,"column":1}},"16":{"start":{"line":17,"column":0},"end":{"line":17,"column":56}},"17":{"start":{"line":18,"column":0},"end":{"line":18,"column":54}},"18":{"start":{"line":19,"column":0},"end":{"line":19,"column":47}},"20":{"start":{"line":21,"column":0},"end":{"line":21,"column":49}},"21":{"start":{"line":22,"column":0},"end":{"line":22,"column":36}},"22":{"start":{"line":23,"column":0},"end":{"line":23,"column":7}},"23":{"start":{"line":24,"column":0},"end":{"line":24,"column":7}},"24":{"start":{"line":25,"column":0},"end":{"line":25,"column":10}},"25":{"start":{"line":26,"column":0},"end":{"line":26,"column":10}},"26":{"start":{"line":27,"column":0},"end":{"line":27,"column":3}},"28":{"start":{"line":29,"column":0},"end":{"line":29,"column":54}},"29":{"start":{"line":30,"column":0},"end":{"line":30,"column":58}},"30":{"start":{"line":31,"column":0},"end":{"line":31,"column":62}},"31":{"start":{"line":32,"column":0},"end":{"line":32,"column":73}},"33":{"start":{"line":34,"column":0},"end":{"line":34,"column":70}},"34":{"start":{"line":35,"column":0},"end":{"line":35,"column":74}},"35":{"start":{"line":36,"column":0},"end":{"line":36,"column":98}},"37":{"start":{"line":38,"column":0},"end":{"line":38,"column":37}},"38":{"start":{"line":39,"column":0},"end":{"line":39,"column":74}},"39":{"start":{"line":40,"column":0},"end":{"line":40,"column":75}},"40":{"start":{"line":41,"column":0},"end":{"line":41,"column":88}},"41":{"start":{"line":42,"column":0},"end":{"line":42,"column":92}},"42":{"start":{"line":43,"column":0},"end":{"line":43,"column":1}},"44":{"start":{"line":45,"column":0},"end":{"line":45,"column":47}},"45":{"start":{"line":46,"column":0},"end":{"line":46,"column":37}},"46":{"start":{"line":47,"column":0},"end":{"line":47,"column":41}},"47":{"start":{"line":48,"column":0},"end":{"line":48,"column":51}},"48":{"start":{"line":49,"column":0},"end":{"line":49,"column":40}},"50":{"start":{"line":51,"column":0},"end":{"line":51,"column":32}},"52":{"start":{"line":53,"column":0},"end":{"line":53,"column":76}},"53":{"start":{"line":54,"column":0},"end":{"line":54,"column":39}},"54":{"start":{"line":55,"column":0},"end":{"line":55,"column":50}},"55":{"start":{"line":56,"column":0},"end":{"line":56,"column":21}},"56":{"start":{"line":57,"column":0},"end":{"line":57,"column":3}},"57":{"start":{"line":58,"column":0},"end":{"line":58,"column":29}},"58":{"start":{"line":59,"column":0},"end":{"line":59,"column":1}},"60":{"start":{"line":61,"column":0},"end":{"line":61,"column":78}},"61":{"start":{"line":62,"column":0},"end":{"line":62,"column":48}},"62":{"start":{"line":63,"column":0},"end":{"line":63,"column":48}},"63":{"start":{"line":64,"column":0},"end":{"line":64,"column":20}},"64":{"start":{"line":65,"column":0},"end":{"line":65,"column":3}},"65":{"start":{"line":66,"column":0},"end":{"line":66,"column":16}},"66":{"start":{"line":67,"column":0},"end":{"line":67,"column":1}},"68":{"start":{"line":69,"column":0},"end":{"line":69,"column":52}},"69":{"start":{"line":70,"column":0},"end":{"line":70,"column":38}},"70":{"start":{"line":71,"column":0},"end":{"line":71,"column":31}},"71":{"start":{"line":72,"column":0},"end":{"line":72,"column":20}},"72":{"start":{"line":73,"column":0},"end":{"line":73,"column":3}},"73":{"start":{"line":74,"column":0},"end":{"line":74,"column":46}},"74":{"start":{"line":75,"column":0},"end":{"line":75,"column":1}}},"s":{"0":0,"1":0,"2":0,"4":0,"5":0,"6":0,"7":0,"8":0,"9":0,"11":0,"12":0,"13":0,"14":0,"16":0,"17":0,"18":0,"20":0,"21":0,"22":0,"23":0,"24":0,"25":0,"26":0,"28":0,"29":0,"30":0,"31":0,"33":0,"34":0,"35":0,"37":0,"38":0,"39":0,"40":0,"41":0,"42":0,"44":0,"45":0,"46":0,"47":0,"48":0,"50":0,"52":0,"53":0,"54":0,"55":0,"56":0,"57":0,"58":0,"60":0,"61":0,"62":0,"63":0,"64":0,"65":0,"66":0,"68":0,"69":0,"70":0,"71":0,"72":0,"73":0,"74":0},"branchMap":{"0":{"type":"branch","line":1,"loc":{"start":{"line":1,"column":0},"end":{"line":75,"column":-560}},"locations":[{"start":{"line":1,"column":0},"end":{"line":75,"column":-560}}]}},"b":{"0":[0]},"fnMap":{"0":{"name":"(empty-report)","decl":{"start":{"line":1,"column":0},"end":{"line":75,"column":-560}},"loc":{"start":{"line":1,"column":0},"end":{"line":75,"column":-560}},"line":1}},"f":{"0":0}}
,"C:\\board-game-app\\scripts\\simulate.ts": {"path":"C:\\board-game-app\\scripts\\simulate.ts","all":true,"statementMap":{"0":{"start":{"line":1,"column":0},"end":{"line":1,"column":51}},"1":{"start":{"line":2,"column":0},"end":{"line":2,"column":36}},"2":{"start":{"line":3,"column":0},"end":{"line":3,"column":59}},"3":{"start":{"line":4,"column":0},"end":{"line":4,"column":59}},"4":{"start":{"line":5,"column":0},"end":{"line":5,"column":53}},"5":{"start":{"line":6,"column":0},"end":{"line":6,"column":50}},"7":{"start":{"line":8,"column":0},"end":{"line":8,"column":46}},"8":{"start":{"line":9,"column":0},"end":{"line":9,"column":49}},"9":{"start":{"line":10,"column":0},"end":{"line":10,"column":54}},"10":{"start":{"line":11,"column":0},"end":{"line":11,"column":85}},"12":{"start":{"line":13,"column":0},"end":{"line":13,"column":34}},"13":{"start":{"line":14,"column":0},"end":{"line":14,"column":12}},"14":{"start":{"line":15,"column":0},"end":{"line":15,"column":48}},"15":{"start":{"line":16,"column":0},"end":{"line":16,"column":1}},"17":{"start":{"line":18,"column":0},"end":{"line":18,"column":14}},"18":{"start":{"line":19,"column":0},"end":{"line":19,"column":33}},"19":{"start":{"line":20,"column":0},"end":{"line":20,"column":32}},"20":{"start":{"line":21,"column":0},"end":{"line":21,"column":2}},"22":{"start":{"line":23,"column":0},"end":{"line":23,"column":24}},"23":{"start":{"line":24,"column":0},"end":{"line":24,"column":7}},"24":{"start":{"line":25,"column":0},"end":{"line":25,"column":7}},"25":{"start":{"line":26,"column":0},"end":{"line":26,"column":7}},"26":{"start":{"line":27,"column":0},"end":{"line":27,"column":10}},"27":{"start":{"line":28,"column":0},"end":{"line":28,"column":10}},"28":{"start":{"line":29,"column":0},"end":{"line":29,"column":3}},"30":{"start":{"line":31,"column":0},"end":{"line":31,"column":65}},"31":{"start":{"line":32,"column":0},"end":{"line":32,"column":42}},"32":{"start":{"line":33,"column":0},"end":{"line":33,"column":96}},"33":{"start":{"line":34,"column":0},"end":{"line":34,"column":14}},"34":{"start":{"line":35,"column":0},"end":{"line":35,"column":13}},"35":{"start":{"line":36,"column":0},"end":{"line":36,"column":17}},"36":{"start":{"line":37,"column":0},"end":{"line":37,"column":5}},"37":{"start":{"line":38,"column":0},"end":{"line":38,"column":13}},"38":{"start":{"line":39,"column":0},"end":{"line":39,"column":11}},"39":{"start":{"line":40,"column":0},"end":{"line":40,"column":14}},"40":{"start":{"line":41,"column":0},"end":{"line":41,"column":15}},"41":{"start":{"line":42,"column":0},"end":{"line":42,"column":29}},"42":{"start":{"line":43,"column":0},"end":{"line":43,"column":52}},"43":{"start":{"line":44,"column":0},"end":{"line":44,"column":6}},"44":{"start":{"line":45,"column":0},"end":{"line":45,"column":9}},"45":{"start":{"line":46,"column":0},"end":{"line":46,"column":5}},"46":{"start":{"line":47,"column":0},"end":{"line":47,"column":3}},"47":{"start":{"line":48,"column":0},"end":{"line":48,"column":2}},"49":{"start":{"line":50,"column":0},"end":{"line":50,"column":68}},"50":{"start":{"line":51,"column":0},"end":{"line":51,"column":72}},"51":{"start":{"line":52,"column":0},"end":{"line":52,"column":75}},"52":{"start":{"line":53,"column":0},"end":{"line":53,"column":92}},"53":{"start":{"line":54,"column":0},"end":{"line":54,"column":42}},"55":{"start":{"line":56,"column":0},"end":{"line":56,"column":78}},"56":{"start":{"line":57,"column":0},"end":{"line":57,"column":48}},"57":{"start":{"line":58,"column":0},"end":{"line":58,"column":48}},"58":{"start":{"line":59,"column":0},"end":{"line":59,"column":20}},"59":{"start":{"line":60,"column":0},"end":{"line":60,"column":3}},"60":{"start":{"line":61,"column":0},"end":{"line":61,"column":16}},"61":{"start":{"line":62,"column":0},"end":{"line":62,"column":1}}},"s":{"0":0,"1":0,"2":0,"3":0,"4":0,"5":0,"7":0,"8":0,"9":0,"10":0,"12":0,"13":0,"14":0,"15":0,"17":0,"18":0,"19":0,"20":0,"22":0,"23":0,"24":0,"25":0,"26":0,"27":0,"28":0,"30":0,"31":0,"32":0,"33":0,"34":0,"35":0,"36":0,"37":0,"38":0,"39":0,"40":0,"41":0,"42":0,"43":0,"44":0,"45":0,"46":0,"47":0,"49":0,"50":0,"51":0,"52":0,"53":0,"55":0,"56":0,"57":0,"58":0,"59":0,"60":0,"61":0},"branchMap":{"0":{"type":"branch","line":1,"loc":{"start":{"line":1,"column":0},"end":{"line":62,"column":-583}},"locations":[{"start":{"line":1,"column":0},"end":{"line":62,"column":-583}}]}},"b":{"0":[0]},"fnMap":{"0":{"name":"(empty-report)","decl":{"start":{"line":1,"column":0},"end":{"line":62,"column":-583}},"loc":{"start":{"line":1,"column":0},"end":{"line":62,"column":-583}},"line":1}},"f":{"0":0}}
,"C:\\board-game-app\\src\\bots\\greedyBot.ts": {"path":"C:\\board-game-app\\src\\bots\\greedyBot.ts","all":false,"statementMap":{"3":{"start":{"line":4,"column":0},"end":{"line":4,"column":19}},"4":{"start":{"line":5,"column":0},"end":{"line":5,"column":12}},"5":{"start":{"line":6,"column":0},"end":{"line":6,"column":12}},"6":{"start":{"line":7,"column":0},"end":{"line":7,"column":12}},"7":{"start":{"line":8,"column":0},"end":{"line":8,"column":12}},"8":{"start":{"line":9,"column":0},"end":{"line":9,"column":12}},"9":{"start":{"line":10,"column":0},"end":{"line":10,"column":12}},"10":{"start":{"line":11,"column":0},"end":{"line":11,"column":12}},"11":{"start":{"line":12,"column":0},"end":{"line":12,"column":11}},"12":{"start":{"line":13,"column":0},"end":{"line":13,"column":11}},"14":{"start":{"line":15,"column":0},"end":{"line":15,"column":108}},"15":{"start":{"line":16,"column":0},"end":{"line":16,"column":10}},"16":{"start":{"line":17,"column":0},"end":{"line":17,"column":7}},"17":{"start":{"line":18,"column":0},"end":{"line":18,"column":28}},"18":{"start":{"line":19,"column":0},"end":{"line":19,"column":79}},"19":{"start":{"line":20,"column":0},"end":{"line":20,"column":27}},"20":{"start":{"line":21,"column":0},"end":{"line":21,"column":35}},"21":{"start":{"line":22,"column":0},"end":{"line":22,"column":7}},"23":{"start":{"line":24,"column":0},"end":{"line":24,"column":84}},"24":{"start":{"line":25,"column":0},"end":{"line":25,"column":22}},"25":{"start":{"line":26,"column":0},"end":{"line":26,"column":30}},"26":{"start":{"line":27,"column":0},"end":{"line":27,"column":7}},"28":{"start":{"line":29,"column":0},"end":{"line":29,"column":42}},"29":{"start":{"line":30,"column":0},"end":{"line":30,"column":77}},"30":{"start":{"line":31,"column":0},"end":{"line":31,"column":7}},"31":{"start":{"line":32,"column":0},"end":{"line":32,"column":68}},"32":{"start":{"line":33,"column":0},"end":{"line":33,"column":37}},"33":{"start":{"line":34,"column":0},"end":{"line":34,"column":6}},"34":{"start":{"line":35,"column":0},"end":{"line":35,"column":73}},"35":{"start":{"line":36,"column":0},"end":{"line":36,"column":4}},"36":{"start":{"line":37,"column":0},"end":{"line":37,"column":1}},"38":{"start":{"line":39,"column":0},"end":{"line":39,"column":86}},"39":{"start":{"line":40,"column":0},"end":{"line":40,"column":81}},"40":{"start":{"line":41,"column":0},"end":{"line":41,"column":32}},"41":{"start":{"line":42,"column":0},"end":{"line":42,"column":16}},"42":{"start":{"line":43,"column":0},"end":{"line":43,"column":3}},"44":{"start":{"line":45,"column":0},"end":{"line":45,"column":40}},"45":{"start":{"line":46,"column":0},"end":{"line":46,"column":45}},"46":{"start":{"line":47,"column":0},"end":{"line":47,"column":52}},"47":{"start":{"line":48,"column":0},"end":{"line":48,"column":78}},"48":{"start":{"line":49,"column":0},"end":{"line":49,"column":70}},"49":{"start":{"line":50,"column":0},"end":{"line":50,"column":12}},"50":{"start":{"line":51,"column":0},"end":{"line":51,"column":13}},"51":{"start":{"line":52,"column":0},"end":{"line":52,"column":29}},"52":{"start":{"line":53,"column":0},"end":{"line":53,"column":6}},"53":{"start":{"line":54,"column":0},"end":{"line":54,"column":5}},"55":{"start":{"line":56,"column":0},"end":{"line":56,"column":101}},"56":{"start":{"line":57,"column":0},"end":{"line":57,"column":26}},"57":{"start":{"line":58,"column":0},"end":{"line":58,"column":1}},"59":{"start":{"line":60,"column":0},"end":{"line":60,"column":139}},"60":{"start":{"line":61,"column":0},"end":{"line":61,"column":120}},"61":{"start":{"line":62,"column":0},"end":{"line":62,"column":32}},"62":{"start":{"line":63,"column":0},"end":{"line":63,"column":16}},"63":{"start":{"line":64,"column":0},"end":{"line":64,"column":3}},"65":{"start":{"line":66,"column":0},"end":{"line":66,"column":45}},"66":{"start":{"line":67,"column":0},"end":{"line":67,"column":15}},"67":{"start":{"line":68,"column":0},"end":{"line":68,"column":16}},"68":{"start":{"line":69,"column":0},"end":{"line":69,"column":3}},"70":{"start":{"line":71,"column":0},"end":{"line":71,"column":48}},"71":{"start":{"line":72,"column":0},"end":{"line":72,"column":55}},"73":{"start":{"line":74,"column":0},"end":{"line":74,"column":46}},"74":{"start":{"line":75,"column":0},"end":{"line":75,"column":40}},"75":{"start":{"line":76,"column":0},"end":{"line":76,"column":45}},"76":{"start":{"line":77,"column":0},"end":{"line":77,"column":19}},"77":{"start":{"line":78,"column":0},"end":{"line":78,"column":5}},"78":{"start":{"line":79,"column":0},"end":{"line":79,"column":29}},"79":{"start":{"line":80,"column":0},"end":{"line":80,"column":31}},"80":{"start":{"line":81,"column":0},"end":{"line":81,"column":46}},"81":{"start":{"line":82,"column":0},"end":{"line":82,"column":5}},"82":{"start":{"line":83,"column":0},"end":{"line":83,"column":15}},"83":{"start":{"line":84,"column":0},"end":{"line":84,"column":18}},"84":{"start":{"line":85,"column":0},"end":{"line":85,"column":3}},"86":{"start":{"line":87,"column":0},"end":{"line":87,"column":48}},"87":{"start":{"line":88,"column":0},"end":{"line":88,"column":40}},"88":{"start":{"line":89,"column":0},"end":{"line":89,"column":45}},"89":{"start":{"line":90,"column":0},"end":{"line":90,"column":19}},"90":{"start":{"line":91,"column":0},"end":{"line":91,"column":5}},"91":{"start":{"line":92,"column":0},"end":{"line":92,"column":29}},"92":{"start":{"line":93,"column":0},"end":{"line":93,"column":32}},"93":{"start":{"line":94,"column":0},"end":{"line":94,"column":47}},"94":{"start":{"line":95,"column":0},"end":{"line":95,"column":5}},"95":{"start":{"line":96,"column":0},"end":{"line":96,"column":17}},"96":{"start":{"line":97,"column":0},"end":{"line":97,"column":20}},"97":{"start":{"line":98,"column":0},"end":{"line":98,"column":3}},"99":{"start":{"line":100,"column":0},"end":{"line":100,"column":74}},"100":{"start":{"line":101,"column":0},"end":{"line":101,"column":15}},"101":{"start":{"line":102,"column":0},"end":{"line":102,"column":18}},"102":{"start":{"line":103,"column":0},"end":{"line":103,"column":3}},"104":{"start":{"line":105,"column":0},"end":{"line":105,"column":38}},"105":{"start":{"line":106,"column":0},"end":{"line":106,"column":87}},"106":{"start":{"line":107,"column":0},"end":{"line":107,"column":23}},"107":{"start":{"line":108,"column":0},"end":{"line":108,"column":26}},"108":{"start":{"line":109,"column":0},"end":{"line":109,"column":5}},"109":{"start":{"line":110,"column":0},"end":{"line":110,"column":3}},"111":{"start":{"line":112,"column":0},"end":{"line":112,"column":54}},"112":{"start":{"line":113,"column":0},"end":{"line":113,"column":27}},"113":{"start":{"line":114,"column":0},"end":{"line":114,"column":1}},"115":{"start":{"line":116,"column":0},"end":{"line":116,"column":79}},"116":{"start":{"line":117,"column":0},"end":{"line":117,"column":57}},"118":{"start":{"line":119,"column":0},"end":{"line":119,"column":32}},"119":{"start":{"line":120,"column":0},"end":{"line":120,"column":15}},"120":{"start":{"line":121,"column":0},"end":{"line":121,"column":15}},"121":{"start":{"line":122,"column":0},"end":{"line":122,"column":3}},"123":{"start":{"line":124,"column":0},"end":{"line":124,"column":36}},"124":{"start":{"line":125,"column":0},"end":{"line":125,"column":34}},"125":{"start":{"line":126,"column":0},"end":{"line":126,"column":37}},"126":{"start":{"line":127,"column":0},"end":{"line":127,"column":35}},"127":{"start":{"line":128,"column":0},"end":{"line":128,"column":48}},"128":{"start":{"line":129,"column":0},"end":{"line":129,"column":31}},"129":{"start":{"line":130,"column":0},"end":{"line":130,"column":7}},"130":{"start":{"line":131,"column":0},"end":{"line":131,"column":5}},"131":{"start":{"line":132,"column":0},"end":{"line":132,"column":3}},"133":{"start":{"line":134,"column":0},"end":{"line":134,"column":54}},"134":{"start":{"line":135,"column":0},"end":{"line":135,"column":34}},"135":{"start":{"line":136,"column":0},"end":{"line":136,"column":37}},"136":{"start":{"line":137,"column":0},"end":{"line":137,"column":35}},"137":{"start":{"line":138,"column":0},"end":{"line":138,"column":48}},"138":{"start":{"line":139,"column":0},"end":{"line":139,"column":31}},"139":{"start":{"line":140,"column":0},"end":{"line":140,"column":7}},"140":{"start":{"line":141,"column":0},"end":{"line":141,"column":5}},"141":{"start":{"line":142,"column":0},"end":{"line":142,"column":3}},"143":{"start":{"line":144,"column":0},"end":{"line":144,"column":13}},"144":{"start":{"line":145,"column":0},"end":{"line":145,"column":1}},"146":{"start":{"line":147,"column":0},"end":{"line":147,"column":80}},"147":{"start":{"line":148,"column":0},"end":{"line":148,"column":32}},"148":{"start":{"line":149,"column":0},"end":{"line":149,"column":15}},"149":{"start":{"line":150,"column":0},"end":{"line":150,"column":16}},"150":{"start":{"line":151,"column":0},"end":{"line":151,"column":3}},"152":{"start":{"line":153,"column":0},"end":{"line":153,"column":35}},"153":{"start":{"line":154,"column":0},"end":{"line":154,"column":44}},"154":{"start":{"line":155,"column":0},"end":{"line":155,"column":30}},"155":{"start":{"line":156,"column":0},"end":{"line":156,"column":80}},"156":{"start":{"line":157,"column":0},"end":{"line":157,"column":5}},"157":{"start":{"line":158,"column":0},"end":{"line":158,"column":3}},"159":{"start":{"line":160,"column":0},"end":{"line":160,"column":52}},"160":{"start":{"line":161,"column":0},"end":{"line":161,"column":96}},"161":{"start":{"line":162,"column":0},"end":{"line":162,"column":50}},"162":{"start":{"line":163,"column":0},"end":{"line":163,"column":51}},"163":{"start":{"line":164,"column":0},"end":{"line":164,"column":31}},"164":{"start":{"line":165,"column":0},"end":{"line":165,"column":67}},"165":{"start":{"line":166,"column":0},"end":{"line":166,"column":7}},"166":{"start":{"line":167,"column":0},"end":{"line":167,"column":5}},"167":{"start":{"line":168,"column":0},"end":{"line":168,"column":33}},"168":{"start":{"line":169,"column":0},"end":{"line":169,"column":23}},"169":{"start":{"line":170,"column":0},"end":{"line":170,"column":5}},"170":{"start":{"line":171,"column":0},"end":{"line":171,"column":3}},"172":{"start":{"line":173,"column":0},"end":{"line":173,"column":14}},"173":{"start":{"line":174,"column":0},"end":{"line":174,"column":1}},"175":{"start":{"line":176,"column":0},"end":{"line":176,"column":56}},"176":{"start":{"line":177,"column":0},"end":{"line":177,"column":32}},"177":{"start":{"line":178,"column":0},"end":{"line":178,"column":15}},"178":{"start":{"line":179,"column":0},"end":{"line":179,"column":15}},"179":{"start":{"line":180,"column":0},"end":{"line":180,"column":3}},"181":{"start":{"line":182,"column":0},"end":{"line":182,"column":98}},"182":{"start":{"line":183,"column":0},"end":{"line":183,"column":23}},"183":{"start":{"line":184,"column":0},"end":{"line":184,"column":15}},"184":{"start":{"line":185,"column":0},"end":{"line":185,"column":3}},"186":{"start":{"line":187,"column":0},"end":{"line":187,"column":37}},"187":{"start":{"line":188,"column":0},"end":{"line":188,"column":47}},"188":{"start":{"line":189,"column":0},"end":{"line":189,"column":38}},"189":{"start":{"line":190,"column":0},"end":{"line":190,"column":60}},"190":{"start":{"line":191,"column":0},"end":{"line":191,"column":30}},"191":{"start":{"line":192,"column":0},"end":{"line":192,"column":39}},"192":{"start":{"line":193,"column":0},"end":{"line":193,"column":18}},"193":{"start":{"line":194,"column":0},"end":{"line":194,"column":5}},"194":{"start":{"line":195,"column":0},"end":{"line":195,"column":3}},"196":{"start":{"line":197,"column":0},"end":{"line":197,"column":44}},"197":{"start":{"line":198,"column":0},"end":{"line":198,"column":76}},"198":{"start":{"line":199,"column":0},"end":{"line":199,"column":31}},"199":{"start":{"line":200,"column":0},"end":{"line":200,"column":43}},"200":{"start":{"line":201,"column":0},"end":{"line":201,"column":19}},"201":{"start":{"line":202,"column":0},"end":{"line":202,"column":3}},"203":{"start":{"line":204,"column":0},"end":{"line":204,"column":43}},"204":{"start":{"line":205,"column":0},"end":{"line":205,"column":1}},"206":{"start":{"line":207,"column":0},"end":{"line":207,"column":48}},"207":{"start":{"line":208,"column":0},"end":{"line":208,"column":37}},"208":{"start":{"line":209,"column":0},"end":{"line":209,"column":50}},"209":{"start":{"line":210,"column":0},"end":{"line":210,"column":50}},"210":{"start":{"line":211,"column":0},"end":{"line":211,"column":3}},"211":{"start":{"line":212,"column":0},"end":{"line":212,"column":42}},"212":{"start":{"line":213,"column":0},"end":{"line":213,"column":45}},"213":{"start":{"line":214,"column":0},"end":{"line":214,"column":25}},"214":{"start":{"line":215,"column":0},"end":{"line":215,"column":25}},"215":{"start":{"line":216,"column":0},"end":{"line":216,"column":57}},"216":{"start":{"line":217,"column":0},"end":{"line":217,"column":23}},"217":{"start":{"line":218,"column":0},"end":{"line":218,"column":5}},"218":{"start":{"line":219,"column":0},"end":{"line":219,"column":3}},"219":{"start":{"line":220,"column":0},"end":{"line":220,"column":12}},"220":{"start":{"line":221,"column":0},"end":{"line":221,"column":1}},"222":{"start":{"line":223,"column":0},"end":{"line":223,"column":83}},"223":{"start":{"line":224,"column":0},"end":{"line":224,"column":100}},"224":{"start":{"line":225,"column":0},"end":{"line":225,"column":1}},"226":{"start":{"line":227,"column":0},"end":{"line":227,"column":44}},"227":{"start":{"line":228,"column":0},"end":{"line":228,"column":82}},"228":{"start":{"line":229,"column":0},"end":{"line":229,"column":1}},"230":{"start":{"line":231,"column":0},"end":{"line":231,"column":67}},"231":{"start":{"line":232,"column":0},"end":{"line":232,"column":88}},"232":{"start":{"line":233,"column":0},"end":{"line":233,"column":1}}},"s":{"3":1,"4":1,"5":1,"6":1,"7":1,"8":1,"9":1,"10":1,"11":1,"12":1,"14":1,"15":3,"16":3,"17":3,"18":142,"19":142,"20":36,"21":36,"23":106,"24":142,"25":56,"26":56,"28":122,"29":0,"30":0,"31":50,"32":50,"33":142,"34":3,"35":3,"36":3,"38":142,"39":142,"40":142,"41":106,"42":106,"44":36,"45":36,"46":43,"47":43,"48":43,"49":43,"50":43,"51":43,"52":43,"53":36,"55":36,"56":36,"57":36,"59":106,"60":106,"61":106,"62":50,"63":50,"65":56,"66":106,"67":0,"68":0,"70":56,"71":106,"73":106,"74":350,"75":350,"76":0,"77":0,"78":350,"79":350,"80":350,"81":106,"82":106,"83":13,"84":13,"86":43,"87":289,"88":289,"89":0,"90":0,"91":289,"92":289,"93":289,"94":43,"95":106,"96":5,"97":5,"99":38,"100":106,"101":16,"102":16,"104":106,"105":37,"106":37,"107":19,"108":19,"109":37,"111":3,"112":3,"113":3,"115":36,"116":36,"118":36,"119":36,"120":0,"121":0,"123":36,"124":36,"125":36,"126":216,"127":216,"128":216,"129":216,"130":216,"131":36,"133":36,"134":36,"135":0,"136":0,"137":0,"138":0,"139":0,"140":0,"141":0,"143":36,"144":36,"146":56,"147":56,"148":56,"149":0,"150":0,"152":56,"153":36,"154":36,"155":36,"156":36,"157":36,"159":20,"160":56,"161":20,"162":20,"163":60,"164":180,"165":180,"166":60,"167":20,"168":20,"169":20,"170":20,"172":0,"173":0,"175":56,"176":56,"177":56,"178":0,"179":0,"181":56,"182":56,"183":0,"184":0,"186":56,"187":36,"188":36,"189":36,"190":36,"191":36,"192":36,"193":36,"194":36,"196":20,"197":56,"198":56,"199":56,"200":20,"201":20,"203":56,"204":56,"206":899,"207":899,"208":568,"209":568,"210":568,"211":331,"212":331,"213":331,"214":331,"215":331,"216":331,"217":331,"218":331,"219":0,"220":0,"222":639,"223":639,"224":639,"226":6,"227":6,"228":6,"230":1474,"231":1474,"232":1474},"branchMap":{"0":{"type":"branch","line":15,"loc":{"start":{"line":15,"column":7},"end":{"line":37,"column":1}},"locations":[{"start":{"line":15,"column":7},"end":{"line":37,"column":1}}]},"1":{"type":"branch","line":18,"loc":{"start":{"line":18,"column":18},"end":{"line":34,"column":6}},"locations":[{"start":{"line":18,"column":18},"end":{"line":34,"column":6}}]},"2":{"type":"branch","line":20,"loc":{"start":{"line":20,"column":26},"end":{"line":22,"column":7}},"locations":[{"start":{"line":20,"column":26},"end":{"line":22,"column":7}}]},"3":{"type":"branch","line":22,"loc":{"start":{"line":22,"column":6},"end":{"line":25,"column":21}},"locations":[{"start":{"line":22,"column":6},"end":{"line":25,"column":21}}]},"4":{"type":"branch","line":25,"loc":{"start":{"line":25,"column":21},"end":{"line":27,"column":7}},"locations":[{"start":{"line":25,"column":21},"end":{"line":27,"column":7}}]},"5":{"type":"branch","line":27,"loc":{"start":{"line":27,"column":6},"end":{"line":33,"column":37}},"locations":[{"start":{"line":27,"column":6},"end":{"line":33,"column":37}}]},"6":{"type":"branch","line":27,"loc":{"start":{"line":27,"column":6},"end":{"line":29,"column":41}},"locations":[{"start":{"line":27,"column":6},"end":{"line":29,"column":41}}]},"7":{"type":"branch","line":29,"loc":{"start":{"line":29,"column":41},"end":{"line":31,"column":7}},"locations":[{"start":{"line":29,"column":41},"end":{"line":31,"column":7}}]},"8":{"type":"branch","line":31,"loc":{"start":{"line":31,"column":6},"end":{"line":33,"column":37}},"locations":[{"start":{"line":31,"column":6},"end":{"line":33,"column":37}}]},"9":{"type":"branch","line":39,"loc":{"start":{"line":39,"column":0},"end":{"line":58,"column":1}},"locations":[{"start":{"line":39,"column":0},"end":{"line":58,"column":1}}]},"10":{"type":"branch","line":41,"loc":{"start":{"line":41,"column":31},"end":{"line":43,"column":3}},"locations":[{"start":{"line":41,"column":31},"end":{"line":43,"column":3}}]},"11":{"type":"branch","line":43,"loc":{"start":{"line":43,"column":2},"end":{"line":58,"column":1}},"locations":[{"start":{"line":43,"column":2},"end":{"line":58,"column":1}}]},"12":{"type":"branch","line":40,"loc":{"start":{"line":40,"column":41},"end":{"line":40,"column":79}},"locations":[{"start":{"line":40,"column":41},"end":{"line":40,"column":79}}]},"13":{"type":"branch","line":46,"loc":{"start":{"line":46,"column":32},"end":{"line":54,"column":3}},"locations":[{"start":{"line":46,"column":32},"end":{"line":54,"column":3}}]},"14":{"type":"branch","line":48,"loc":{"start":{"line":48,"column":64},"end":{"line":48,"column":78}},"locations":[{"start":{"line":48,"column":64},"end":{"line":48,"column":78}}]},"15":{"type":"branch","line":49,"loc":{"start":{"line":49,"column":59},"end":{"line":49,"column":70}},"locations":[{"start":{"line":49,"column":59},"end":{"line":49,"column":70}}]},"16":{"type":"branch","line":56,"loc":{"start":{"line":56,"column":14},"end":{"line":56,"column":99}},"locations":[{"start":{"line":56,"column":14},"end":{"line":56,"column":99}}]},"17":{"type":"branch","line":56,"loc":{"start":{"line":56,"column":36},"end":{"line":56,"column":99}},"locations":[{"start":{"line":56,"column":36},"end":{"line":56,"column":99}}]},"18":{"type":"branch","line":60,"loc":{"start":{"line":60,"column":0},"end":{"line":114,"column":1}},"locations":[{"start":{"line":60,"column":0},"end":{"line":114,"column":1}}]},"19":{"type":"branch","line":62,"loc":{"start":{"line":62,"column":31},"end":{"line":64,"column":3}},"locations":[{"start":{"line":62,"column":31},"end":{"line":64,"column":3}}]},"20":{"type":"branch","line":64,"loc":{"start":{"line":64,"column":2},"end":{"line":67,"column":14}},"locations":[{"start":{"line":64,"column":2},"end":{"line":67,"column":14}}]},"21":{"type":"branch","line":67,"loc":{"start":{"line":67,"column":14},"end":{"line":69,"column":3}},"locations":[{"start":{"line":67,"column":14},"end":{"line":69,"column":3}}]},"22":{"type":"branch","line":69,"loc":{"start":{"line":69,"column":2},"end":{"line":72,"column":51}},"locations":[{"start":{"line":69,"column":2},"end":{"line":72,"column":51}}]},"23":{"type":"branch","line":72,"loc":{"start":{"line":72,"column":45},"end":{"line":72,"column":55}},"locations":[{"start":{"line":72,"column":45},"end":{"line":72,"column":55}}]},"24":{"type":"branch","line":83,"loc":{"start":{"line":83,"column":14},"end":{"line":85,"column":3}},"locations":[{"start":{"line":83,"column":14},"end":{"line":85,"column":3}}]},"25":{"type":"branch","line":85,"loc":{"start":{"line":85,"column":2},"end":{"line":96,"column":16}},"locations":[{"start":{"line":85,"column":2},"end":{"line":96,"column":16}}]},"26":{"type":"branch","line":96,"loc":{"start":{"line":96,"column":16},"end":{"line":98,"column":3}},"locations":[{"start":{"line":96,"column":16},"end":{"line":98,"column":3}}]},"27":{"type":"branch","line":98,"loc":{"start":{"line":98,"column":2},"end":{"line":101,"column":14}},"locations":[{"start":{"line":98,"column":2},"end":{"line":101,"column":14}}]},"28":{"type":"branch","line":101,"loc":{"start":{"line":101,"column":14},"end":{"line":103,"column":3}},"locations":[{"start":{"line":101,"column":14},"end":{"line":103,"column":3}}]},"29":{"type":"branch","line":103,"loc":{"start":{"line":103,"column":2},"end":{"line":105,"column":37}},"locations":[{"start":{"line":103,"column":2},"end":{"line":105,"column":37}}]},"30":{"type":"branch","line":105,"loc":{"start":{"line":105,"column":37},"end":{"line":110,"column":3}},"locations":[{"start":{"line":105,"column":37},"end":{"line":110,"column":3}}]},"31":{"type":"branch","line":107,"loc":{"start":{"line":107,"column":22},"end":{"line":109,"column":5}},"locations":[{"start":{"line":107,"column":22},"end":{"line":109,"column":5}}]},"32":{"type":"branch","line":110,"loc":{"start":{"line":110,"column":2},"end":{"line":114,"column":1}},"locations":[{"start":{"line":110,"column":2},"end":{"line":114,"column":1}}]},"33":{"type":"branch","line":61,"loc":{"start":{"line":61,"column":41},"end":{"line":61,"column":118}},"locations":[{"start":{"line":61,"column":41},"end":{"line":61,"column":118}}]},"34":{"type":"branch","line":61,"loc":{"start":{"line":61,"column":69},"end":{"line":61,"column":118}},"locations":[{"start":{"line":61,"column":69},"end":{"line":61,"column":118}}]},"35":{"type":"branch","line":74,"loc":{"start":{"line":74,"column":33},"end":{"line":82,"column":3}},"locations":[{"start":{"line":74,"column":33},"end":{"line":82,"column":3}}]},"36":{"type":"branch","line":76,"loc":{"start":{"line":76,"column":44},"end":{"line":78,"column":5}},"locations":[{"start":{"line":76,"column":44},"end":{"line":78,"column":5}}]},"37":{"type":"branch","line":87,"loc":{"start":{"line":87,"column":35},"end":{"line":95,"column":3}},"locations":[{"start":{"line":87,"column":35},"end":{"line":95,"column":3}}]},"38":{"type":"branch","line":89,"loc":{"start":{"line":89,"column":44},"end":{"line":91,"column":5}},"locations":[{"start":{"line":89,"column":44},"end":{"line":91,"column":5}}]},"39":{"type":"branch","line":100,"loc":{"start":{"line":100,"column":33},"end":{"line":100,"column":72}},"locations":[{"start":{"line":100,"column":33},"end":{"line":100,"column":72}}]},"40":{"type":"branch","line":106,"loc":{"start":{"line":106,"column":41},"end":{"line":106,"column":85}},"locations":[{"start":{"line":106,"column":41},"end":{"line":106,"column":85}}]},"41":{"type":"branch","line":116,"loc":{"start":{"line":116,"column":0},"end":{"line":145,"column":1}},"locations":[{"start":{"line":116,"column":0},"end":{"line":145,"column":1}}]},"42":{"type":"branch","line":120,"loc":{"start":{"line":120,"column":14},"end":{"line":122,"column":3}},"locations":[{"start":{"line":120,"column":14},"end":{"line":122,"column":3}}]},"43":{"type":"branch","line":126,"loc":{"start":{"line":126,"column":36},"end":{"line":131,"column":5}},"locations":[{"start":{"line":126,"column":36},"end":{"line":131,"column":5}}]},"44":{"type":"branch","line":134,"loc":{"start":{"line":134,"column":42},"end":{"line":134,"column":54}},"locations":[{"start":{"line":134,"column":42},"end":{"line":134,"column":54}}]},"45":{"type":"branch","line":135,"loc":{"start":{"line":135,"column":33},"end":{"line":142,"column":3}},"locations":[{"start":{"line":135,"column":33},"end":{"line":142,"column":3}}]},"46":{"type":"branch","line":147,"loc":{"start":{"line":147,"column":0},"end":{"line":174,"column":1}},"locations":[{"start":{"line":147,"column":0},"end":{"line":174,"column":1}}]},"47":{"type":"branch","line":149,"loc":{"start":{"line":149,"column":14},"end":{"line":151,"column":3}},"locations":[{"start":{"line":149,"column":14},"end":{"line":151,"column":3}}]},"48":{"type":"branch","line":153,"loc":{"start":{"line":153,"column":34},"end":{"line":158,"column":3}},"locations":[{"start":{"line":153,"column":34},"end":{"line":158,"column":3}}]},"49":{"type":"branch","line":158,"loc":{"start":{"line":158,"column":2},"end":{"line":160,"column":52}},"locations":[{"start":{"line":158,"column":2},"end":{"line":160,"column":52}}]},"50":{"type":"branch","line":161,"loc":{"start":{"line":161,"column":31},"end":{"line":161,"column":64}},"locations":[{"start":{"line":161,"column":31},"end":{"line":161,"column":64}}]},"51":{"type":"branch","line":161,"loc":{"start":{"line":161,"column":59},"end":{"line":161,"column":95}},"locations":[{"start":{"line":161,"column":59},"end":{"line":161,"column":95}}]},"52":{"type":"branch","line":161,"loc":{"start":{"line":161,"column":95},"end":{"line":174,"column":1}},"locations":[{"start":{"line":161,"column":95},"end":{"line":174,"column":1}}]},"53":{"type":"branch","line":163,"loc":{"start":{"line":163,"column":50},"end":{"line":167,"column":5}},"locations":[{"start":{"line":163,"column":50},"end":{"line":167,"column":5}}]},"54":{"type":"branch","line":164,"loc":{"start":{"line":164,"column":30},"end":{"line":166,"column":7}},"locations":[{"start":{"line":164,"column":30},"end":{"line":166,"column":7}}]},"55":{"type":"branch","line":165,"loc":{"start":{"line":165,"column":32},"end":{"line":165,"column":54}},"locations":[{"start":{"line":165,"column":32},"end":{"line":165,"column":54}}]},"56":{"type":"branch","line":165,"loc":{"start":{"line":165,"column":48},"end":{"line":165,"column":61}},"locations":[{"start":{"line":165,"column":48},"end":{"line":165,"column":61}}]},"57":{"type":"branch","line":165,"loc":{"start":{"line":165,"column":54},"end":{"line":165,"column":65}},"locations":[{"start":{"line":165,"column":54},"end":{"line":165,"column":65}}]},"58":{"type":"branch","line":171,"loc":{"start":{"line":171,"column":2},"end":{"line":174,"column":1}},"locations":[{"start":{"line":171,"column":2},"end":{"line":174,"column":1}}]},"59":{"type":"branch","line":156,"loc":{"start":{"line":156,"column":24},"end":{"line":156,"column":78}},"locations":[{"start":{"line":156,"column":24},"end":{"line":156,"column":78}}]},"60":{"type":"branch","line":156,"loc":{"start":{"line":156,"column":44},"end":{"line":156,"column":66}},"locations":[{"start":{"line":156,"column":44},"end":{"line":156,"column":66}}]},"61":{"type":"branch","line":156,"loc":{"start":{"line":156,"column":60},"end":{"line":156,"column":73}},"locations":[{"start":{"line":156,"column":60},"end":{"line":156,"column":73}}]},"62":{"type":"branch","line":156,"loc":{"start":{"line":156,"column":66},"end":{"line":156,"column":78}},"locations":[{"start":{"line":156,"column":66},"end":{"line":156,"column":78}}]},"63":{"type":"branch","line":176,"loc":{"start":{"line":176,"column":0},"end":{"line":205,"column":1}},"locations":[{"start":{"line":176,"column":0},"end":{"line":205,"column":1}}]},"64":{"type":"branch","line":178,"loc":{"start":{"line":178,"column":14},"end":{"line":180,"column":3}},"locations":[{"start":{"line":178,"column":14},"end":{"line":180,"column":3}}]},"65":{"type":"branch","line":182,"loc":{"start":{"line":182,"column":72},"end":{"line":182,"column":98}},"locations":[{"start":{"line":182,"column":72},"end":{"line":182,"column":98}}]},"66":{"type":"branch","line":183,"loc":{"start":{"line":183,"column":22},"end":{"line":185,"column":3}},"locations":[{"start":{"line":183,"column":22},"end":{"line":185,"column":3}}]},"67":{"type":"branch","line":187,"loc":{"start":{"line":187,"column":36},"end":{"line":195,"column":3}},"locations":[{"start":{"line":187,"column":36},"end":{"line":195,"column":3}}]},"68":{"type":"branch","line":192,"loc":{"start":{"line":192,"column":17},"end":{"line":192,"column":38}},"locations":[{"start":{"line":192,"column":17},"end":{"line":192,"column":38}}]},"69":{"type":"branch","line":195,"loc":{"start":{"line":195,"column":2},"end":{"line":198,"column":66}},"locations":[{"start":{"line":195,"column":2},"end":{"line":198,"column":66}}]},"70":{"type":"branch","line":198,"loc":{"start":{"line":198,"column":62},"end":{"line":198,"column":76}},"locations":[{"start":{"line":198,"column":62},"end":{"line":198,"column":76}}]},"71":{"type":"branch","line":199,"loc":{"start":{"line":199,"column":18},"end":{"line":199,"column":31}},"locations":[{"start":{"line":199,"column":18},"end":{"line":199,"column":31}}]},"72":{"type":"branch","line":200,"loc":{"start":{"line":200,"column":18},"end":{"line":200,"column":42}},"locations":[{"start":{"line":200,"column":18},"end":{"line":200,"column":42}}]},"73":{"type":"branch","line":200,"loc":{"start":{"line":200,"column":42},"end":{"line":204,"column":39}},"locations":[{"start":{"line":200,"column":42},"end":{"line":204,"column":39}}]},"74":{"type":"branch","line":202,"loc":{"start":{"line":202,"column":2},"end":{"line":204,"column":39}},"locations":[{"start":{"line":202,"column":2},"end":{"line":204,"column":39}}]},"75":{"type":"branch","line":204,"loc":{"start":{"line":204,"column":33},"end":{"line":204,"column":43}},"locations":[{"start":{"line":204,"column":33},"end":{"line":204,"column":43}}]},"76":{"type":"branch","line":189,"loc":{"start":{"line":189,"column":11},"end":{"line":189,"column":37}},"locations":[{"start":{"line":189,"column":11},"end":{"line":189,"column":37}}]},"77":{"type":"branch","line":190,"loc":{"start":{"line":190,"column":12},"end":{"line":190,"column":58}},"locations":[{"start":{"line":190,"column":12},"end":{"line":190,"column":58}}]},"78":{"type":"branch","line":207,"loc":{"start":{"line":207,"column":0},"end":{"line":221,"column":1}},"locations":[{"start":{"line":207,"column":0},"end":{"line":221,"column":1}}]},"79":{"type":"branch","line":208,"loc":{"start":{"line":208,"column":36},"end":{"line":211,"column":3}},"locations":[{"start":{"line":208,"column":36},"end":{"line":211,"column":3}}]},"80":{"type":"branch","line":210,"loc":{"start":{"line":210,"column":39},"end":{"line":210,"column":50}},"locations":[{"start":{"line":210,"column":39},"end":{"line":210,"column":50}}]},"81":{"type":"branch","line":211,"loc":{"start":{"line":211,"column":2},"end":{"line":221,"column":1}},"locations":[{"start":{"line":211,"column":2},"end":{"line":221,"column":1}}]},"82":{"type":"branch","line":219,"loc":{"start":{"line":219,"column":2},"end":{"line":221,"column":1}},"locations":[{"start":{"line":219,"column":2},"end":{"line":221,"column":1}}]},"83":{"type":"branch","line":223,"loc":{"start":{"line":223,"column":0},"end":{"line":225,"column":1}},"locations":[{"start":{"line":223,"column":0},"end":{"line":225,"column":1}}]},"84":{"type":"branch","line":224,"loc":{"start":{"line":224,"column":24},"end":{"line":224,"column":98}},"locations":[{"start":{"line":224,"column":24},"end":{"line":224,"column":98}}]},"85":{"type":"branch","line":224,"loc":{"start":{"line":224,"column":52},"end":{"line":224,"column":81}},"locations":[{"start":{"line":224,"column":52},"end":{"line":224,"column":81}}]},"86":{"type":"branch","line":224,"loc":{"start":{"line":224,"column":73},"end":{"line":224,"column":98}},"locations":[{"start":{"line":224,"column":73},"end":{"line":224,"column":98}}]},"87":{"type":"branch","line":227,"loc":{"start":{"line":227,"column":0},"end":{"line":229,"column":1}},"locations":[{"start":{"line":227,"column":0},"end":{"line":229,"column":1}}]},"88":{"type":"branch","line":228,"loc":{"start":{"line":228,"column":65},"end":{"line":228,"column":78}},"locations":[{"start":{"line":228,"column":65},"end":{"line":228,"column":78}}]},"89":{"type":"branch","line":231,"loc":{"start":{"line":231,"column":0},"end":{"line":233,"column":1}},"locations":[{"start":{"line":231,"column":0},"end":{"line":233,"column":1}}]},"90":{"type":"branch","line":232,"loc":{"start":{"line":232,"column":9},"end":{"line":232,"column":47}},"locations":[{"start":{"line":232,"column":9},"end":{"line":232,"column":47}}]},"91":{"type":"branch","line":232,"loc":{"start":{"line":232,"column":35},"end":{"line":232,"column":83}},"locations":[{"start":{"line":232,"column":35},"end":{"line":232,"column":83}}]},"92":{"type":"branch","line":232,"loc":{"start":{"line":232,"column":47},"end":{"line":232,"column":88}},"locations":[{"start":{"line":232,"column":47},"end":{"line":232,"column":88}}]}},"b":{"0":[3],"1":[142],"2":[36],"3":[106],"4":[56],"5":[122],"6":[50],"7":[0],"8":[50],"9":[142],"10":[106],"11":[36],"12":[1023],"13":[43],"14":[0],"15":[0],"16":[9],"17":[3],"18":[106],"19":[50],"20":[56],"21":[0],"22":[56],"23":[0],"24":[13],"25":[43],"26":[5],"27":[38],"28":[16],"29":[22],"30":[37],"31":[19],"32":[3],"33":[724],"34":[500],"35":[350],"36":[0],"37":[289],"38":[0],"39":[204],"40":[56],"41":[36],"42":[0],"43":[216],"44":[0],"45":[0],"46":[56],"47":[0],"48":[36],"49":[20],"50":[20],"51":[20],"52":[20],"53":[60],"54":[180],"55":[155],"56":[50],"57":[130],"58":[0],"59":[324],"60":[274],"61":[100],"62":[224],"63":[56],"64":[0],"65":[0],"66":[0],"67":[36],"68":[0],"69":[20],"70":[0],"71":[20],"72":[0],"73":[20],"74":[0],"75":[0],"76":[72],"77":[36],"78":[899],"79":[568],"80":[0],"81":[331],"82":[0],"83":[639],"84":[5083],"85":[1011],"86":[251],"87":[6],"88":[0],"89":[1474],"90":[1438],"91":[1438],"92":[36]},"fnMap":{"0":{"name":"createGreedyBot","decl":{"start":{"line":15,"column":7},"end":{"line":37,"column":1}},"loc":{"start":{"line":15,"column":7},"end":{"line":37,"column":1}},"line":15},"1":{"name":"chooseAction","decl":{"start":{"line":18,"column":18},"end":{"line":34,"column":6}},"loc":{"start":{"line":18,"column":18},"end":{"line":34,"column":6}},"line":18},"2":{"name":"explain","decl":{"start":{"line":35,"column":13},"end":{"line":35,"column":73}},"loc":{"start":{"line":35,"column":13},"end":{"line":35,"column":73}},"line":35},"3":{"name":"chooseSplendorGreedy","decl":{"start":{"line":39,"column":0},"end":{"line":58,"column":1}},"loc":{"start":{"line":39,"column":0},"end":{"line":58,"column":1}},"line":39},"4":{"name":"chooseTicTacToeGreedy","decl":{"start":{"line":60,"column":0},"end":{"line":114,"column":1}},"loc":{"start":{"line":60,"column":0},"end":{"line":114,"column":1}},"line":60},"5":{"name":"extractCardMap","decl":{"start":{"line":116,"column":0},"end":{"line":145,"column":1}},"loc":{"start":{"line":116,"column":0},"end":{"line":145,"column":1}},"line":116},"6":{"name":"extractTicTacToeBoard","decl":{"start":{"line":147,"column":0},"end":{"line":174,"column":1}},"loc":{"start":{"line":147,"column":0},"end":{"line":174,"column":1}},"line":147},"7":{"name":"extractCurrentMark","decl":{"start":{"line":176,"column":0},"end":{"line":205,"column":1}},"loc":{"start":{"line":176,"column":0},"end":{"line":205,"column":1}},"line":176},"8":{"name":"actionToIndex","decl":{"start":{"line":207,"column":0},"end":{"line":221,"column":1}},"loc":{"start":{"line":207,"column":0},"end":{"line":221,"column":1}},"line":207},"9":{"name":"isWinningBoard","decl":{"start":{"line":223,"column":0},"end":{"line":225,"column":1}},"loc":{"start":{"line":223,"column":0},"end":{"line":225,"column":1}},"line":223},"10":{"name":"actionKey","decl":{"start":{"line":227,"column":0},"end":{"line":229,"column":1}},"loc":{"start":{"line":227,"column":0},"end":{"line":229,"column":1}},"line":227},"11":{"name":"asRecord","decl":{"start":{"line":231,"column":0},"end":{"line":233,"column":1}},"loc":{"start":{"line":231,"column":0},"end":{"line":233,"column":1}},"line":231}},"f":{"0":3,"1":142,"2":0,"3":142,"4":106,"5":36,"6":56,"7":56,"8":899,"9":639,"10":6,"11":1474}}
,"C:\\board-game-app\\src\\bots\\randomBot.ts": {"path":"C:\\board-game-app\\src\\bots\\randomBot.ts","all":false,"statementMap":{"3":{"start":{"line":4,"column":0},"end":{"line":4,"column":108}},"4":{"start":{"line":5,"column":0},"end":{"line":5,"column":10}},"5":{"start":{"line":6,"column":0},"end":{"line":6,"column":7}},"6":{"start":{"line":7,"column":0},"end":{"line":7,"column":46}},"7":{"start":{"line":8,"column":0},"end":{"line":8,"column":38}},"8":{"start":{"line":9,"column":0},"end":{"line":9,"column":77}},"9":{"start":{"line":10,"column":0},"end":{"line":10,"column":7}},"10":{"start":{"line":11,"column":0},"end":{"line":11,"column":60}},"11":{"start":{"line":12,"column":0},"end":{"line":12,"column":33}},"12":{"start":{"line":13,"column":0},"end":{"line":13,"column":6}},"13":{"start":{"line":14,"column":0},"end":{"line":14,"column":69}},"14":{"start":{"line":15,"column":0},"end":{"line":15,"column":4}},"15":{"start":{"line":16,"column":0},"end":{"line":16,"column":1}}},"s":{"3":1,"4":5,"5":5,"6":5,"7":343,"8":0,"9":0,"10":343,"11":343,"12":343,"13":5,"14":5,"15":5},"branchMap":{"0":{"type":"branch","line":4,"loc":{"start":{"line":4,"column":7},"end":{"line":16,"column":1}},"locations":[{"start":{"line":4,"column":7},"end":{"line":16,"column":1}}]},"1":{"type":"branch","line":7,"loc":{"start":{"line":7,"column":18},"end":{"line":13,"column":6}},"locations":[{"start":{"line":7,"column":18},"end":{"line":13,"column":6}}]},"2":{"type":"branch","line":8,"loc":{"start":{"line":8,"column":37},"end":{"line":10,"column":7}},"locations":[{"start":{"line":8,"column":37},"end":{"line":10,"column":7}}]}},"b":{"0":[5],"1":[343],"2":[0]},"fnMap":{"0":{"name":"createRandomBot","decl":{"start":{"line":4,"column":7},"end":{"line":16,"column":1}},"loc":{"start":{"line":4,"column":7},"end":{"line":16,"column":1}},"line":4},"1":{"name":"chooseAction","decl":{"start":{"line":7,"column":18},"end":{"line":13,"column":6}},"loc":{"start":{"line":7,"column":18},"end":{"line":13,"column":6}},"line":7},"2":{"name":"explain","decl":{"start":{"line":14,"column":13},"end":{"line":14,"column":69}},"loc":{"start":{"line":14,"column":13},"end":{"line":14,"column":69}},"line":14}},"f":{"0":5,"1":343,"2":0}}
,"C:\\board-game-app\\src\\bots\\types.ts": {"path":"C:\\board-game-app\\src\\bots\\types.ts","all":true,"statementMap":{},"s":{},"branchMap":{"0":{"type":"branch","line":1,"loc":{"start":{"line":1,"column":494},"end":{"line":16,"column":1}},"locations":[{"start":{"line":1,"column":494},"end":{"line":16,"column":1}}]}},"b":{"0":[1]},"fnMap":{"0":{"name":"(empty-report)","decl":{"start":{"line":1,"column":494},"end":{"line":16,"column":1}},"loc":{"start":{"line":1,"column":494},"end":{"line":16,"column":1}},"line":1}},"f":{"0":1}}
,"C:\\board-game-app\\src\\engine\\contracts.ts": {"path":"C:\\board-game-app\\src\\engine\\contracts.ts","all":true,"statementMap":{},"s":{},"branchMap":{"0":{"type":"branch","line":1,"loc":{"start":{"line":1,"column":852},"end":{"line":38,"column":1}},"locations":[{"start":{"line":1,"column":852},"end":{"line":38,"column":1}}]}},"b":{"0":[1]},"fnMap":{"0":{"name":"(empty-report)","decl":{"start":{"line":1,"column":852},"end":{"line":38,"column":1}},"loc":{"start":{"line":1,"column":852},"end":{"line":38,"column":1}},"line":1}},"f":{"0":1}}
,"C:\\board-game-app\\src\\engine\\invariantGate.ts": {"path":"C:\\board-game-app\\src\\engine\\invariantGate.ts","all":false,"statementMap":{"0":{"start":{"line":1,"column":0},"end":{"line":1,"column":32}},"31":{"start":{"line":32,"column":0},"end":{"line":32,"column":40}},"33":{"start":{"line":34,"column":0},"end":{"line":34,"column":67}},"34":{"start":{"line":35,"column":0},"end":{"line":35,"column":36}},"35":{"start":{"line":36,"column":0},"end":{"line":36,"column":33}},"36":{"start":{"line":37,"column":0},"end":{"line":37,"column":32}},"37":{"start":{"line":38,"column":0},"end":{"line":38,"column":9}},"38":{"start":{"line":39,"column":0},"end":{"line":39,"column":55}},"39":{"start":{"line":40,"column":0},"end":{"line":40,"column":69}},"40":{"start":{"line":41,"column":0},"end":{"line":41,"column":86}},"42":{"start":{"line":43,"column":0},"end":{"line":43,"column":40}},"43":{"start":{"line":44,"column":0},"end":{"line":44,"column":36}},"44":{"start":{"line":45,"column":0},"end":{"line":45,"column":67}},"45":{"start":{"line":46,"column":0},"end":{"line":46,"column":5}},"46":{"start":{"line":47,"column":0},"end":{"line":47,"column":3}},"47":{"start":{"line":48,"column":0},"end":{"line":48,"column":1}},"49":{"start":{"line":50,"column":0},"end":{"line":50,"column":69}},"50":{"start":{"line":51,"column":0},"end":{"line":51,"column":36}},"51":{"start":{"line":52,"column":0},"end":{"line":52,"column":33}},"52":{"start":{"line":53,"column":0},"end":{"line":53,"column":24}},"53":{"start":{"line":54,"column":0},"end":{"line":54,"column":14}},"54":{"start":{"line":55,"column":0},"end":{"line":55,"column":9}},"55":{"start":{"line":56,"column":0},"end":{"line":56,"column":67}},"56":{"start":{"line":57,"column":0},"end":{"line":57,"column":67}},"58":{"start":{"line":59,"column":0},"end":{"line":59,"column":56}},"59":{"start":{"line":60,"column":0},"end":{"line":60,"column":51}},"60":{"start":{"line":61,"column":0},"end":{"line":61,"column":65}},"61":{"start":{"line":62,"column":0},"end":{"line":62,"column":1}},"63":{"start":{"line":64,"column":0},"end":{"line":64,"column":72}},"64":{"start":{"line":65,"column":0},"end":{"line":65,"column":37}},"65":{"start":{"line":66,"column":0},"end":{"line":66,"column":11}},"66":{"start":{"line":67,"column":0},"end":{"line":67,"column":29}},"67":{"start":{"line":68,"column":0},"end":{"line":68,"column":9}},"68":{"start":{"line":69,"column":0},"end":{"line":69,"column":36}},"69":{"start":{"line":70,"column":0},"end":{"line":70,"column":55}},"70":{"start":{"line":71,"column":0},"end":{"line":71,"column":45}},"72":{"start":{"line":73,"column":0},"end":{"line":73,"column":33}},"73":{"start":{"line":74,"column":0},"end":{"line":74,"column":42}},"74":{"start":{"line":75,"column":0},"end":{"line":75,"column":43}},"75":{"start":{"line":76,"column":0},"end":{"line":76,"column":60}},"76":{"start":{"line":77,"column":0},"end":{"line":77,"column":57}},"77":{"start":{"line":78,"column":0},"end":{"line":78,"column":5}},"78":{"start":{"line":79,"column":0},"end":{"line":79,"column":3}},"79":{"start":{"line":80,"column":0},"end":{"line":80,"column":1}},"81":{"start":{"line":82,"column":0},"end":{"line":82,"column":36}},"82":{"start":{"line":83,"column":0},"end":{"line":83,"column":31}},"83":{"start":{"line":84,"column":0},"end":{"line":84,"column":24}},"84":{"start":{"line":85,"column":0},"end":{"line":85,"column":30}},"86":{"start":{"line":87,"column":0},"end":{"line":87,"column":64}},"87":{"start":{"line":88,"column":0},"end":{"line":88,"column":21}},"88":{"start":{"line":89,"column":0},"end":{"line":89,"column":45}},"89":{"start":{"line":90,"column":0},"end":{"line":90,"column":30}},"90":{"start":{"line":91,"column":0},"end":{"line":91,"column":3}},"92":{"start":{"line":93,"column":0},"end":{"line":93,"column":31}},"93":{"start":{"line":94,"column":0},"end":{"line":94,"column":28}},"94":{"start":{"line":95,"column":0},"end":{"line":95,"column":3}},"96":{"start":{"line":97,"column":0},"end":{"line":97,"column":30}},"97":{"start":{"line":98,"column":0},"end":{"line":98,"column":69}},"98":{"start":{"line":99,"column":0},"end":{"line":99,"column":26}},"99":{"start":{"line":100,"column":0},"end":{"line":100,"column":36}},"100":{"start":{"line":101,"column":0},"end":{"line":101,"column":3}},"102":{"start":{"line":103,"column":0},"end":{"line":103,"column":70}},"103":{"start":{"line":104,"column":0},"end":{"line":104,"column":108}},"104":{"start":{"line":105,"column":0},"end":{"line":105,"column":91}},"105":{"start":{"line":106,"column":0},"end":{"line":106,"column":5}},"106":{"start":{"line":107,"column":0},"end":{"line":107,"column":49}},"107":{"start":{"line":108,"column":0},"end":{"line":108,"column":62}},"108":{"start":{"line":109,"column":0},"end":{"line":109,"column":3}},"110":{"start":{"line":111,"column":0},"end":{"line":111,"column":23}},"111":{"start":{"line":112,"column":0},"end":{"line":112,"column":63}},"112":{"start":{"line":113,"column":0},"end":{"line":113,"column":3}},"113":{"start":{"line":114,"column":0},"end":{"line":114,"column":1}},"115":{"start":{"line":116,"column":0},"end":{"line":116,"column":69}},"116":{"start":{"line":117,"column":0},"end":{"line":117,"column":36}},"117":{"start":{"line":118,"column":0},"end":{"line":118,"column":33}},"118":{"start":{"line":119,"column":0},"end":{"line":119,"column":15}},"119":{"start":{"line":120,"column":0},"end":{"line":120,"column":18}},"120":{"start":{"line":121,"column":0},"end":{"line":121,"column":8}},"121":{"start":{"line":122,"column":0},"end":{"line":122,"column":32}},"122":{"start":{"line":123,"column":0},"end":{"line":123,"column":28}},"123":{"start":{"line":124,"column":0},"end":{"line":124,"column":81}},"124":{"start":{"line":125,"column":0},"end":{"line":125,"column":55}},"126":{"start":{"line":127,"column":0},"end":{"line":127,"column":28}},"127":{"start":{"line":128,"column":0},"end":{"line":128,"column":34}},"128":{"start":{"line":129,"column":0},"end":{"line":129,"column":19}},"129":{"start":{"line":130,"column":0},"end":{"line":130,"column":12}},"130":{"start":{"line":131,"column":0},"end":{"line":131,"column":5}},"132":{"start":{"line":133,"column":0},"end":{"line":133,"column":34}},"133":{"start":{"line":134,"column":0},"end":{"line":134,"column":72}},"134":{"start":{"line":135,"column":0},"end":{"line":135,"column":15}},"135":{"start":{"line":136,"column":0},"end":{"line":136,"column":5}},"137":{"start":{"line":138,"column":0},"end":{"line":138,"column":48}},"138":{"start":{"line":139,"column":0},"end":{"line":139,"column":55}},"139":{"start":{"line":140,"column":0},"end":{"line":140,"column":49}},"140":{"start":{"line":141,"column":0},"end":{"line":141,"column":32}},"141":{"start":{"line":142,"column":0},"end":{"line":142,"column":92}},"142":{"start":{"line":143,"column":0},"end":{"line":143,"column":47}},"143":{"start":{"line":144,"column":0},"end":{"line":144,"column":72}},"144":{"start":{"line":145,"column":0},"end":{"line":145,"column":46}},"146":{"start":{"line":147,"column":0},"end":{"line":147,"column":35}},"147":{"start":{"line":148,"column":0},"end":{"line":148,"column":30}},"148":{"start":{"line":149,"column":0},"end":{"line":149,"column":68}},"149":{"start":{"line":150,"column":0},"end":{"line":150,"column":7}},"150":{"start":{"line":151,"column":0},"end":{"line":151,"column":5}},"151":{"start":{"line":152,"column":0},"end":{"line":152,"column":3}},"153":{"start":{"line":154,"column":0},"end":{"line":154,"column":19}},"154":{"start":{"line":155,"column":0},"end":{"line":155,"column":1}},"156":{"start":{"line":157,"column":0},"end":{"line":157,"column":62}},"157":{"start":{"line":158,"column":0},"end":{"line":158,"column":36}},"158":{"start":{"line":159,"column":0},"end":{"line":159,"column":33}},"159":{"start":{"line":160,"column":0},"end":{"line":160,"column":15}},"160":{"start":{"line":161,"column":0},"end":{"line":161,"column":23}},"161":{"start":{"line":162,"column":0},"end":{"line":162,"column":22}},"162":{"start":{"line":163,"column":0},"end":{"line":163,"column":30}},"163":{"start":{"line":164,"column":0},"end":{"line":164,"column":31}},"164":{"start":{"line":165,"column":0},"end":{"line":165,"column":41}},"166":{"start":{"line":167,"column":0},"end":{"line":167,"column":47}},"167":{"start":{"line":168,"column":0},"end":{"line":168,"column":35}},"168":{"start":{"line":169,"column":0},"end":{"line":169,"column":12}},"169":{"start":{"line":170,"column":0},"end":{"line":170,"column":5}},"171":{"start":{"line":172,"column":0},"end":{"line":172,"column":38}},"172":{"start":{"line":173,"column":0},"end":{"line":173,"column":45}},"173":{"start":{"line":174,"column":0},"end":{"line":174,"column":52}},"174":{"start":{"line":175,"column":0},"end":{"line":175,"column":93}},"175":{"start":{"line":176,"column":0},"end":{"line":176,"column":26}},"176":{"start":{"line":177,"column":0},"end":{"line":177,"column":85}},"177":{"start":{"line":178,"column":0},"end":{"line":178,"column":5}},"179":{"start":{"line":180,"column":0},"end":{"line":180,"column":64}},"180":{"start":{"line":181,"column":0},"end":{"line":181,"column":57}},"181":{"start":{"line":182,"column":0},"end":{"line":182,"column":23}},"182":{"start":{"line":183,"column":0},"end":{"line":183,"column":3}},"184":{"start":{"line":185,"column":0},"end":{"line":185,"column":10}},"185":{"start":{"line":186,"column":0},"end":{"line":186,"column":38}},"186":{"start":{"line":187,"column":0},"end":{"line":187,"column":36}},"187":{"start":{"line":188,"column":0},"end":{"line":188,"column":21}},"188":{"start":{"line":189,"column":0},"end":{"line":189,"column":4}},"189":{"start":{"line":190,"column":0},"end":{"line":190,"column":1}},"191":{"start":{"line":192,"column":0},"end":{"line":192,"column":68}},"192":{"start":{"line":193,"column":0},"end":{"line":193,"column":75}},"193":{"start":{"line":194,"column":0},"end":{"line":194,"column":47}},"194":{"start":{"line":195,"column":0},"end":{"line":195,"column":1}},"196":{"start":{"line":197,"column":0},"end":{"line":197,"column":79}},"197":{"start":{"line":198,"column":0},"end":{"line":198,"column":30}},"198":{"start":{"line":199,"column":0},"end":{"line":199,"column":17}},"199":{"start":{"line":200,"column":0},"end":{"line":200,"column":3}},"201":{"start":{"line":202,"column":0},"end":{"line":202,"column":35}},"202":{"start":{"line":203,"column":0},"end":{"line":203,"column":34}},"204":{"start":{"line":205,"column":0},"end":{"line":205,"column":29}},"205":{"start":{"line":206,"column":0},"end":{"line":206,"column":23}},"206":{"start":{"line":207,"column":0},"end":{"line":207,"column":32}},"207":{"start":{"line":208,"column":0},"end":{"line":208,"column":32}},"208":{"start":{"line":209,"column":0},"end":{"line":209,"column":52}},"209":{"start":{"line":210,"column":0},"end":{"line":210,"column":74}},"210":{"start":{"line":211,"column":0},"end":{"line":211,"column":7}},"211":{"start":{"line":212,"column":0},"end":{"line":212,"column":15}},"212":{"start":{"line":213,"column":0},"end":{"line":213,"column":5}},"214":{"start":{"line":215,"column":0},"end":{"line":215,"column":88}},"215":{"start":{"line":216,"column":0},"end":{"line":216,"column":62}},"216":{"start":{"line":217,"column":0},"end":{"line":217,"column":5}},"217":{"start":{"line":218,"column":0},"end":{"line":218,"column":3}},"219":{"start":{"line":220,"column":0},"end":{"line":220,"column":46}},"220":{"start":{"line":221,"column":0},"end":{"line":221,"column":1}},"222":{"start":{"line":223,"column":0},"end":{"line":223,"column":45}},"223":{"start":{"line":224,"column":0},"end":{"line":224,"column":24}},"224":{"start":{"line":225,"column":0},"end":{"line":225,"column":44}},"225":{"start":{"line":226,"column":0},"end":{"line":226,"column":31}},"226":{"start":{"line":227,"column":0},"end":{"line":227,"column":43}},"227":{"start":{"line":228,"column":0},"end":{"line":228,"column":3}},"228":{"start":{"line":229,"column":0},"end":{"line":229,"column":14}},"229":{"start":{"line":230,"column":0},"end":{"line":230,"column":1}},"231":{"start":{"line":232,"column":0},"end":{"line":232,"column":45}},"232":{"start":{"line":233,"column":0},"end":{"line":233,"column":39}},"233":{"start":{"line":234,"column":0},"end":{"line":234,"column":1}},"235":{"start":{"line":236,"column":0},"end":{"line":236,"column":50}},"236":{"start":{"line":237,"column":0},"end":{"line":237,"column":23}},"237":{"start":{"line":238,"column":0},"end":{"line":238,"column":18}},"238":{"start":{"line":239,"column":0},"end":{"line":239,"column":3}},"240":{"start":{"line":241,"column":0},"end":{"line":241,"column":93}},"241":{"start":{"line":242,"column":0},"end":{"line":242,"column":33}},"242":{"start":{"line":243,"column":0},"end":{"line":243,"column":3}},"243":{"start":{"line":244,"column":0},"end":{"line":244,"column":37}},"244":{"start":{"line":245,"column":0},"end":{"line":245,"column":29}},"245":{"start":{"line":246,"column":0},"end":{"line":246,"column":3}},"246":{"start":{"line":247,"column":0},"end":{"line":247,"column":34}},"247":{"start":{"line":248,"column":0},"end":{"line":248,"column":44}},"248":{"start":{"line":249,"column":0},"end":{"line":249,"column":3}},"249":{"start":{"line":250,"column":0},"end":{"line":250,"column":65}},"250":{"start":{"line":251,"column":0},"end":{"line":251,"column":41}},"251":{"start":{"line":252,"column":0},"end":{"line":252,"column":3}},"253":{"start":{"line":254,"column":0},"end":{"line":254,"column":29}},"254":{"start":{"line":255,"column":0},"end":{"line":255,"column":73}},"255":{"start":{"line":256,"column":0},"end":{"line":256,"column":3}},"257":{"start":{"line":258,"column":0},"end":{"line":258,"column":106}},"258":{"start":{"line":259,"column":0},"end":{"line":259,"column":22}},"259":{"start":{"line":260,"column":0},"end":{"line":260,"column":88}},"260":{"start":{"line":261,"column":0},"end":{"line":261,"column":15}},"261":{"start":{"line":262,"column":0},"end":{"line":262,"column":21}},"262":{"start":{"line":263,"column":0},"end":{"line":263,"column":1}},"264":{"start":{"line":265,"column":0},"end":{"line":265,"column":39}},"265":{"start":{"line":266,"column":0},"end":{"line":266,"column":24}},"266":{"start":{"line":267,"column":0},"end":{"line":267,"column":45}},"267":{"start":{"line":268,"column":0},"end":{"line":268,"column":32}},"268":{"start":{"line":269,"column":0},"end":{"line":269,"column":43}},"269":{"start":{"line":270,"column":0},"end":{"line":270,"column":3}},"270":{"start":{"line":271,"column":0},"end":{"line":271,"column":44}},"271":{"start":{"line":272,"column":0},"end":{"line":272,"column":1}}},"s":{"0":1,"31":1,"33":1,"34":10,"35":10,"36":10,"37":10,"38":10,"39":10,"40":10,"42":10,"43":3987,"44":3751,"45":3751,"46":3987,"47":10,"49":1,"50":10,"51":10,"52":10,"53":10,"54":10,"55":10,"56":10,"58":10,"59":10,"60":10,"61":10,"63":1,"64":46,"65":46,"66":46,"67":46,"68":46,"69":263,"70":263,"72":263,"73":295,"74":295,"75":295,"76":295,"77":295,"78":263,"79":46,"81":1,"82":1,"83":6767,"84":6767,"86":1,"87":6767,"88":6767,"89":6767,"90":6767,"92":1,"93":0,"94":0,"96":1,"97":348,"98":348,"99":348,"100":348,"102":1,"103":348,"104":0,"105":0,"106":348,"107":348,"108":348,"110":1,"111":0,"112":0,"113":1,"115":10,"116":10,"117":10,"118":10,"119":10,"120":10,"121":10,"122":10,"123":10,"124":10,"126":10,"127":3987,"128":3987,"129":0,"130":0,"132":3987,"133":3987,"134":2812,"135":2812,"137":1175,"138":1175,"139":3987,"140":6734,"141":6734,"142":6734,"143":6734,"144":6734,"146":6734,"147":3977,"148":3977,"149":3977,"150":6734,"151":1175,"153":10,"154":10,"156":20,"157":20,"158":20,"159":20,"160":20,"161":20,"162":20,"163":20,"164":20,"166":20,"167":114,"168":0,"169":0,"171":114,"172":114,"173":114,"174":114,"175":114,"176":0,"177":0,"179":114,"180":114,"181":114,"182":114,"184":114,"185":114,"186":114,"187":114,"188":114,"189":114,"191":263,"192":263,"193":263,"194":263,"196":950,"197":950,"198":263,"199":263,"201":687,"202":687,"204":812,"205":719,"206":32,"207":32,"208":32,"209":0,"210":0,"211":32,"212":32,"214":719,"215":687,"216":687,"217":719,"219":687,"220":687,"222":6767,"223":6767,"224":6767,"225":253195,"226":253195,"227":253195,"228":6767,"229":6767,"231":15341,"232":15341,"233":15341,"235":371951,"236":371951,"237":55296,"238":55296,"240":371951,"241":207526,"242":207526,"243":371951,"244":16,"245":16,"246":371951,"247":0,"248":0,"249":371951,"250":0,"251":0,"253":371951,"254":37227,"255":37227,"257":71886,"258":71886,"259":71886,"260":71886,"261":71886,"262":71886,"264":15341,"265":15341,"266":15341,"267":3692987,"268":3692987,"269":3692987,"270":15341,"271":15341},"branchMap":{"0":{"type":"branch","line":34,"loc":{"start":{"line":34,"column":7},"end":{"line":48,"column":1}},"locations":[{"start":{"line":34,"column":7},"end":{"line":48,"column":1}}]},"1":{"type":"branch","line":39,"loc":{"start":{"line":39,"column":23},"end":{"line":39,"column":55}},"locations":[{"start":{"line":39,"column":23},"end":{"line":39,"column":55}}]},"2":{"type":"branch","line":40,"loc":{"start":{"line":40,"column":27},"end":{"line":40,"column":69}},"locations":[{"start":{"line":40,"column":27},"end":{"line":40,"column":69}}]},"3":{"type":"branch","line":43,"loc":{"start":{"line":43,"column":39},"end":{"line":47,"column":3}},"locations":[{"start":{"line":43,"column":39},"end":{"line":47,"column":3}}]},"4":{"type":"branch","line":44,"loc":{"start":{"line":44,"column":35},"end":{"line":46,"column":5}},"locations":[{"start":{"line":44,"column":35},"end":{"line":46,"column":5}}]},"5":{"type":"branch","line":50,"loc":{"start":{"line":50,"column":7},"end":{"line":62,"column":1}},"locations":[{"start":{"line":50,"column":7},"end":{"line":62,"column":1}}]},"6":{"type":"branch","line":64,"loc":{"start":{"line":64,"column":7},"end":{"line":80,"column":1}},"locations":[{"start":{"line":64,"column":7},"end":{"line":80,"column":1}}]},"7":{"type":"branch","line":69,"loc":{"start":{"line":69,"column":35},"end":{"line":79,"column":3}},"locations":[{"start":{"line":69,"column":35},"end":{"line":79,"column":3}}]},"8":{"type":"branch","line":73,"loc":{"start":{"line":73,"column":32},"end":{"line":78,"column":5}},"locations":[{"start":{"line":73,"column":32},"end":{"line":78,"column":5}}]},"9":{"type":"branch","line":83,"loc":{"start":{"line":83,"column":18},"end":{"line":85,"column":30}},"locations":[{"start":{"line":83,"column":18},"end":{"line":85,"column":30}}]},"10":{"type":"branch","line":87,"loc":{"start":{"line":87,"column":9},"end":{"line":91,"column":3}},"locations":[{"start":{"line":87,"column":9},"end":{"line":91,"column":3}}]},"11":{"type":"branch","line":97,"loc":{"start":{"line":97,"column":9},"end":{"line":101,"column":3}},"locations":[{"start":{"line":97,"column":9},"end":{"line":101,"column":3}}]},"12":{"type":"branch","line":103,"loc":{"start":{"line":103,"column":9},"end":{"line":109,"column":3}},"locations":[{"start":{"line":103,"column":9},"end":{"line":109,"column":3}}]},"13":{"type":"branch","line":104,"loc":{"start":{"line":104,"column":107},"end":{"line":106,"column":5}},"locations":[{"start":{"line":104,"column":107},"end":{"line":106,"column":5}}]},"14":{"type":"branch","line":116,"loc":{"start":{"line":116,"column":0},"end":{"line":155,"column":1}},"locations":[{"start":{"line":116,"column":0},"end":{"line":155,"column":1}}]},"15":{"type":"branch","line":127,"loc":{"start":{"line":127,"column":27},"end":{"line":152,"column":3}},"locations":[{"start":{"line":127,"column":27},"end":{"line":152,"column":3}}]},"16":{"type":"branch","line":129,"loc":{"start":{"line":129,"column":18},"end":{"line":131,"column":5}},"locations":[{"start":{"line":129,"column":18},"end":{"line":131,"column":5}}]},"17":{"type":"branch","line":134,"loc":{"start":{"line":134,"column":25},"end":{"line":134,"column":71}},"locations":[{"start":{"line":134,"column":25},"end":{"line":134,"column":71}}]},"18":{"type":"branch","line":134,"loc":{"start":{"line":134,"column":71},"end":{"line":136,"column":5}},"locations":[{"start":{"line":134,"column":71},"end":{"line":136,"column":5}}]},"19":{"type":"branch","line":136,"loc":{"start":{"line":136,"column":4},"end":{"line":140,"column":48}},"locations":[{"start":{"line":136,"column":4},"end":{"line":140,"column":48}}]},"20":{"type":"branch","line":140,"loc":{"start":{"line":140,"column":48},"end":{"line":151,"column":5}},"locations":[{"start":{"line":140,"column":48},"end":{"line":151,"column":5}}]},"21":{"type":"branch","line":147,"loc":{"start":{"line":147,"column":34},"end":{"line":150,"column":7}},"locations":[{"start":{"line":147,"column":34},"end":{"line":150,"column":7}}]},"22":{"type":"branch","line":151,"loc":{"start":{"line":151,"column":4},"end":{"line":152,"column":3}},"locations":[{"start":{"line":151,"column":4},"end":{"line":152,"column":3}}]},"23":{"type":"branch","line":157,"loc":{"start":{"line":157,"column":0},"end":{"line":190,"column":1}},"locations":[{"start":{"line":157,"column":0},"end":{"line":190,"column":1}}]},"24":{"type":"branch","line":167,"loc":{"start":{"line":167,"column":46},"end":{"line":190,"column":1}},"locations":[{"start":{"line":167,"column":46},"end":{"line":190,"column":1}}]},"25":{"type":"branch","line":168,"loc":{"start":{"line":168,"column":34},"end":{"line":170,"column":5}},"locations":[{"start":{"line":168,"column":34},"end":{"line":170,"column":5}}]},"26":{"type":"branch","line":176,"loc":{"start":{"line":176,"column":25},"end":{"line":178,"column":5}},"locations":[{"start":{"line":176,"column":25},"end":{"line":178,"column":5}}]},"27":{"type":"branch","line":175,"loc":{"start":{"line":175,"column":38},"end":{"line":175,"column":91}},"locations":[{"start":{"line":175,"column":38},"end":{"line":175,"column":91}}]},"28":{"type":"branch","line":192,"loc":{"start":{"line":192,"column":0},"end":{"line":195,"column":1}},"locations":[{"start":{"line":192,"column":0},"end":{"line":195,"column":1}}]},"29":{"type":"branch","line":193,"loc":{"start":{"line":193,"column":42},"end":{"line":193,"column":73}},"locations":[{"start":{"line":193,"column":42},"end":{"line":193,"column":73}}]},"30":{"type":"branch","line":197,"loc":{"start":{"line":197,"column":0},"end":{"line":221,"column":1}},"locations":[{"start":{"line":197,"column":0},"end":{"line":221,"column":1}}]},"31":{"type":"branch","line":198,"loc":{"start":{"line":198,"column":29},"end":{"line":200,"column":3}},"locations":[{"start":{"line":198,"column":29},"end":{"line":200,"column":3}}]},"32":{"type":"branch","line":200,"loc":{"start":{"line":200,"column":2},"end":{"line":218,"column":3}},"locations":[{"start":{"line":200,"column":2},"end":{"line":218,"column":3}}]},"33":{"type":"branch","line":200,"loc":{"start":{"line":200,"column":2},"end":{"line":205,"column":28}},"locations":[{"start":{"line":200,"column":
[...]
:{"start":{"line":56,"column":0},"end":{"line":56,"column":12}},"56":{"start":{"line":57,"column":0},"end":{"line":57,"column":5}},"57":{"start":{"line":58,"column":0},"end":{"line":58,"column":3}},"59":{"start":{"line":60,"column":0},"end":{"line":60,"column":40}},"60":{"start":{"line":61,"column":0},"end":{"line":61,"column":10}},"61":{"start":{"line":62,"column":0},"end":{"line":62,"column":16}},"62":{"start":{"line":63,"column":0},"end":{"line":63,"column":37}},"63":{"start":{"line":64,"column":0},"end":{"line":64,"column":14}},"64":{"start":{"line":65,"column":0},"end":{"line":65,"column":14}},"65":{"start":{"line":66,"column":0},"end":{"line":66,"column":34}},"66":{"start":{"line":67,"column":0},"end":{"line":67,"column":18}},"67":{"start":{"line":68,"column":0},"end":{"line":68,"column":5}},"68":{"start":{"line":69,"column":0},"end":{"line":69,"column":4}},"69":{"start":{"line":70,"column":0},"end":{"line":70,"column":1}},"71":{"start":{"line":72,"column":0},"end":{"line":72,"column":29}},"72":{"start":{"line":73,"column":0},"end":{"line":73,"column":31}},"73":{"start":{"line":74,"column":0},"end":{"line":74,"column":24}},"74":{"start":{"line":75,"column":0},"end":{"line":75,"column":30}},"76":{"start":{"line":77,"column":0},"end":{"line":77,"column":64}},"77":{"start":{"line":78,"column":0},"end":{"line":78,"column":21}},"78":{"start":{"line":79,"column":0},"end":{"line":79,"column":45}},"79":{"start":{"line":80,"column":0},"end":{"line":80,"column":30}},"80":{"start":{"line":81,"column":0},"end":{"line":81,"column":3}},"82":{"start":{"line":83,"column":0},"end":{"line":83,"column":31}},"83":{"start":{"line":84,"column":0},"end":{"line":84,"column":28}},"84":{"start":{"line":85,"column":0},"end":{"line":85,"column":3}},"86":{"start":{"line":87,"column":0},"end":{"line":87,"column":30}},"87":{"start":{"line":88,"column":0},"end":{"line":88,"column":69}},"88":{"start":{"line":89,"column":0},"end":{"line":89,"column":26}},"89":{"start":{"line":90,"column":0},"end":{"line":90,"column":36}},"90":{"start":{"line":91,"column":0},"end":{"line":91,"column":3}},"92":{"start":{"line":93,"column":0},"end":{"line":93,"column":70}},"93":{"start":{"line":94,"column":0},"end":{"line":94,"column":108}},"94":{"start":{"line":95,"column":0},"end":{"line":95,"column":91}},"95":{"start":{"line":96,"column":0},"end":{"line":96,"column":5}},"96":{"start":{"line":97,"column":0},"end":{"line":97,"column":49}},"97":{"start":{"line":98,"column":0},"end":{"line":98,"column":62}},"98":{"start":{"line":99,"column":0},"end":{"line":99,"column":3}},"100":{"start":{"line":101,"column":0},"end":{"line":101,"column":23}},"101":{"start":{"line":102,"column":0},"end":{"line":102,"column":63}},"102":{"start":{"line":103,"column":0},"end":{"line":103,"column":3}},"103":{"start":{"line":104,"column":0},"end":{"line":104,"column":1}},"105":{"start":{"line":106,"column":0},"end":{"line":106,"column":67}},"106":{"start":{"line":107,"column":0},"end":{"line":107,"column":49}},"107":{"start":{"line":108,"column":0},"end":{"line":108,"column":48}},"108":{"start":{"line":109,"column":0},"end":{"line":109,"column":31}},"109":{"start":{"line":110,"column":0},"end":{"line":110,"column":3}},"110":{"start":{"line":111,"column":0},"end":{"line":111,"column":26}},"111":{"start":{"line":112,"column":0},"end":{"line":112,"column":1}},"113":{"start":{"line":114,"column":0},"end":{"line":114,"column":55}},"114":{"start":{"line":115,"column":0},"end":{"line":115,"column":50}},"115":{"start":{"line":116,"column":0},"end":{"line":116,"column":20}},"116":{"start":{"line":117,"column":0},"end":{"line":117,"column":21}},"117":{"start":{"line":118,"column":0},"end":{"line":118,"column":28}},"118":{"start":{"line":119,"column":0},"end":{"line":119,"column":28}},"119":{"start":{"line":120,"column":0},"end":{"line":120,"column":18}},"120":{"start":{"line":121,"column":0},"end":{"line":121,"column":5}},"121":{"start":{"line":122,"column":0},"end":{"line":122,"column":49}},"122":{"start":{"line":123,"column":0},"end":{"line":123,"column":73}},"123":{"start":{"line":124,"column":0},"end":{"line":124,"column":26}},"124":{"start":{"line":125,"column":0},"end":{"line":125,"column":5}},"125":{"start":{"line":126,"column":0},"end":{"line":126,"column":19}},"126":{"start":{"line":127,"column":0},"end":{"line":127,"column":3}},"127":{"start":{"line":128,"column":0},"end":{"line":128,"column":58}},"128":{"start":{"line":129,"column":0},"end":{"line":129,"column":1}},"130":{"start":{"line":131,"column":0},"end":{"line":131,"column":82}},"131":{"start":{"line":132,"column":0},"end":{"line":132,"column":41}},"132":{"start":{"line":133,"column":0},"end":{"line":133,"column":91}},"133":{"start":{"line":134,"column":0},"end":{"line":134,"column":1}},"135":{"start":{"line":136,"column":0},"end":{"line":136,"column":50}},"136":{"start":{"line":137,"column":0},"end":{"line":137,"column":83}},"137":{"start":{"line":138,"column":0},"end":{"line":138,"column":1}},"139":{"start":{"line":140,"column":0},"end":{"line":140,"column":73}},"140":{"start":{"line":141,"column":0},"end":{"line":141,"column":41}},"141":{"start":{"line":142,"column":0},"end":{"line":142,"column":29}},"142":{"start":{"line":143,"column":0},"end":{"line":143,"column":16}},"143":{"start":{"line":144,"column":0},"end":{"line":144,"column":3}},"145":{"start":{"line":146,"column":0},"end":{"line":146,"column":38}},"146":{"start":{"line":147,"column":0},"end":{"line":147,"column":62}},"147":{"start":{"line":148,"column":0},"end":{"line":148,"column":16}},"148":{"start":{"line":149,"column":0},"end":{"line":149,"column":3}},"149":{"start":{"line":150,"column":0},"end":{"line":150,"column":23}},"150":{"start":{"line":151,"column":0},"end":{"line":151,"column":1}},"152":{"start":{"line":153,"column":0},"end":{"line":153,"column":50}},"153":{"start":{"line":154,"column":0},"end":{"line":154,"column":23}},"154":{"start":{"line":155,"column":0},"end":{"line":155,"column":18}},"155":{"start":{"line":156,"column":0},"end":{"line":156,"column":3}},"157":{"start":{"line":158,"column":0},"end":{"line":158,"column":93}},"158":{"start":{"line":159,"column":0},"end":{"line":159,"column":33}},"159":{"start":{"line":160,"column":0},"end":{"line":160,"column":3}},"160":{"start":{"line":161,"column":0},"end":{"line":161,"column":37}},"161":{"start":{"line":162,"column":0},"end":{"line":162,"column":29}},"162":{"start":{"line":163,"column":0},"end":{"line":163,"column":3}},"163":{"start":{"line":164,"column":0},"end":{"line":164,"column":29}},"164":{"start":{"line":165,"column":0},"end":{"line":165,"column":73}},"165":{"start":{"line":166,"column":0},"end":{"line":166,"column":3}},"167":{"start":{"line":168,"column":0},"end":{"line":168,"column":34}},"168":{"start":{"line":169,"column":0},"end":{"line":169,"column":108}},"169":{"start":{"line":170,"column":0},"end":{"line":170,"column":98}},"170":{"start":{"line":171,"column":0},"end":{"line":171,"column":3}},"171":{"start":{"line":172,"column":0},"end":{"line":172,"column":39}},"172":{"start":{"line":173,"column":0},"end":{"line":173,"column":1}},"174":{"start":{"line":175,"column":0},"end":{"line":175,"column":45}},"175":{"start":{"line":176,"column":0},"end":{"line":176,"column":24}},"176":{"start":{"line":177,"column":0},"end":{"line":177,"column":44}},"177":{"start":{"line":178,"column":0},"end":{"line":178,"column":31}},"178":{"start":{"line":179,"column":0},"end":{"line":179,"column":43}},"179":{"start":{"line":180,"column":0},"end":{"line":180,"column":3}},"180":{"start":{"line":181,"column":0},"end":{"line":181,"column":14}},"181":{"start":{"line":182,"column":0},"end":{"line":182,"column":1}}},"s":{"23":1,"24":36,"25":36,"26":36,"28":36,"29":36,"30":36,"32":36,"33":485,"34":0,"35":0,"37":485,"38":485,"39":0,"40":0,"42":485,"43":485,"44":485,"45":485,"46":0,"48":485,"49":485,"50":485,"51":485,"52":485,"54":485,"55":36,"56":36,"57":485,"59":36,"60":36,"61":36,"62":36,"63":36,"64":36,"65":36,"66":36,"67":36,"68":36,"69":36,"71":1,"72":1,"73":36,"74":36,"76":1,"77":36,"78":36,"79":36,"80":36,"82":1,"83":0,"84":0,"86":1,"87":554,"88":554,"89":554,"90":554,"92":1,"93":554,"94":0,"95":0,"96":554,"97":554,"98":554,"100":1,"101":0,"102":0,"103":1,"105":485,"106":485,"107":485,"108":485,"109":485,"110":0,"111":0,"113":485,"114":485,"115":485,"116":485,"117":485,"118":0,"119":0,"120":0,"121":0,"122":0,"123":0,"124":0,"125":0,"126":0,"127":485,"128":485,"130":485,"131":485,"132":485,"133":485,"135":3318,"136":3318,"137":3318,"139":36,"140":36,"141":36,"142":0,"143":0,"145":36,"146":36,"147":4,"148":4,"149":32,"150":32,"152":19641,"153":19641,"154":0,"155":0,"157":19641,"158":11781,"159":11781,"160":19641,"161":0,"162":0,"163":19641,"164":4542,"165":4542,"167":3318,"168":3318,"169":3318,"170":3318,"171":0,"172":0,"174":36,"175":36,"176":36,"177":667,"178":667,"179":667,"180":36,"181":36},"branchMap":{"0":{"type":"branch","line":24,"loc":{"start":{"line":24,"column":7},"end":{"line":70,"column":1}},"locations":[{"start":{"line":24,"column":7},"end":{"line":70,"column":1}}]},"1":{"type":"branch","line":33,"loc":{"start":{"line":33,"column":64},"end":{"line":58,"column":3}},"locations":[{"start":{"line":33,"column":64},"end":{"line":58,"column":3}}]},"2":{"type":"branch","line":34,"loc":{"start":{"line":34,"column":32},"end":{"line":36,"column":5}},"locations":[{"start":{"line":34,"column":32},"end":{"line":36,"column":5}}]},"3":{"type":"branch","line":39,"loc":{"start":{"line":39,"column":35},"end":{"line":41,"column":5}},"locations":[{"start":{"line":39,"column":35},"end":{"line":41,"column":5}}]},"4":{"type":"branch","line":46,"loc":{"start":{"line":46,"column":84},"end":{"line":47,"column":24}},"locations":[{"start":{"line":46,"column":84},"end":{"line":47,"column":24}}]},"5":{"type":"branch","line":52,"loc":{"start":{"line":52,"column":57},"end":{"line":52,"column":67}},"locations":[{"start":{"line":52,"column":57},"end":{"line":52,"column":67}}]},"6":{"type":"branch","line":55,"loc":{"start":{"line":55,"column":23},"end":{"line":57,"column":5}},"locations":[{"start":{"line":55,"column":23},"end":{"line":57,"column":5}}]},"7":{"type":"branch","line":73,"loc":{"start":{"line":73,"column":18},"end":{"line":75,"column":30}},"locations":[{"start":{"line":73,"column":18},"end":{"line":75,"column":30}}]},"8":{"type":"branch","line":77,"loc":{"start":{"line":77,"column":9},"end":{"line":81,"column":3}},"locations":[{"start":{"line":77,"column":9},"end":{"line":81,"column":3}}]},"9":{"type":"branch","line":87,"loc":{"start":{"line":87,"column":9},"end":{"line":91,"column":3}},"locations":[{"start":{"line":87,"column":9},"end":{"line":91,"column":3}}]},"10":{"type":"branch","line":93,"loc":{"start":{"line":93,"column":9},"end":{"line":99,"column":3}},"locations":[{"start":{"line":93,"column":9},"end":{"line":99,"column":3}}]},"11":{"type":"branch","line":94,"loc":{"start":{"line":94,"column":107},"end":{"line":96,"column":5}},"locations":[{"start":{"line":94,"column":107},"end":{"line":96,"column":5}}]},"12":{"type":"branch","line":106,"loc":{"start":{"line":106,"column":0},"end":{"line":112,"column":1}},"locations":[{"start":{"line":106,"column":0},"end":{"line":112,"column":1}}]},"13":{"type":"branch","line":110,"loc":{"start":{"line":110,"column":2},"end":{"line":112,"column":1}},"locations":[{"start":{"line":110,"column":2},"end":{"line":112,"column":1}}]},"14":{"type":"branch","line":114,"loc":{"start":{"line":114,"column":0},"end":{"line":129,"column":1}},"locations":[{"start":{"line":114,"column":0},"end":{"line":129,"column":1}}]},"15":{"type":"branch","line":118,"loc":{"start":{"line":118,"column":27},"end":{"line":127,"column":3}},"locations":[{"start":{"line":118,"column":27},"end":{"line":127,"column":3}}]},"16":{"type":"branch","line":128,"loc":{"start":{"line":128,"column":22},"end":{"line":128,"column":53}},"locations":[{"start":{"line":128,"column":22},"end":{"line":128,"column":53}}]},"17":{"type":"branch","line":128,"loc":{"start":{"line":128,"column":48},"end":{"line":128,"column":58}},"locations":[{"start":{"line":128,"column":48},"end":{"line":128,"column":58}}]},"18":{"type":"branch","line":131,"loc":{"start":{"line":131,"column":0},"end":{"line":134,"column":1}},"locations":[{"start":{"line":131,"column":0},"end":{"line":134,"column":1}}]},"19":{"type":"branch","line":133,"loc":{"start":{"line":133,"column":70},"end":{"line":133,"column":91}},"locations":[{"start":{"line":133,"column":70},"end":{"line":133,"column":91}}]},"20":{"type":"branch","line":133,"loc":{"start":{"line":133,"column":27},"end":{"line":133,"column":70}},"locations":[{"start":{"line":133,"column":27},"end":{"line":133,"column":70}}]},"21":{"type":"branch","line":136,"loc":{"start":{"line":136,"column":0},"end":{"line":138,"column":1}},"locations":[{"start":{"line":136,"column":0},"end":{"line":138,"column":1}}]},"22":{"type":"branch","line":137,"loc":{"start":{"line":137,"column":66},"end":{"line":137,"column":79}},"locations":[{"start":{"line":137,"column":66},"end":{"line":137,"column":79}}]},"23":{"type":"branch","line":140,"loc":{"start":{"line":140,"column":0},"end":{"line":151,"column":1}},"locations":[{"start":{"line":140,"column":0},"end":{"line":151,"column":1}}]},"24":{"type":"branch","line":142,"loc":{"start":{"line":142,"column":28},"end":{"line":144,"column":3}},"locations":[{"start":{"line":142,"column":28},"end":{"line":144,"column":3}}]},"25":{"type":"branch","line":147,"loc":{"start":{"line":147,"column":61},"end":{"line":149,"column":3}},"locations":[{"start":{"line":147,"column":61},"end":{"line":149,"column":3}}]},"26":{"type":"branch","line":149,"loc":{"start":{"line":149,"column":2},"end":{"line":151,"column":1}},"locations":[{"start":{"line":149,"column":2},"end":{"line":151,"column":1}}]},"27":{"type":"branch","line":146,"loc":{"start":{"line":146,"column":15},"end":{"line":146,"column":36}},"locations":[{"start":{"line":146,"column":15},"end":{"line":146,"column":36}}]},"28":{"type":"branch","line":153,"loc":{"start":{"line":153,"column":0},"end":{"line":173,"column":1}},"locations":[{"start":{"line":153,"column":0},"end":{"line":173,"column":1}}]},"29":{"type":"branch","line":154,"loc":{"start":{"line":154,"column":22},"end":{"line":156,"column":3}},"locations":[{"start":{"line":154,"column":22},"end":{"line":156,"column":3}}]},"30":{"type":"branch","line":158,"loc":{"start":{"line":158,"column":23},"end":{"line":158,"column":64}},"locations":[{"start":{"line":158,"column":23},"end":{"line":158,"column":64}}]},"31":{"type":"branch","line":158,"loc":{"start":{"line":158,"column":52},"end":{"line":158,"column":92}},"locations":[{"start":{"line":158,"column":52},"end":{"line":158,"column":92}}]},"32":{"type":"branch","line":158,"loc":{"start":{"line":158,"column":92},"end":{"line":160,"column":3}},"locations":[{"start":{"line":158,"column":92},"end":{"line":160,"column":3}}]},"33":{"type":"branch","line":160,"loc":{"start":{"line":160,"column":2},"end":{"line":161,"column":36}},"locations":[{"start":{"line":160,"column":2},"end":{"line":161,"column":36}}]},"34":{"type":"branch","line":161,"loc":{"start":{"line":161,"column":36},"end":{"line":163,"column":3}},"locations":[{"start":{"line":161,"column":36},"end":{"line":163,"column":3}}]},"35":{"type":"branch","line":163,"loc":{"start":{"line":163,"column":2},"end":{"line":164,"column":28}},"locations":[{"start":{"line":163,"column":2},"end":{"line":164,"column":28}}]},"36":{"type":"branch","line":164,"loc":{"start":{"line":164,"column":28},"end":{"line":166,"column":3}},"locations":[{"start":{"line":164,"column":28},"end":{"line":166,"column":3}}]},"37":{"type":"branch","line":166,"loc":{"start":{"line":166,"column":2},"end":{"line":171,"column":3}},"locations":[{"start":{"line":166,"column":2},"end":{"line":171,"column":3}}]},"38":{"type":"branch","line":171,"loc":{"start":{"line":171,"column":2},"end":{"line":173,"column":1}},"locations":[{"start":{"line":171,"column":2},"end":{"line":173,"column":1}}]},"39":{"type":"branch","line":165,"loc":{"start":{"line":165,"column":25},"end":{"line":165,"column":58}},"locations":[{"start":{"line":165,"column":25},"end":{"line":165,"column":58}}]},"40":{"type":"branch","line":169,"loc":{"start":{"line":169,"column":74},"end":{"line":169,"column":106}},"locations":[{"start":{"line":169,"column":74},"end":{"line":169,"column":106}}]},"41":{"type":"branch","line":170,"loc":{"start":{"line":170,"column":27},"end":{"line":170,"column":83}},"locations":[{"start":{"line":170,"column":27},"end":{"line":170,"column":83}}]},"42":{"type":"branch","line":175,"loc":{"start":{"line":175,"column":0},"end":{"line":182,"column":1}},"locations":[{"start":{"line":175,"column":0},"end":{"line":182,"column":1}}]},"43":{"type":"branch","line":177,"loc":{"start":{"line":177,"column":43},"end":{"line":180,"column":3}},"locations":[{"start":{"line":177,"column":43},"end":{"line":180,"column":3}}]}},"b":{"0":[36],"1":[485],"2":[0],"3":[0],"4":[0],"5":[56],"6":[36],"7":[36],"8":[36],"9":[554],"10":[554],"11":[0],"12":[485],"13":[0],"14":[485],"15":[0],"16":[0],"17":[0],"18":[485],"19":[0],"20":[2833],"21":[3318],"22":[0],"23":[36],"24":[0],"25":[4],"26":[32],"27":[36],"28":[19641],"29":[0],"30":[8452],"31":[7860],"32":[11781],"33":[7860],"34":[0],"35":[7860],"36":[4542],"37":[3318],"38":[0],"39":[11092],"40":[2421],"41":[5231],"42":[36],"43":[667]},"fnMap":{"0":{"name":"runMatch","decl":{"start":{"line":24,"column":7},"end":{"line":70,"column":1}},"loc":{"start":{"line":24,"column":7},"end":{"line":70,"column":1}},"line":24},"1":{"name":"<instance_members_initializer>","decl":{"start":{"line":73,"column":18},"end":{"line":75,"column":30}},"loc":{"start":{"line":73,"column":18},"end":{"line":75,"column":30}},"line":73},"2":{"name":"LcgRng","decl":{"start":{"line":77,"column":9},"end":{"line":81,"column":3}},"loc":{"start":{"line":77,"column":9},"end":{"line":81,"column":3}},"line":77},"3":{"name":"get cursor","decl":{"start":{"line":83,"column":2},"end":{"line":85,"column":3}},"loc":{"start":{"line":83,"column":2},"end":{"line":85,"column":3}},"line":83},"4":{"name":"nextFloat","decl":{"start":{"line":87,"column":9},"end":{"line":91,"column":3}},"loc":{"start":{"line":87,"column":9},"end":{"line":91,"column":3}},"line":87},"5":{"name":"nextInt","decl":{"start":{"line":93,"column":9},"end":{"line":99,"column":3}},"loc":{"start":{"line":93,"column":9},"end":{"line":99,"column":3}},"line":93},"6":{"name":"clone","decl":{"start":{"line":101,"column":9},"end":{"line":103,"column":3}},"loc":{"start":{"line":101,"column":9},"end":{"line":103,"column":3}},"line":101},"7":{"name":"inferCurrentPlayer","decl":{"start":{"line":106,"column":0},"end":{"line":112,"column":1}},"loc":{"start":{"line":106,"column":0},"end":{"line":112,"column":1}},"line":106},"8":{"name":"resolveBot","decl":{"start":{"line":114,"column":0},"end":{"line":129,"column":1}},"loc":{"start":{"line":114,"column":0},"end":{"line":129,"column":1}},"line":114},"9":{"name":"ensureLegalAction","decl":{"start":{"line":131,"column":0},"end":{"line":134,"column":1}},"loc":{"start":{"line":131,"column":0},"end":{"line":134,"column":1}},"line":131},"10":{"name":"canonicalAction","decl":{"start":{"line":136,"column":0},"end":{"line":138,"column":1}},"loc":{"start":{"line":136,"column":0},"end":{"line":138,"column":1}},"line":136},"11":{"name":"inferWinner","decl":{"start":{"line":140,"column":0},"end":{"line":151,"column":1}},"loc":{"start":{"line":140,"column":0},"end":{"line":151,"column":1}},"line":140},"12":{"name":"stableStringify","decl":{"start":{"line":153,"column":0},"end":{"line":173,"column":1}},"loc":{"start":{"line":153,"column":0},"end":{"line":173,"column":1}},"line":153},"13":{"name":"seedToUint32","decl":{"start":{"line":175,"column":0},"end":{"line":182,"column":1}},"loc":{"start":{"line":175,"column":0},"end":{"line":182,"column":1}},"line":175}},"f":{"0":36,"1":36,"2":36,"3":0,"4":554,"5":554,"6":0,"7":485,"8":485,"9":485,"10":3318,"11":36,"12":19641,"13":36}}
}
