{"C:\\board-game-app\\src\\engine\\contracts.ts": {"path":"C:\\board-game-app\\src\\engine\\contracts.ts","all":true,"statementMap":{},"s":{},"branchMap":{"0":{"type":"branch","line":1,"loc":{"start":{"line":1,"column":852},"end":{"line":38,"column":1}},"locations":[{"start":{"line":1,"column":852},"end":{"line":38,"column":1}}]}},"b":{"0":[1]},"fnMap":{"0":{"name":"(empty-report)","decl":{"start":{"line":1,"column":852},"end":{"line":38,"column":1}},"loc":{"start":{"line":1,"column":852},"end":{"line":38,"column":1}},"line":1}},"f":{"0":1}}
,"C:\\board-game-app\\src\\engine\\invariantGate.ts": {"path":"C:\\board-game-app\\src\\engine\\invariantGate.ts","all":false,"statementMap":{"0":{"start":{"line":1,"column":0},"end":{"line":1,"column":32}},"31":{"start":{"line":32,"column":0},"end":{"line":32,"column":40}},"33":{"start":{"line":34,"column":0},"end":{"line":34,"column":67}},"34":{"start":{"line":35,"column":0},"end":{"line":35,"column":36}},"35":{"start":{"line":36,"column":0},"end":{"line":36,"column":33}},"36":{"start":{"line":37,"column":0},"end":{"line":37,"column":32}},"37":{"start":{"line":38,"column":0},"end":{"line":38,"column":9}},"38":{"start":{"line":39,"column":0},"end":{"line":39,"column":55}},"39":{"start":{"line":40,"column":0},"end":{"line":40,"column":69}},"40":{"start":{"line":41,"column":0},"end":{"line":41,"column":86}},"42":{"start":{"line":43,"column":0},"end":{"line":43,"column":40}},"43":{"start":{"line":44,"column":0},"end":{"line":44,"column":36}},"44":{"start":{"line":45,"column":0},"end":{"line":45,"column":67}},"45":{"start":{"line":46,"column":0},"end":{"line":46,"column":5}},"46":{"start":{"line":47,"column":0},"end":{"line":47,"column":3}},"47":{"start":{"line":48,"column":0},"end":{"line":48,"column":1}},"49":{"start":{"line":50,"column":0},"end":{"line":50,"column":69}},"50":{"start":{"line":51,"column":0},"end":{"line":51,"column":36}},"51":{"start":{"line":52,"column":0},"end":{"line":52,"column":33}},"52":{"start":{"line":53,"column":0},"end":{"line":53,"column":24}},"53":{"start":{"line":54,"column":0},"end":{"line":54,"column":14}},"54":{"start":{"line":55,"column":0},"end":{"line":55,"column":9}},"55":{"start":{"line":56,"column":0},"end":{"line":56,"column":67}},"56":{"start":{"line":57,"column":0},"end":{"line":57,"column":67}},"58":{"start":{"line":59,"column":0},"end":{"line":59,"column":56}},"59":{"start":{"line":60,"column":0},"end":{"line":60,"column":51}},"60":{"start":{"line":61,"column":0},"end":{"line":61,"column":65}},"61":{"start":{"line":62,"column":0},"end":{"line":62,"column":1}},"63":{"start":{"line":64,"column":0},"end":{"line":64,"column":72}},"64":{"start":{"line":65,"column":0},"end":{"line":65,"column":37}},"65":{"start":{"line":66,"column":0},"end":{"line":66,"column":11}},"66":{"start":{"line":67,"column":0},"end":{"line":67,"column":29}},"67":{"start":{"line":68,"column":0},"end":{"line":68,"column":9}},"68":{"start":{"line":69,"column":0},"end":{"line":69,"column":36}},"69":{"start":{"line":70,"column":0},"end":{"line":70,"column":55}},"70":{"start":{"line":71,"column":0},"end":{"line":71,"column":45}},"72":{"start":{"line":73,"column":0},"end":{"line":73,"column":33}},"73":{"start":{"line":74,"column":0},"end":{"line":74,"column":42}},"74":{"start":{"line":75,"column":0},"end":{"line":75,"column":43}},"75":{"start":{"line":76,"column":0},"end":{"line":76,"column":60}},"76":{"start":{"line":77,"column":0},"end":{"line":77,"column":57}},"77":{"start":{"line":78,"column":0},"end":{"line":78,"column":5}},"78":{"start":{"line":79,"column":0},"end":{"line":79,"column":3}},"79":{"start":{"line":80,"column":0},"end":{"line":80,"column":1}},"81":{"start":{"line":82,"column":0},"end":{"line":82,"column":36}},"82":{"start":{"line":83,"column":0},"end":{"line":83,"column":31}},"83":{"start":{"line":84,"column":0},"end":{"line":84,"column":24}},"84":{"start":{"line":85,"column":0},"end":{"line":85,"column":30}},"86":{"start":{"line":87,"column":0},"end":{"line":87,"column":64}},"87":{"start":{"line":88,"column":0},"end":{"line":88,"column":21}},"88":{"start":{"line":89,"column":0},"end":{"line":89,"column":45}},"89":{"start":{"line":90,"column":0},"end":{"line":90,"column":30}},"90":{"start":{"line":91,"column":0},"end":{"line":91,"column":3}},"92":{"start":{"line":93,"column":0},"end":{"line":93,"column":31}},"93":{"start":{"line":94,"column":0},"end":{"line":94,"column":28}},"94":{"start":{"line":95,"column":0},"end":{"line":95,"column":3}},"96":{"start":{"line":97,"column":0},"end":{"line":97,"column":30}},"97":{"start":{"line":98,"column":0},"end":{"line":98,"column":69}},"98":{"start":{"line":99,"column":0},"end":{"line":99,"column":26}},"99":{"start":{"line":100,"column":0},"end":{"line":100,"column":36}},"100":{"start":{"line":101,"column":0},"end":{"line":101,"column":3}},"102":{"start":{"line":103,"column":0},"end":{"line":103,"column":70}},"103":{"start":{"line":104,"column":0},"end":{"line":104,"column":108}},"104":{"start":{"line":105,"column":0},"end":{"line":105,"column":91}},"105":{"start":{"line":106,"column":0},"end":{"line":106,"column":5}},"106":{"start":{"line":107,"column":0},"end":{"line":107,"column":49}},"107":{"start":{"line":108,"column":0},"end":{"line":108,"column":62}},"108":{"start":{"line":109,"column":0},"end":{"line":109,"column":3}},"110":{"start":{"line":111,"column":0},"end":{"line":111,"column":23}},"111":{"start":{"line":112,"column":0},"end":{"line":112,"column":63}},"112":{"start":{"line":113,"column":0},"end":{"line":113,"column":3}},"113":{"start":{"line":114,"column":0},"end":{"line":114,"column":1}},"115":{"start":{"line":116,"column":0},"end":{"line":116,"column":69}},"116":{"start":{"line":117,"column":0},"end":{"line":117,"column":36}},"117":{"start":{"line":118,"column":0},"end":{"line":118,"column":33}},"118":{"start":{"line":119,"column":0},"end":{"line":119,"column":15}},"119":{"start":{"line":120,"column":0},"end":{"line":120,"column":18}},"120":{"start":{"line":121,"column":0},"end":{"line":121,"column":8}},"121":{"start":{"line":122,"column":0},"end":{"line":122,"column":32}},"122":{"start":{"line":123,"column":0},"end":{"line":123,"column":28}},"123":{"start":{"line":124,"column":0},"end":{"line":124,"column":81}},"124":{"start":{"line":125,"column":0},"end":{"line":125,"column":55}},"126":{"start":{"line":127,"column":0},"end":{"line":127,"column":28}},"127":{"start":{"line":128,"column":0},"end":{"line":128,"column":34}},"128":{"start":{"line":129,"column":0},"end":{"line":129,"column":19}},"129":{"start":{"line":130,"column":0},"end":{"line":130,"column":12}},"130":{"start":{"line":131,"column":0},"end":{"line":131,"column":5}},"132":{"start":{"line":133,"column":0},"end":{"line":133,"column":34}},"133":{"start":{"line":134,"column":0},"end":{"line":134,"column":72}},"134":{"start":{"line":135,"column":0},"end":{"line":135,"column":15}},"135":{"start":{"line":136,"column":0},"end":{"line":136,"column":5}},"137":{"start":{"line":138,"column":0},"end":{"line":138,"column":48}},"138":{"start":{"line":139,"column":0},"end":{"line":139,"column":55}},"139":{"start":{"line":140,"column":0},"end":{"line":140,"column":49}},"140":{"start":{"line":141,"column":0},"end":{"line":141,"column":32}},"141":{"start":{"line":142,"column":0},"end":{"line":142,"column":92}},"142":{"start":{"line":143,"column":0},"end":{"line":143,"column":47}},"143":{"start":{"line":144,"column":0},"end":{"line":144,"column":72}},"144":{"start":{"line":145,"column":0},"end":{"line":145,"column":46}},"146":{"start":{"line":147,"column":0},"end":{"line":147,"column":35}},"147":{"start":{"line":148,"column":0},"end":{"line":148,"column":30}},"148":{"start":{"line":149,"column":0},"end":{"line":149,"column":68}},"149":{"start":{"line":150,"column":0},"end":{"line":150,"column":7}},"150":{"start":{"line":151,"column":0},"end":{"line":151,"column":5}},"151":{"start":{"line":152,"column":0},"end":{"line":152,"column":3}},"153":{"start":{"line":154,"column":0},"end":{"line":154,"column":19}},"154":{"start":{"line":155,"column":0},"end":{"line":155,"column":1}},"156":{"start":{"line":157,"column":0},"end":{"line":157,"column":62}},"157":{"start":{"line":158,"column":0},"end":{"line":158,"column":36}},"158":{"start":{"line":159,"column":0},"end":{"line":159,"column":33}},"159":{"start":{"line":160,"column":0},"end":{"line":160,"column":15}},"160":{"start":{"line":161,"column":0},"end":{"line":161,"column":23}},"161":{"start":{"line":162,"column":0},"end":{"line":162,"column":22}},"162":{"start":{"line":163,"column":0},"end":{"line":163,"column":30}},"163":{"start":{"line":164,"column":0},"end":{"line":164,"column":31}},"164":{"start":{"line":165,"column":0},"end":{"line":165,"column":41}},"166":{"start":{"line":167,"column":0},"end":{"line":167,"column":47}},"167":{"start":{"line":168,"column":0},"end":{"line":168,"column":35}},"168":{"start":{"line":169,"column":0},"end":{"line":169,"column":12}},"169":{"start":{"line":170,"column":0},"end":{"line":170,"column":5}},"171":{"start":{"line":172,"column":0},"end":{"line":172,"column":38}},"172":{"start":{"line":173,"column":0},"end":{"line":173,"column":45}},"173":{"start":{"line":174,"column":0},"end":{"line":174,"column":52}},"174":{"start":{"line":175,"column":0},"end":{"line":175,"column":93}},"175":{"start":{"line":176,"column":0},"end":{"line":176,"column":26}},"176":{"start":{"line":177,"column":0},"end":{"line":177,"column":85}},"177":{"start":{"line":178,"column":0},"end":{"line":178,"column":5}},"179":{"start":{"line":180,"column":0},"end":{"line":180,"column":64}},"180":{"start":{"line":181,"column":0},"end":{"line":181,"column":57}},"181":{"start":{"line":182,"column":0},"end":{"line":182,"column":23}},"182":{"start":{"line":183,"column":0},"end":{"line":183,"column":3}},"184":{"start":{"line":185,"column":0},"end":{"line":185,"column":10}},"185":{"start":{"line":186,"column":0},"end":{"line":186,"column":38}},"186":{"start":{"line":187,"column":0},"end":{"line":187,"column":36}},"187":{"start":{"line":188,"column":0},"end":{"line":188,"column":21}},"188":{"start":{"line":189,"column":0},"end":{"line":189,"column":4}},"189":{"start":{"line":190,"column":0},"end":{"line":190,"column":1}},"191":{"start":{"line":192,"column":0},"end":{"line":192,"column":68}},"192":{"start":{"line":193,"column":0},"end":{"line":193,"column":75}},"193":{"start":{"line":194,"column":0},"end":{"line":194,"column":47}},"194":{"start":{"line":195,"column":0},"end":{"line":195,"column":1}},"196":{"start":{"line":197,"column":0},"end":{"line":197,"column":79}},"197":{"start":{"line":198,"column":0},"end":{"line":198,"column":30}},"198":{"start":{"line":199,"column":0},"end":{"line":199,"column":17}},"199":{"start":{"line":200,"column":0},"end":{"line":200,"column":3}},"201":{"start":{"line":202,"column":0},"end":{"line":202,"column":35}},"202":{"start":{"line":203,"column":0},"end":{"line":203,"column":34}},"204":{"start":{"line":205,"column":0},"end":{"line":205,"column":29}},"205":{"start":{"line":206,"column":0},"end":{"line":206,"column":23}},"206":{"start":{"line":207,"column":0},"end":{"line":207,"column":32}},"207":{"start":{"line":208,"column":0},"end":{"line":208,"column":32}},"208":{"start":{"line":209,"column":0},"end":{"line":209,"column":52}},"209":{"start":{"line":210,"column":0},"end":{"line":210,"column":74}},"210":{"start":{"line":211,"column":0},"end":{"line":211,"column":7}},"211":{"start":{"line":212,"column":0},"end":{"line":212,"column":15}},"212":{"start":{"line":213,"column":0},"end":{"line":213,"column":5}},"214":{"start":{"line":215,"column":0},"end":{"line":215,"column":88}},"215":{"start":{"line":216,"column":0},"end":{"line":216,"column":62}},"216":{"start":{"line":217,"column":0},"end":{"line":217,"column":5}},"217":{"start":{"line":218,"column":0},"end":{"line":218,"column":3}},"219":{"start":{"line":220,"column":0},"end":{"line":220,"column":46}},"220":{"start":{"line":221,"column":0},"end":{"line":221,"column":1}},"222":{"start":{"line":223,"column":0},"end":{"line":223,"column":45}},"223":{"start":{"line":224,"column":0},"end":{"line":224,"column":24}},"224":{"start":{"line":225,"column":0},"end":{"line":225,"column":44}},"225":{"start":{"line":226,"column":0},"end":{"line":226,"column":31}},"226":{"start":{"line":227,"column":0},"end":{"line":227,"column":43}},"227":{"start":{"line":228,"column":0},"end":{"line":228,"column":3}},"228":{"start":{"line":229,"column":0},"end":{"line":229,"column":14}},"229":{"start":{"line":230,"column":0},"end":{"line":230,"column":1}},"231":{"start":{"line":232,"column":0},"end":{"line":232,"column":45}},"232":{"start":{"line":233,"column":0},"end":{"line":233,"column":39}},"233":{"start":{"line":234,"column":0},"end":{"line":234,"column":1}},"235":{"start":{"line":236,"column":0},"end":{"line":236,"column":50}},"236":{"start":{"line":237,"column":0},"end":{"line":237,"column":23}},"237":{"start":{"line":238,"column":0},"end":{"line":238,"column":18}},"238":{"start":{"line":239,"column":0},"end":{"line":239,"column":3}},"240":{"start":{"line":241,"column":0},"end":{"line":241,"column":93}},"241":{"start":{"line":242,"column":0},"end":{"line":242,"column":33}},"242":{"start":{"line":243,"column":0},"end":{"line":243,"column":3}},"243":{"start":{"line":244,"column":0},"end":{"line":244,"column":37}},"244":{"start":{"line":245,"column":0},"end":{"line":245,"column":29}},"245":{"start":{"line":246,"column":0},"end":{"line":246,"column":3}},"246":{"start":{"line":247,"column":0},"end":{"line":247,"column":34}},"247":{"start":{"line":248,"column":0},"end":{"line":248,"column":44}},"248":{"start":{"line":249,"column":0},"end":{"line":249,"column":3}},"249":{"start":{"line":250,"column":0},"end":{"line":250,"column":65}},"250":{"start":{"line":251,"column":0},"end":{"line":251,"column":41}},"251":{"start":{"line":252,"column":0},"end":{"line":252,"column":3}},"253":{"start":{"line":254,"column":0},"end":{"line":254,"column":29}},"254":{"start":{"line":255,"column":0},"end":{"line":255,"column":73}},"255":{"start":{"line":256,"column":0},"end":{"line":256,"column":3}},"257":{"start":{"line":258,"column":0},"end":{"line":258,"column":106}},"258":{"start":{"line":259,"column":0},"end":{"line":259,"column":22}},"259":{"start":{"line":260,"column":0},"end":{"line":260,"column":88}},"260":{"start":{"line":261,"column":0},"end":{"line":261,"column":15}},"261":{"start":{"line":262,"column":0},"end":{"line":262,"column":21}},"262":{"start":{"line":263,"column":0},"end":{"line":263,"column":1}},"264":{"start":{"line":265,"column":0},"end":{"line":265,"column":39}},"265":{"start":{"line":266,"column":0},"end":{"line":266,"column":24}},"266":{"start":{"line":267,"column":0},"end":{"line":267,"column":45}},"267":{"start":{"line":268,"column":0},"end":{"line":268,"column":32}},"268":{"start":{"line":269,"column":0},"end":{"line":269,"column":43}},"269":{"start":{"line":270,"column":0},"end":{"line":270,"column":3}},"270":{"start":{"line":271,"column":0},"end":{"line":271,"column":44}},"271":{"start":{"line":272,"column":0},"end":{"line":272,"column":1}}},"s":{"0":1,"31":1,"33":1,"34":3,"35":3,"36":3,"37":3,"38":3,"39":3,"40":3,"42":3,"43":15937,"44":14821,"45":14821,"46":15937,"47":3,"49":1,"50":3,"51":3,"52":3,"53":3,"54":3,"55":3,"56":3,"58":3,"59":3,"60":3,"61":3,"63":1,"64":23,"65":23,"66":23,"67":23,"68":23,"69":125,"70":125,"72":125,"73":157,"74":157,"75":157,"76":157,"77":157,"78":125,"79":23,"81":1,"82":1,"83":33411,"84":33411,"86":1,"87":33411,"88":33411,"89":33411,"90":33411,"92":1,"93":0,"94":0,"96":1,"97":320,"98":320,"99":320,"100":320,"102":1,"103":320,"104":0,"105":0,"106":320,"107":320,"108":320,"110":1,"111":0,"112":0,"113":1,"115":3,"116":3,"117":3,"118":3,"119":3,"120":3,"121":3,"122":3,"123":3,"124":3,"126":3,"127":15937,"128":15937,"129":0,"130":0,"132":15937,"133":15937,"134":9717,"135":9717,"137":6220,"138":6220,"139":15937,"140":33395,"141":33395,"142":33395,"143":33395,"144":33395,"146":33395,"147":15934,"148":15934,"149":15934,"150":33395,"151":6220,"153":3,"154":3,"156":6,"157":6,"158":6,"159":6,"160":6,"161":6,"162":6,"163":6,"164":6,"166":6,"167":40,"168":0,"169":0,"171":40,"172":40,"173":40,"174":40,"175":40,"176":0,"177":0,"179":40,"180":40,"181":40,"182":40,"184":40,"185":40,"186":40,"187":40,"188":40,"189":40,"191":125,"192":125,"193":125,"194":125,"196":398,"197":398,"198":125,"199":125,"201":273,"202":273,"204":398,"205":305,"206":32,"207":32,"208":32,"209":0,"210":0,"211":32,"212":32,"214":305,"215":273,"216":273,"217":305,"219":273,"220":273,"222":33411,"223":33411,"224":33411,"225":1290754,"226":1290754,"227":1290754,"228":33411,"229":33411,"231":73257,"232":73257,"233":73257,"235":2698956,"236":2698956,"237":86212,"238":86212,"240":2698956,"241":1953339,"242":1953339,"243":2698956,"244":0,"245":0,"246":2698956,"247":0,"248":0,"249":2698956,"250":0,"251":0,"253":2698956,"254":165404,"255":165404,"257":494001,"258":494001,"259":494001,"260":494001,"261":494001,"262":494001,"264":73257,"265":73257,"266":73257,"267":26936442,"268":26936442,"269":26936442,"270":73257,"271":73257},"branchMap":{"0":{"type":"branch","line":34,"loc":{"start":{"line":34,"column":7},"end":{"line":48,"column":1}},"locations":[{"start":{"line":34,"column":7},"end":{"line":48,"column":1}}]},"1":{"type":"branch","line":39,"loc":{"start":{"line":39,"column":23},"end":{"line":39,"column":55}},"locations":[{"start":{"line":39,"column":23},"end":{"line":39,"column":55}}]},"2":{"type":"branch","line":40,"loc":{"start":{"line":40,"column":27},"end":{"line":40,"column":69}},"locations":[{"start":{"line":40,"column":27},"end":{"line":40,"column":69}}]},"3":{"type":"branch","line":43,"loc":{"start":{"line":43,"column":39},"end":{"line":47,"column":3}},"locations":[{"start":{"line":43,"column":39},"end":{"line":47,"column":3}}]},"4":{"type":"branch","line":44,"loc":{"start":{"line":44,"column":35},"end":{"line":46,"column":5}},"locations":[{"start":{"line":44,"column":35},"end":{"line":46,"column":5}}]},"5":{"type":"branch","line":50,"loc":{"start":{"line":50,"column":7},"end":{"line":62,"column":1}},"locations":[{"start":{"line":50,"column":7},"end":{"line":62,"column":1}}]},"6":{"type":"branch","line":64,"loc":{"start":{"line":64,"column":7},"end":{"line":80,"column":1}},"locations":[{"start":{"line":64,"column":7},"end":{"line":80,"column":1}}]},"7":{"type":"branch","line":69,"loc":{"start":{"line":69,"column":35},"end":{"line":79,"column":3}},"locations":[{"start":{"line":69,"column":35},"end":{"line":79,"column":3}}]},"8":{"type":"branch","line":73,"loc":{"start":{"line":73,"column":32},"end":{"line":78,"column":5}},"locations":[{"start":{"line":73,"column":32},"end":{"line":78,"column":5}}]},"9":{"type":"branch","line":83,"loc":{"start":{"line":83,"column":18},"end":{"line":85,"column":30}},"locations":[{"start":{"line":83,"column":18},"end":{"line":85,"column":30}}]},"10":{"type":"branch","line":87,"loc":{"start":{"line":87,"column":9},"end":{"line":91,"column":3}},"locations":[{"start":{"line":87,"column":9},"end":{"line":91,"column":3}}]},"11":{"type":"branch","line":97,"loc":{"start":{"line":97,"column":9},"end":{"line":101,"column":3}},"locations":[{"start":{"line":97,"column":9},"end":{"line":101,"column":3}}]},"12":{"type":"branch","line":103,"loc":{"start":{"line":103,"column":9},"end":{"line":109,"column":3}},"locations":[{"start":{"line":103,"column":9},"end":{"line":109,"column":3}}]},"13":{"type":"branch","line":104,"loc":{"start":{"line":104,"column":107},"end":{"line":106,"column":5}},"locations":[{"start":{"line":104,"column":107},"end":{"line":106,"column":5}}]},"14":{"type":"branch","line":116,"loc":{"start":{"line":116,"column":0},"end":{"line":155,"column":1}},"locations":[{"start":{"line":116,"column":0},"end":{"line":155,"column":1}}]},"15":{"type":"branch","line":127,"loc":{"start":{"line":127,"column":27},"end":{"line":152,"column":3}},"locations":[{"start":{"line":127,"column":27},"end":{"line":152,"column":3}}]},"16":{"type":"branch","line":129,"loc":{"start":{"line":129,"column":18},"end":{"line":131,"column":5}},"locations":[{"start":{"line":129,"column":18},"end":{"line":131,"column":5}}]},"17":{"type":"branch","line":134,"loc":{"start":{"line":134,"column":25},"end":{"line":134,"column":71}},"locations":[{"start":{"line":134,"column":25},"end":{"line":134,"column":71}}]},"18":{"type":"branch","line":134,"loc":{"start":{"line":134,"column":71},"end":{"line":136,"column":5}},"locations":[{"start":{"line":134,"column":71},"end":{"line":136,"column":5}}]},"19":{"type":"branch","line":136,"loc":{"start":{"line":136,"column":4},"end":{"line":140,"column":48}},"locations":[{"start":{"line":136,"column":4},"end":{"line":140,"column":48}}]},"20":{"type":"branch","line":140,"loc":{"start":{"line":140,"column":48},"end":{"line":151,"column":5}},"locations":[{"start":{"line":140,"column":48},"end":{"line":151,"column":5}}]},"21":{"type":"branch","line":147,"loc":{"start":{"line":147,"column":34},"end":{"line":150,"column":7}},"locations":[{"start":{"line":147,"column":34},"end":{"line":150,"column":7}}]},"22":{"type":"branch","line":151,"loc":{"start":{"line":151,"column":4},"end":{"line":152,"column":3}},"locations":[{"start":{"line":151,"column":4},"end":{"line":152,"column":3}}]},"23":{"type":"branch","line":157,"loc":{"start":{"line":157,"column":0},"end":{"line":190,"column":1}},"locations":[{"start":{"line":157,"column":0},"end":{"line":190,"column":1}}]},"24":{"type":"branch","line":167,"loc":{"start":{"line":167,"column":46},"end":{"line":190,"column":1}},"locations":[{"start":{"line":167,"column":46},"end":{"line":190,"column":1}}]},"25":{"type":"branch","line":168,"loc":{"start":{"line":168,"column":34},"end":{"line":170,"column":5}},"locations":[{"start":{"line":168,"column":34},"end":{"line":170,"column":5}}]},"26":{"type":"branch","line":176,"loc":{"start":{"line":176,"column":25},"end":{"line":178,"column":5}},"locations":[{"start":{"line":176,"column":25},"end":{"line":178,"column":5}}]},"27":{"type":"branch","line":175,"loc":{"start":{"line":175,"column":38},"end":{"line":175,"column":91}},"locations":[{"start":{"line":175,"column":38},"end":{"line":175,"column":91}}]},"28":{"type":"branch","line":192,"loc":{"start":{"line":192,"column":0},"end":{"line":195,"column":1}},"locations":[{"start":{"line":192,"column":0},"end":{"line":195,"column":1}}]},"29":{"type":"branch","line":193,"loc":{"start":{"line":193,"column":42},"end":{"line":193,"column":73}},"locations":[{"start":{"line":193,"column":42},"end":{"line":193,"column":73}}]},"30":{"type":"branch","line":197,"loc":{"start":{"line":197,"column":0},"end":{"line":221,"column":1}},"locations":[{"start":{"line":197,"column":0},"end":{"line":221,"column":1}}]},"31":{"type":"branch","line":198,"loc":{"start":{"line":198,"column":29},"end":{"line":200,"column":3}},"locations":[{"start":{"line":198,"column":29},"end":{"line":200,"column":3}}]},"32":{"type":"branch","line":200,"loc":{"start":{"line":200,"column":2},"end":{"line":205,"column":28}},"locations":[{"start":{"line":200,"column":2},"end":{"line":205,"column":28}}]},"33":{"type":"branch","line":205,"loc":{"start":{"line":205,"column":28},"end":{"line":218,"column":3}},"locations":[{"start":{"line":205,"column":28},"end":{"line":218,"column":3}}]},"34":{"type":"branch","line":206,"loc":{"start":{"line":206,"column":22},"end":{"line":213,"column":5}},"locations":[{"start":{"line":206,"column":22},"end":{"line":213,"column":5}}]},"35":{"type":"branch","line":209,"loc":{"start":{"line":209,"column":6},"end":{"line":211,"column":7}},"locations":[{"start":{"line":209,"column":6},"end":{"line":211,"column":7}}]},"36":{"type":"branch","line":213,"loc":{"start":{"line":213,"column":4},"end":{"line":215,"column":44}},"locations":[{"start":{"line":213,"column":4},"end":{"line":215,"column":44}}]},"37":{"type":"branch","line":215,"loc":{"start":{"line":215,"column":32},"end":{"line":215,"column":87}},"locations":[{"start":{"line":215,"column":32},"end":{"line":215,"column":87}}]},"38":{"type":"branch","line":215,"loc":{"start":{"line":215,"column":87},"end":{"line":217,"column":5}},"locations":[{"start":{"line":215,"column":87},"end":{"line":217,"column":5}}]},"39":{"type":"branch","line":218,"loc":{"start":{"line":218,"column":2},"end":{"line":221,"column":1}},"locations":[{"start":{"line":218,"column":2},"end":{"line":221,"column":1}}]},"40":{"type":"branch","line":223,"loc":{"start":{"line":223,"column":0},"end":{"line":230,"column":1}},"locations":[{"start":{"line":223,"column":0},"end":{"line":230,"column":1}}]},"41":{"type":"branch","line":225,"loc":{"start":{"line":225,"column":43},"end":{"line":228,"column":3}},"locations":[{"start":{"line":225,"column":43},"end":{"line":228,"column":3}}]},"42":{"type":"branch","line":232,"loc":{"start":{"line":232,"column":0},"end":{"line":234,"column":1}},"locations":[{"start":{"line":232,"column":0},"end":{"line":234,"column":1}}]},"43":{"type":"branch","line":236,"loc":{"start":{"line":236,"column":0},"end":{"line":263,"column":1}},"locations":[{"start":{"line":236,"column":0},"end":{"line":263,"column":1}}]},"44":{"type":"branch","line":237,"loc":{"start":{"line":237,"column":22},"end":{"line":239,"column":3}},"locations":[{"start":{"line":237,"column":22},"end":{"line":239,"column":3}}]},"45":{"type":"branch","line":239,"loc":{"start":{"line":239,"column":2},"end":{"line":241,"column":35}},"locations":[{"start":{"line":239,"column":2},"end":{"line":241,"column":35}}]},"46":{"type":"branch","line":241,"loc":{"start":{"line":241,"column":23},"end":{"line":241,"column":64}},"locations":[{"start":{"line":241,"column":23},"end":{"line":241,"column":64}}]},"47":{"type":"branch","line":241,"loc":{"start":{"line":241,"column":52},"end":{"line":241,"column":92}},"locations":[{"start":{"line":241,"column":52},"end":{"line":241,"column":92}}]},"48":{"type":"branch","line":241,"loc":{"start":{"line":241,"column":92},"end":{"line":243,"column":3}},"locations":[{"start":{"line":241,"column":92},"end":{"line":243,"column":3}}]},"49":{"type":"branch","line":243,"loc":{"start":{"line":243,"column":2},"end":{"line":244,"column":36}},"locations":[{"start":{"line":243,"column":2},"end":{"line":244,"column":36}}]},"50":{"type":"branch","line":244,"loc":{"start":{"line":244,"column":36},"end":{"line":246,"column":3}},"locations":[{"start":{"line":244,"column":36},"end":{"line":246,"column":3}}]},"51":{"type":"branch","line":246,"loc":{"start":{"line":246,"column":2},"end":{"line":247,"column":33}},"locations":[{"start":{"line":246,"column":2},"end":{"line":247,"column":33}}]},"52":{"type":"branch","line":247,"loc":{"start":{"line":247,"column":33},"end":{"line":249,"column":3}},"locations":[{"start":{"line":247,"column":33},"end":{"line":249,"column":3}}]},"53":{"type":"branch","line":249,"loc":{"start":{"line":249,"column":2},"end":{"line":250,"column":64}},"locations":[{"start":{"line":249,"column":2},"end":{"line":250,"column":64}}]},"54":{"type":"branch","line":250,"loc":{"start":{"line":250,"column":64},"end":{"line":252,"column":3}},"locations":[{"start":{"line":250,"column":64},"end":{"line":252,"column":3}}]},"55":{"type":"branch","line":252,"loc":{"start":{"line":252,"column":2},"end":{"line":254,"column":28}},"locations":[{"start":{"line":252,"column":2},"end":{"line":254,"column":28}}]},"56":{"type":"branch","line":254,"loc":{"start":{"line":254,"column":28},"end":{"line":256,"column":3}},"locations":[{"start":{"line":254,"column":28},"end":{"line":256,"column":3}}]},"57":{"type":"branch","line":256,"loc":{"start":{"line":256,"column":2},"end":{"line":263,"column":1}},"locations":[{"start":{"line":256,"column":2},"end":{"line":263,"column":1}}]},"58":{"type":"branch","line":255,"loc":{"start":{"line":255,"column":25},"end":{"line":255,"column":58}},"locations":[{"start":{"line":255,"column":25},"end":{"line":255,"column":58}}]},"59":{"type":"branch","line":258,"loc":{"start":{"line":258,"column":72},"end":{"line":258,"column":104}},"locations":[{"start":{"line":258,"column":72},"end":{"line":258,"column":104}}]},"60":{"type":"branch","line":260,"loc":{"start":{"line":260,"column":9},"end":{"line":260,"column":87}},"locations":[{"start":{"line":260,"column":9},"end":{"line":260,"column":87}}]},"61":{"type":"branch","line":265,"loc":{"start":{"line":265,"column":0},"end":{"line":272,"column":1}},"locations":[{"start":{"line":265,"column":0},"end":{"line":272,"column":1}}]},"62":{"type":"branch","line":267,"loc":{"start":{"line":267,"column":44},"end":{"line":270,"column":3}},"locations":[{"start":{"line":267,"column":44},"end":{"line":270,"column":3}}]}},"b":{"0":[3],"1":[0],"2":[0],"3":[15937],"4":[14821],"5":[3],"6":[23],"7":[125],"8":[157],"9":[33411],"10":[33411],"11":[320],"12":[320],"13":[0],"14":[3],"15":[15937],"16":[0],"17":[6932],"18":[9717],"19":[6220],"20":[33395],"21":[15934],"22":[6220],"23":[6],"24":[40],"25":[0],"26":[0],"27":[158],"28":[125],"29":[273],"30":[398],"31":[125],"32":[273],"33":[305],"34":[32],"35":[0],"36":[273],"37":[273],"38":[273],"39":[273],"40":[33411],"41":[1290754],"42":[73257],"43":[2698956],"44":[86212],"45":[2612744],"46":[1775540],"47":[659405],"48":[1953339],"49":[659405],"50":[0],"51":[659405],"52":[0],"53":[659405],"54":[0],"55":[659405],"56":[165404],"57":[494001],"58":[527444],"59":[3194214],"60":[2098255],"61":[73257],"62":[26936442]},"fnMap":{"0":{"name":"assertNoDeadEnd","decl":{"start":{"line":34,"column":7},"end":{"line":48,"column":1}},"loc":{"start":{"line":34,"column":7},"end":{"line":48,"column":1}},"line":34},"1":{"name":"assertDeterminism","decl":{"start":{"line":50,"column":7},"end":{"line":62,"column":1}},"loc":{"start":{"line":50,"column":7},"end":{"line":62,"column":1}},"line":50},"2":{"name":"assertResourceBounds","decl":{"start":{"line":64,"column":7},"end":{"line":80,"column":1}},"loc":{"start":{"line":64,"column":7},"end":{"line":80,"column":1}},"line":64},"3":{"name":"<instance_members_initializer>","decl":{"start":{"line":83,"column":18},"end":{"line":85,"column":30}},"loc":{"start":{"line":83,"column":18},"end":{"line":85,"column":30}},"line":83},"4":{"name":"LcgRng","decl":{"start":{"line":87,"column":9},"end":{"line":91,"column":3}},"loc":{"start":{"line":87,"column":9},"end":{"line":91,"column":3}},"line":87},"5":{"name":"get cursor","decl":{"start":{"line":93,"column":2},"end":{"line":95,"column":3}},"loc":{"start":{"line":93,"column":2},"end":{"line":95,"column":3}},"line":93},"6":{"name":"nextFloat","decl":{"start":{"line":97,"column":9},"end":{"line":101,"column":3}},"loc":{"start":{"line":97,"column":9},"end":{"line":101,"column":3}},"line":97},"7":{"name":"nextInt","decl":{"start":{"line":103,"column":9},"end":{"line":109,"column":3}},"loc":{"start":{"line":103,"column":9},"end":{"line":109,"column":3}},"line":103},"8":{"name":"clone","decl":{"start":{"line":111,"column":9},"end":{"line":113,"column":3}},"loc":{"start":{"line":111,"column":9},"end":{"line":113,"column":3}},"line":111},"9":{"name":"enumerateReachableStates","decl":{"start":{"line":116,"column":0},"end":{"line":155,"column":1}},"loc":{"start":{"line":116,"column":0},"end":{"line":155,"column":1}},"line":116},"10":{"name":"runActionSequence","decl":{"start":{"line":157,"column":0},"end":{"line":190,"column":1}},"loc":{"start":{"line":157,"column":0},"end":{"line":190,"column":1}},"line":157},"11":{"name":"collectPathValues","decl":{"start":{"line":192,"column":0},"end":{"line":195,"column":1}},"loc":{"start":{"line":192,"column":0},"end":{"line":195,"column":1}},"line":192},"12":{"name":"resolvePathSegments","decl":{"start":{"line":197,"column":0},"end":{"line":221,"column":1}},"loc":{"start":{"line":197,"column":0},"end":{"line":221,"column":1}},"line":197},"13":{"name":"seedToUint32","decl":{"start":{"line":223,"column":0},"end":{"line":230,"column":1}},"loc":{"start":{"line":223,"column":0},"end":{"line":230,"column":1}},"line":223},"14":{"name":"stableHash","decl":{"start":{"line":232,"column":0},"end":{"line":234,"column":1}},"loc":{"start":{"line":232,"column":0},"end":{"line":234,"column":1}},"line":232},"15":{"name":"stableStringify","decl":{"start":{"line":236,"column":0},"end":{"line":263,"column":1}},"loc":{"start":{"line":236,"column":0},"end":{"line":263,"column":1}},"line":236},"16":{"name":"fnv1a","decl":{"start":{"line":265,"column":0},"end":{"line":272,"column":1}},"loc":{"start":{"line":265,"column":0},"end":{"line":272,"column":1}},"line":265}},"f":{"0":3,"1":3,"2":23,"3":33411,"4":33411,"5":0,"6":320,"7":320,"8":0,"9":3,"10":6,"11":125,"12":398,"13":33411,"14":73257,"15":2698956,"16":73257}}
,"C:\\board-game-app\\src\\games\\index.ts": {"path":"C:\\board-game-app\\src\\games\\index.ts","all":false,"statementMap":{"1":{"start":{"line":2,"column":0},"end":{"line":2,"column":53}},"2":{"start":{"line":3,"column":0},"end":{"line":3,"column":55}},"4":{"start":{"line":5,"column":0},"end":{"line":5,"column":84}},"6":{"start":{"line":7,"column":0},"end":{"line":7,"column":75}},"7":{"start":{"line":8,"column":0},"end":{"line":8,"column":50}},"8":{"start":{"line":9,"column":0},"end":{"line":9,"column":32}}},"s":{"1":1,"2":1,"4":1,"6":1,"7":1,"8":1},"branchMap":{"0":{"type":"branch","line":8,"loc":{"start":{"line":8,"column":18},"end":{"line":8,"column":49}},"locations":[{"start":{"line":8,"column":18},"end":{"line":8,"column":49}}]}},"b":{"0":[2]},"fnMap":{},"f":{}}
,"C:\\board-game-app\\src\\games\\types.ts": {"path":"C:\\board-game-app\\src\\games\\types.ts","all":true,"statementMap":{},"s":{},"branchMap":{"0":{"type":"branch","line":1,"loc":{"start":{"line":1,"column":414},"end":{"line":11,"column":1}},"locations":[{"start":{"line":1,"column":414},"end":{"line":11,"column":1}}]}},"b":{"0":[1]},"fnMap":{"0":{"name":"(empty-report)","decl":{"start":{"line":1,"column":414},"end":{"line":11,"column":1}},"loc":{"start":{"line":1,"column":414},"end":{"line":11,"column":1}},"line":1}},"f":{"0":1}}
,"C:\\board-game-app\\src\\games\\splendor\\actions.ts": {"path":"C:\\board-game-app\\src\\games\\splendor\\actions.ts","all":false,"statementMap":{"16":{"start":{"line":17,"column":0},"end":{"line":17,"column":39}},"17":{"start":{"line":18,"column":0},"end":{"line":18,"column":18}},"18":{"start":{"line":19,"column":0},"end":{"line":19,"column":37}},"19":{"start":{"line":20,"column":0},"end":{"line":20,"column":37}},"20":{"start":{"line":21,"column":0},"end":{"line":21,"column":21}},"21":{"start":{"line":22,"column":0},"end":{"line":22,"column":10}},"22":{"start":{"line":23,"column":0},"end":{"line":23,"column":24}},"23":{"start":{"line":24,"column":0},"end":{"line":24,"column":10}},"24":{"start":{"line":25,"column":0},"end":{"line":25,"column":14}},"25":{"start":{"line":26,"column":0},"end":{"line":26,"column":22}},"26":{"start":{"line":27,"column":0},"end":{"line":27,"column":27}},"27":{"start":{"line":28,"column":0},"end":{"line":28,"column":5}},"28":{"start":{"line":29,"column":0},"end":{"line":29,"column":4}},"29":{"start":{"line":30,"column":0},"end":{"line":30,"column":1}},"31":{"start":{"line":32,"column":0},"end":{"line":32,"column":46}},"32":{"start":{"line":33,"column":0},"end":{"line":33,"column":18}},"33":{"start":{"line":34,"column":0},"end":{"line":34,"column":77}},"34":{"start":{"line":35,"column":0},"end":{"line":35,"column":37}},"35":{"start":{"line":36,"column":0},"end":{"line":36,"column":21}},"36":{"start":{"line":37,"column":0},"end":{"line":37,"column":56}},"37":{"start":{"line":38,"column":0},"end":{"line":38,"column":1}},"39":{"start":{"line":40,"column":0},"end":{"line":40,"column":40}},"40":{"start":{"line":41,"column":0},"end":{"line":41,"column":18}},"41":{"start":{"line":42,"column":0},"end":{"line":42,"column":27}},"42":{"start":{"line":43,"column":0},"end":{"line":43,"column":37}},"43":{"start":{"line":44,"column":0},"end":{"line":44,"column":21}},"44":{"start":{"line":45,"column":0},"end":{"line":45,"column":64}},"45":{"start":{"line":46,"column":0},"end":{"line":46,"column":1}},"47":{"start":{"line":48,"column":0},"end":{"line":48,"column":85}},"48":{"start":{"line":49,"column":0},"end":{"line":49,"column":10}},"49":{"start":{"line":50,"column":0},"end":{"line":50,"column":21}},"50":{"start":{"line":51,"column":0},"end":{"line":51,"column":10}},"51":{"start":{"line":52,"column":0},"end":{"line":52,"column":23}},"52":{"start":{"line":53,"column":0},"end":{"line":53,"column":4}},"53":{"start":{"line":54,"column":0},"end":{"line":54,"column":1}}},"s":{"16":1,"17":659785,"18":659785,"19":659785,"20":659785,"21":659785,"22":659785,"23":659785,"24":659785,"25":659785,"26":659785,"27":659785,"28":659785,"29":659785,"31":1,"32":4,"33":4,"34":4,"35":4,"36":4,"37":4,"39":1,"40":0,"41":0,"42":0,"43":0,"44":0,"45":0,"47":1,"48":33966,"49":33966,"50":33966,"51":33966,"52":33966,"53":33966},"branchMap":{"0":{"type":"branch","line":17,"loc":{"start":{"line":17,"column":7},"end":{"line":30,"column":1}},"locations":[{"start":{"line":17,"column":7},"end":{"line":30,"column":1}}]},"1":{"type":"branch","line":32,"loc":{"start":{"line":32,"column":7},"end":{"line":38,"column":1}},"locations":[{"start":{"line":32,"column":7},"end":{"line":38,"column":1}}]},"2":{"type":"branch","line":48,"loc":{"start":{"line":48,"column":7},"end":{"line":54,"column":1}},"locations":[{"start":{"line":48,"column":7},"end":{"line":54,"column":1}}]}},"b":{"0":[659785],"1":[4],"2":[33966]},"fnMap":{"0":{"name":"createTakeTokensAction","decl":{"start":{"line":17,"column":7},"end":{"line":30,"column":1}},"loc":{"start":{"line":17,"column":7},"end":{"line":30,"column":1}},"line":17},"1":{"name":"createTakeThreeDistinctAction","decl":{"start":{"line":32,"column":7},"end":{"line":38,"column":1}},"loc":{"start":{"line":32,"column":7},"end":{"line":38,"column":1}},"line":32},"2":{"name":"createTakeTwoSameAction","decl":{"start":{"line":40,"column":7},"end":{"line":46,"column":1}},"loc":{"start":{"line":40,"column":7},"end":{"line":46,"column":1}},"line":40},"3":{"name":"createBuyCardAction","decl":{"start":{"line":48,"column":7},"end":{"line":54,"column":1}},"loc":{"start":{"line":48,"column":7},"end":{"line":54,"column":1}},"line":48}},"f":{"0":659785,"1":4,"2":0,"3":33966}}
,"C:\\board-game-app\\src\\games\\splendor\\engine.ts": {"path":"C:\\board-game-app\\src\\games\\splendor\\engine.ts","all":false,"statementMap":{"1":{"start":{"line":2,"column":0},"end":{"line":2,"column":8}},"7":{"start":{"line":8,"column":0},"end":{"line":8,"column":8}},"20":{"start":{"line":21,"column":0},"end":{"line":21,"column":59}},"21":{"start":{"line":22,"column":0},"end":{"line":22,"column":34}},"22":{"start":{"line":23,"column":0},"end":{"line":23,"column":1}},"24":{"start":{"line":25,"column":0},"end":{"line":25,"column":70}},"25":{"start":{"line":26,"column":0},"end":{"line":26,"column":62}},"26":{"start":{"line":27,"column":0},"end":{"line":27,"column":14}},"27":{"start":{"line":28,"column":0},"end":{"line":28,"column":3}},"29":{"start":{"line":30,"column":0},"end":{"line":30,"column":54}},"30":{"start":{"line":31,"column":0},"end":{"line":31,"column":97}},"31":{"start":{"line":32,"column":0},"end":{"line":32,"column":1}},"33":{"start":{"line":34,"column":0},"end":{"line":34,"column":28}},"34":{"start":{"line":35,"column":0},"end":{"line":35,"column":23}},"35":{"start":{"line":36,"column":0},"end":{"line":36,"column":25}},"36":{"start":{"line":37,"column":0},"end":{"line":37,"column":10}},"37":{"start":{"line":38,"column":0},"end":{"line":38,"column":46}},"38":{"start":{"line":39,"column":0},"end":{"line":39,"column":26}},"39":{"start":{"line":40,"column":0},"end":{"line":40,"column":62}},"40":{"start":{"line":41,"column":0},"end":{"line":41,"column":3}},"41":{"start":{"line":42,"column":0},"end":{"line":42,"column":45}},"42":{"start":{"line":43,"column":0},"end":{"line":43,"column":56}},"43":{"start":{"line":44,"column":0},"end":{"line":44,"column":3}},"45":{"start":{"line":46,"column":0},"end":{"line":46,"column":40}},"46":{"start":{"line":47,"column":0},"end":{"line":47,"column":42}},"47":{"start":{"line":48,"column":0},"end":{"line":48,"column":54}},"48":{"start":{"line":49,"column":0},"end":{"line":49,"column":3}},"50":{"start":{"line":51,"column":0},"end":{"line":51,"column":44}},"51":{"start":{"line":52,"column":0},"end":{"line":52,"column":33}},"52":{"start":{"line":53,"column":0},"end":{"line":53,"column":46}},"54":{"start":{"line":55,"column":0},"end":{"line":55,"column":24}},"55":{"start":{"line":56,"column":0},"end":{"line":56,"column":23}},"56":{"start":{"line":57,"column":0},"end":{"line":57,"column":43}},"57":{"start":{"line":58,"column":0},"end":{"line":58,"column":12}},"58":{"start":{"line":59,"column":0},"end":{"line":59,"column":20}},"59":{"start":{"line":60,"column":0},"end":{"line":60,"column":56}},"60":{"start":{"line":61,"column":0},"end":{"line":61,"column":12}},"61":{"start":{"line":62,"column":0},"end":{"line":62,"column":12}},"62":{"start":{"line":63,"column":0},"end":{"line":63,"column":30}},"63":{"start":{"line":64,"column":0},"end":{"line":64,"column":3}},"65":{"start":{"line":66,"column":0},"end":{"line":66,"column":52}},"66":{"start":{"line":67,"column":0},"end":{"line":67,"column":58}},"67":{"start":{"line":68,"column":0},"end":{"line":68,"column":3}},"68":{"start":{"line":69,"column":0},"end":{"line":69,"column":20}},"70":{"start":{"line":71,"column":0},"end":{"line":71,"column":36}},"71":{"start":{"line":72,"column":0},"end":{"line":72,"column":17}},"72":{"start":{"line":73,"column":0},"end":{"line":73,"column":23}},"73":{"start":{"line":74,"column":0},"end":{"line":74,"column":22}},"74":{"start":{"line":75,"column":0},"end":{"line":75,"column":10}},"75":{"start":{"line":76,"column":0},"end":{"line":76,"column":24}},"76":{"start":{"line":77,"column":0},"end":{"line":77,"column":26}},"77":{"start":{"line":78,"column":0},"end":{"line":78,"column":3}},"79":{"start":{"line":80,"column":0},"end":{"line":80,"column":42}},"80":{"start":{"line":81,"column":0},"end":{"line":81,"column":10}},"81":{"start":{"line":82,"column":0},"end":{"line":82,"column":16}},"82":{"start":{"line":83,"column":0},"end":{"line":83,"column":13}},"83":{"start":{"line":84,"column":0},"end":{"line":84,"column":47}},"84":{"start":{"line":85,"column":0},"end":{"line":85,"column":18}},"85":{"start":{"line":86,"column":0},"end":{"line":86,"column":24}},"86":{"start":{"line":87,"column":0},"end":{"line":87,"column":21}},"87":{"start":{"line":88,"column":0},"end":{"line":88,"column":22}},"88":{"start":{"line":89,"column":0},"end":{"line":89,"column":24}},"89":{"start":{"line":90,"column":0},"end":{"line":90,"column":26}},"90":{"start":{"line":91,"column":0},"end":{"line":91,"column":13}},"91":{"start":{"line":92,"column":0},"end":{"line":92,"column":22}},"92":{"start":{"line":93,"column":0},"end":{"line":93,"column":21}},"93":{"start":{"line":94,"column":0},"end":{"line":94,"column":23}},"94":{"start":{"line":95,"column":0},"end":{"line":95,"column":5}},"95":{"start":{"line":96,"column":0},"end":{"line":96,"column":4}},"96":{"start":{"line":97,"column":0},"end":{"line":97,"column":1}},"98":{"start":{"line":99,"column":0},"end":{"line":99,"column":59}},"99":{"start":{"line":100,"column":0},"end":{"line":100,"column":62}},"100":{"start":{"line":101,"column":0},"end":{"line":101,"column":16}},"101":{"start":{"line":102,"column":0},"end":{"line":102,"column":3}},"102":{"start":{"line":103,"column":0},"end":{"line":103,"column":42}},"103":{"start":{"line":104,"column":0},"end":{"line":104,"column":1}},"105":{"start":{"line":106,"column":0},"end":{"line":106,"column":71}},"106":{"start":{"line":107,"column":0},"end":{"line":107,"column":115}},"107":{"start":{"line":108,"column":0},"end":{"line":108,"column":1}},"109":{"start":{"line":110,"column":0},"end":{"line":110,"column":31}},"110":{"start":{"line":111,"column":0},"end":{"line":111,"column":15}},"111":{"start":{"line":112,"column":0},"end":{"line":112,"column":15}},"112":{"start":{"line":113,"column":0},"end":{"line":113,"column":14}},"113":{"start":{"line":114,"column":0},"end":{"line":114,"column":13}},"114":{"start":{"line":115,"column":0},"end":{"line":115,"column":7}},"115":{"start":{"line":116,"column":0},"end":{"line":116,"column":2}},"117":{"start":{"line":118,"column":0},"end":{"line":118,"column":104}},"118":{"start":{"line":119,"column":0},"end":{"line":119,"column":39}},"119":{"start":{"line":120,"column":0},"end":{"line":120,"column":48}},"121":{"start":{"line":122,"column":0},"end":{"line":122,"column":32}},"122":{"start":{"line":123,"column":0},"end":{"line":123,"column":57}},"123":{"start":{"line":124,"column":0},"end":{"line":124,"column":31}},"124":{"start":{"line":125,"column":0},"end":{"line":125,"column":34}},"125":{"start":{"line":126,"column":0},"end":{"line":126,"column":5}},"127":{"start":{"line":128,"column":0},"end":{"line":128,"column":69}},"128":{"start":{"line":129,"column":0},"end":{"line":129,"column":24}},"129":{"start":{"line":130,"column":0},"end":{"line":130,"column":63}},"130":{"start":{"line":131,"column":0},"end":{"line":131,"column":15}},"131":{"start":{"line":132,"column":0},"end":{"line":132,"column":5}},"133":{"start":{"line":134,"column":0},"end":{"line":134,"column":78}},"134":{"start":{"line":135,"column":0},"end":{"line":135,"column":43}},"135":{"start":{"line":136,"column":0},"end":{"line":136,"column":68}},"136":{"start":{"line":137,"column":0},"end":{"line":137,"column":5}},"137":{"start":{"line":138,"column":0},"end":{"line":138,"column":3}},"139":{"start":{"line":140,"column":0},"end":{"line":140,"column":17}},"140":{"start":{"line":141,"column":0},"end":{"line":141,"column":1}},"142":{"start":{"line":143,"column":0},"end":{"line":143,"column":103}},"143":{"start":{"line":144,"column":0},"end":{"line":144,"column":39}},"145":{"start":{"line":146,"column":0},"end":{"line":146,"column":45}},"146":{"start":{"line":147,"column":0},"end":{"line":147,"column":44}},"147":{"start":{"line":148,"column":0},"end":{"line":148,"column":16}},"148":{"start":{"line":149,"column":0},"end":{"line":149,"column":15}},"149":{"start":{"line":150,"column":0},"end":{"line":150,"column":5}},"150":{"start":{"line":151,"column":0},"end":{"line":151,"column":42}},"151":{"start":{"line":152,"column":0},"end":{"line":152,"column":59}},"152":{"start":{"line":153,"column":0},"end":{"line":153,"column":5}},"153":{"start":{"line":154,"column":0},"end":{"line":154,"column":3}},"155":{"start":{"line":156,"column":0},"end":{"line":156,"column":17}},"156":{"start":{"line":157,"column":0},"end":{"line":157,"column":1}},"158":{"start":{"line":159,"column":0},"end":{"line":159,"column":77}},"159":{"start":{"line":160,"column":0},"end":{"line":160,"column":45}},"160":{"start":{"line":161,"column":0},"end":{"line":161,"column":86}},"162":{"start":{"line":163,"column":0},"end":{"line":163,"column":58}},"163":{"start":{"line":164,"column":0},"end":{"line":164,"column":64}},"164":{"start":{"line":165,"column":0},"end":{"line":165,"column":66}},"165":{"start":{"line":166,"column":0},"end":{"line":166,"column":93}},"166":{"start":{"line":167,"column":0},"end":{"line":167,"column":7}},"167":{"start":{"line":168,"column":0},"end":{"line":168,"column":5}},"168":{"start":{"line":169,"column":0},"end":{"line":169,"column":3}},"170":{"start":{"line":171,"column":0},"end":{"line":171,"column":87}},"171":{"start":{"line":172,"column":0},"end":{"line":172,"column":43}},"172":{"start":{"line":173,"column":0},"end":{"line":173,"column":34}},"173":{"start":{"line":174,"column":0},"end":{"line":174,"column":3}},"175":{"start":{"line":176,"column":0},"end":{"line":176,"column":18}},"176":{"start":{"line":177,"column":0},"end":{"line":177,"column":1}},"178":{"start":{"line":179,"column":0},"end":{"line":179,"column":108}},"179":{"start":{"line":180,"column":0},"end":{"line":180,"column":26}},"180":{"start":{"line":181,"column":0},"end":{"line":181,"column":16}},"181":{"start":{"line":182,"column":0},"end":{"line":182,"column":3}},"183":{"start":{"line":184,"column":0},"end":{"line":184,"column":38}},"184":{"start":{"line":185,"column":0},"end":{"line":185,"column":35}},"185":{"start":{"line":186,"column":0},"end":{"line":186,"column":37}},"187":{"start":{"line":188,"column":0},"end":{"line":188,"column":64}},"188":{"start":{"line":189,"column":0},"end":{"line":189,"column":26}},"189":{"start":{"line":190,"column":0},"end":{"line":190,"column":33}},"190":{"start":{"line":191,"column":0},"end":{"line":191,"column":13}},"191":{"start":{"line":192,"column":0},"end":{"line":192,"column":5}},"193":{"start":{"line":194,"column":0},"end":{"line":194,"column":63}},"194":{"start":{"line":195,"column":0},"end":{"line":195,"column":36}},"195":{"start":{"line":196,"column":0},"end":{"line":196,"column":29}},"196":{"start":{"line":197,"column":0},"end":{"line":197,"column":17}},"197":{"start":{"line":198,"column":0},"end":{"line":198,"column":7}},"199":{"start":{"line":200,"column":0},"end":{"line":200,"column":23}},"200":{"start":{"line":201,"column":0},"end":{"line":201,"column":26}},"201":{"start":{"line":202,"column":0},"end":{"line":202,"column":28}},"202":{"start":{"line":203,"column":0},"end":{"line":203,"column":20}},"203":{"start":{"line":204,"column":0},"end":{"line":204,"column":23}},"204":{"start":{"line":205,"column":0},"end":{"line":205,"column":5}},"205":{"start":{"line":206,"column":0},"end":{"line":206,"column":4}},"207":{"start":{"line":208,"column":0},"end":{"line":208,"column":23}},"208":{"start":{"line":209,"column":0},"end":{"line":209,"column":17}},"209":{"start":{"line":210,"column":0},"end":{"line":210,"column":1}},"211":{"start":{"line":212,"column":0},"end":{"line":212,"column":108}},"212":{"start":{"line":213,"column":0},"end":{"line":213,"column":33}},"213":{"start":{"line":214,"column":0},"end":{"line":214,"column":17}},"214":{"start":{"line":215,"column":0},"end":{"line":215,"column":53}},"215":{"start":{"line":216,"column":0},"end":{"line":216,"column":3}},"217":{"start":{"line":218,"column":0},"end":{"line":218,"column":34}},"218":{"start":{"line":219,"column":0},"end":{"line":219,"column":41}},"219":{"start":{"line":220,"column":0},"end":{"line":220,"column":52}},"220":{"start":{"line":221,"column":0},"end":{"line":221,"column":3}},"222":{"start":{"line":223,"column":0},"end":{"line":223,"column":29}},"223":{"start":{"line":224,"column":0},"end":{"line":224,"column":27}},"224":{"start":{"line":225,"column":0},"end":{"line":225,"column":29}},"225":{"start":{"line":226,"column":0},"end":{"line":226,"column":3}},"227":{"start":{"line":228,"column":0},"end":{"line":228,"column":40}},"228":{"start":{"line":229,"column":0},"end":{"line":229,"column":64}},"229":{"start":{"line":230,"column":0},"end":{"line":230,"column":44}},"230":{"start":{"line":231,"column":0},"end":{"line":231,"column":77}},"231":{"start":{"line":232,"column":0},"end":{"line":232,"column":3}},"232":{"start":{"line":233,"column":0},"end":{"line":233,"column":52}},"233":{"start":{"line":234,"column":0},"end":{"line":234,"column":89}},"234":{"start":{"line":235,"column":0},"end":{"line":235,"column":3}},"236":{"start":{"line":237,"column":0},"end":{"line":237,"column":32}},"237":{"start":{"line":238,"column":0},"end":{"line":238,"column":31}},"238":{"start":{"line":239,"column":0},"end":{"line":239,"column":65}},"239":{"start":{"line":240,"column":0},"end":{"line":240,"column":5}},"240":{"start":{"line":241,"column":0},"end":{"line":241,"column":35}},"241":{"start":{"line":242,"column":0},"end":{"line":242,"column":68}},"242":{"start":{"line":243,"column":0},"end":{"line":243,"column":5}},"244":{"start":{"line":245,"column":0},"end":{"line":245,"column":29}},"245":{"start":{"line":246,"column":0},"end":{"line":246,"column":27}},"246":{"start":{"line":247,"column":0},"end":{"line":247,"column":3}},"248":{"start":{"line":249,"column":0},"end":{"line":249,"column":53}},"249":{"start":{"line":250,"column":0},"end":{"line":250,"column":59}},"250":{"start":{"line":251,"column":0},"end":{"line":251,"column":3}},"251":{"start":{"line":252,"column":0},"end":{"line":252,"column":1}},"253":{"start":{"line":254,"column":0},"end":{"line":254,"column":107}},"254":{"start":{"line":255,"column":0},"end":{"line":255,"column":16}},"255":{"start":{"line":256,"column":0},"end":{"line":256,"column":49}},"256":{"start":{"line":257,"column":0},"end":{"line":257,"column":3}},"257":{"start":{"line":258,"column":0},"end":{"line":258,"column":46}},"258":{"start":{"line":259,"column":0},"end":{"line":259,"column":66}},"259":{"start":{"line":260,"column":0},"end":{"line":260,"column":3}},"261":{"start":{"line":262,"column":0},"end":{"line":262,"column":42}},"262":{"start":{"line":263,"column":0},"end":{"line":263,"column":14}},"263":{"start":{"line":264,"column":0},"end":{"line":264,"column":57}},"264":{"start":{"line":265,"column":0},"end":{"line":265,"column":3}},"266":{"start":{"line":267,"column":0},"end":{"line":267,"column":55}},"267":{"start":{"line":268,"column":0},"end":{"line":268,"column":40}},"268":{"start":{"line":269,"column":0},"end":{"line":269,"column":47}},"269":{"start":{"line":270,"column":0},"end":{"line":270,"column":56}},"270":{"start":{"line":271,"column":0},"end":{"line":271,"column":5}},"271":{"start":{"line":272,"column":0},"end":{"line":272,"column":3}},"273":{"start":{"line":274,"column":0},"end":{"line":274,"column":40}},"274":{"start":{"line":275,"column":0},"end":{"line":275,"column":32}},"275":{"start":{"line":276,"column":0},"end":{"line":276,"column":32}},"276":{"start":{"line":277,"column":0},"end":{"line":277,"column":30}},"277":{"start":{"line":278,"column":0},"end":{"line":278,"column":3}},"279":{"start":{"line":280,"column":0},"end":{"line":280,"column":39}},"280":{"start":{"line":281,"column":0},"end":{"line":281,"column":40}},"281":{"start":{"line":282,"column":0},"end":{"line":282,"column":30}},"282":{"start":{"line":283,"column":0},"end":{"line":283,"column":75}},"283":{"start":{"line":284,"column":0},"end":{"line":284,"column":1}},"285":{"start":{"line":286,"column":0},"end":{"line":286,"column":85}},"286":{"start":{"line":287,"column":0},"end":{"line":287,"column":50}},"287":{"start":{"line":288,"column":0},"end":{"line":288,"column":81}},"288":{"start":{"line":289,"column":0},"end":{"line":289,"column":1}},"290":{"start":{"line":291,"column":0},"end":{"line":291,"column":28}},"291":{"start":{"line":292,"column":0},"end":{"line":292,"column":29}},"292":{"start":{"line":293,"column":0},"end":{"line":293,"column":24}},"293":{"start":{"line":294,"column":0},"end":{"line":294,"column":38}},"294":{"start":{"line":295,"column":0},"end":{"line":295,"column":19}},"295":{"start":{"line":296,"column":0},"end":{"line":296,"column":13}},"296":{"start":{"line":297,"column":0},"end":{"line":297,"column":12}},"297":{"start":{"line":298,"column":0},"end":{"line":298,"column":13}},"298":{"start":{"line":299,"column":0},"end":{"line":299,"column":11}},"299":{"start":{"line":300,"column":0},"end":{"line":300,"column":12}},"300":{"start":{"line":301,"column":0},"end":{"line":301,"column":4}},"302":{"start":{"line":303,"column":0},"end":{"line":303,"column":40}},"303":{"start":{"line":304,"column":0},"end":{"line":304,"column":38}},"304":{"start":{"line":305,"column":0},"end":{"line":305,"column":68}},"305":{"start":{"line":306,"column":0},"end":{"line":306,"column":3}},"307":{"start":{"line":308,"column":0},"end":{"line":308,"column":17}},"308":{"start":{"line":309,"column":0},"end":{"line":309,"column":1}},"310":{"start":{"line":311,"column":0},"end":{"line":311,"column":86}},"311":{"start":{"line":312,"column":0},"end":{"line":312,"column":59}},"312":{"start":{"line":313,"column":0},"end":{"line":313,"column":1}},"314":{"start":{"line":315,"column":0},"end":{"line":315,"column":96}},"315":{"start":{"line":316,"column":0},"end":{"line":316,"column":26}},"316":{"start":{"line":317,"column":0},"end":{"line":317,"column":33}},"317":{"start":{"line":318,"column":0},"end":{"line":318,"column":28}},"318":{"start":{"line":319,"column":0},"end":{"line":319,"column":19}},"319":{"start":{"line":320,"column":0},"end":{"line":320,"column":5}},"320":{"start":{"line":321,"column":0},"end":{"line":321,"column":82}},"321":{"start":{"line":322,"column":0},"end":{"line":322,"column":3}},"323":{"start":{"line":324,"column":0},"end":{"line":324,"column":26}},"324":{"start":{"line":325,"column":0},"end":{"line":325,"column":24}},"325":{"start":{"line":326,"column":0},"end":{"line":326,"column":18}},"326":{"start":{"line":327,"column":0},"end":{"line":327,"column":19}},"327":{"start":{"line":328,"column":0},"end":{"line":328,"column":5}},"328":{"start":{"line":329,"column":0},"end":{"line":329,"column":51}},"329":{"start":{"line":330,"column":0},"end":{"line":330,"column":3}},"331":{"start":{"line":332,"column":0},"end":{"line":332,"column":15}},"332":{"start":{"line":333,"column":0},"end":{"line":333,"column":1}},"334":{"start":{"line":335,"column":0},"end":{"line":335,"column":86}},"335":{"start":{"line":336,"column":0},"end":{"line":336,"column":47}},"336":{"start":{"line":337,"column":0},"end":{"line":337,"column":84}},"337":{"start":{"line":338,"column":0},"end":{"line":338,"column":1}},"339":{"start":{"line":340,"column":0},"end":{"line":340,"column":58}},"340":{"start":{"line":341,"column":0},"end":{"line":341,"column":38}},"341":{"start":{"line":342,"column":0},"end":{"line":342,"column":85}},"342":{"start":{"line":343,"column":0},"end":{"line":343,"column":91}},"343":{"start":{"line":344,"column":0},"end":{"line":344,"column":63}},"344":{"start":{"line":345,"column":0},"end":{"line":345,"column":3}},"345":{"start":{"line":346,"column":0},"end":{"line":346,"column":35}},"346":{"start":{"line":347,"column":0},"end":{"line":347,"column":76}},"347":{"start":{"line":348,"column":0},"end":{"line":348,"column":3}},"348":{"start":{"line":349,"column":0},"end":{"line":349,"column":33}},"349":{"start":{"line":350,"column":0},"end":{"line":350,"column":1}},"351":{"start":{"line":352,"column":0},"end":{"line":352,"column":66}},"352":{"start":{"line":353,"column":0},"end":{"line":353,"column":59}},"353":{"start":{"line":354,"column":0},"end":{"line":354,"column":1}},"355":{"start":{"line":356,"column":0},"end":{"line":356,"column":68}},"356":{"start":{"line":357,"column":0},"end":{"line":357,"column":64}},"357":{"start":{"line":358,"column":0},"end":{"line":358,"column":1}},"359":{"start":{"line":360,"column":0},"end":{"line":360,"column":59}},"360":{"start":{"line":361,"column":0},"end":{"line":361,"column":61}},"361":{"start":{"line":362,"column":0},"end":{"line":362,"column":1}},"363":{"start":{"line":364,"column":0},"end":{"line":364,"column":83}},"364":{"start":{"line":365,"column":0},"end":{"line":365,"column":78}},"365":{"start":{"line":366,"column":0},"end":{"line":366,"column":16}},"366":{"start":{"line":367,"column":0},"end":{"line":367,"column":51}},"367":{"start":{"line":368,"column":0},"end":{"line":368,"column":3}},"368":{"start":{"line":369,"column":0},"end":{"line":369,"column":16}},"369":{"start":{"line":370,"column":0},"end":{"line":370,"column":1}},"371":{"start":{"line":372,"column":0},"end":{"line":372,"column":50}},"372":{"start":{"line":373,"column":0},"end":{"line":373,"column":18}},"374":{"start":{"line":375,"column":0},"end":{"line":375,"column":35}},"375":{"start":{"line":376,"column":0},"end":{"line":376,"column":11}},"376":{"start":{"line":377,"column":0},"end":{"line":377,"column":3}},"378":{"start":{"line":379,"column":0},"end":{"line":379,"column":106}},"379":{"start":{"line":380,"column":0},"end":{"line":380,"column":31}},"380":{"start":{"line":381,"column":0},"end":{"line":381,"column":72}},"381":{"start":{"line":382,"column":0},"end":{"line":382,"column":3}},"382":{"start":{"line":383,"column":0},"end":{"line":383,"column":74}},"383":{"start":{"line":384,"column":0},"end":{"line":384,"column":58}},"384":{"start":{"line":385,"column":0},"end":{"line":385,"column":1}},"386":{"start":{"line":387,"column":0},"end":{"line":387,"column":58}},"387":{"start":{"line":388,"column":0},"end":{"line":388,"column":10}},"388":{"start":{"line":389,"column":0},"end":{"line":389,"column":13}},"389":{"start":{"line":390,"column":0},"end":{"line":390,"column":45}},"390":{"start":{"line":391,"column":0},"end":{"line":391,"column":16}},"391":{"start":{"line":392,"column":0},"end":{"line":392,"column":44}},"392":{"start":{"line":393,"column":0},"end":{"line":393,"column":41}},"393":{"start":{"line":394,"column":0},"end":{"line":394,"column":52}},"394":{"start":{"line":395,"column":0},"end":{"line":395,"column":8}},"395":{"start":{"line":396,"column":0},"end":{"line":396,"column":37}},"396":{"start":{"line":397,"column":0},"end":{"line":397,"column":82}},"397":{"start":{"line":398,"column":0},"end":{"line":398,"column":43}},"398":{"start":{"line":399,"column":0},"end":{"line":399,"column":4}},"399":{"start":{"line":400,"column":0},"end":{"line":400,"column":1}},"401":{"start":{"line":402,"column":0},"end":{"line":402,"column":87}},"402":{"start":{"line":403,"column":0},"end":{"line":403,"column":10}},"403":{"start":{"line":404,"column":0},"end":{"line":404,"column":22}},"404":{"start":{"line":405,"column":0},"end":{"line":405,"column":20}},"405":{"start":{"line":406,"column":0},"end":{"line":406,"column":22}},"406":{"start":{"line":407,"column":0},"end":{"line":407,"column":18}},"407":{"start":{"line":408,"column":0},"end":{"line":408,"column":22}},"408":{"start":{"line":409,"column":0},"end":{"line":409,"column":19}},"409":{"start":{"line":410,"column":0},"end":{"line":410,"column":4}},"410":{"start":{"line":411,"column":0},"end":{"line":411,"column":1}},"412":{"start":{"line":413,"column":0},"end":{"line":413,"column":45}},"413":{"start":{"line":414,"column":0},"end":{"line":414,"column":39}},"414":{"start":{"line":415,"column":0},"end":{"line":415,"column":1}},"416":{"start":{"line":417,"column":0},"end":{"line":417,"column":50}},"417":{"start":{"line":418,"column":0},"end":{"line":418,"column":23}},"418":{"start":{"line":419,"column":0},"end":{"line":419,"column":18}},"419":{"start":{"line":420,"column":0},"end":{"line":420,"column":3}},"421":{"start":{"line":422,"column":0},"end":{"line":422,"column":93}},"422":{"start":{"line":423,"column":0},"end":{"line":423,"column":33}},"423":{"start":{"line":424,"column":0},"end":{"line":424,"column":3}},"424":{"start":{"line":425,"column":0},"end":{"line":425,"column":37}},"425":{"start":{"line":426,"column":0},"end":{"line":426,"column":29}},"426":{"start":{"line":427,"column":0},"end":{"line":427,"column":3}},"427":{"start":{"line":428,"column":0},"end":{"line":428,"column":34}},"428":{"start":{"line":429,"column":0},"end":{"line":429,"column":44}},"429":{"start":{"line":430,"column":0},"end":{"line":430,"column":3}},"430":{"start":{"line":431,"column":0},"end":{"line":431,"column":65}},"431":{"start":{"line":432,"column":0},"end":{"line":432,"column":41}},"432":{"start":{"line":433,"column":0},"end":{"line":433,"column":3}},"434":{"start":{"line":435,"column":0},"end":{"line":435,"column":29}},"435":{"start":{"line":436,"column":0},"end":{"line":436,"column":73}},"436":{"start":{"line":437,"column":0},"end":{"line":437,"column":3}},"438":{"start":{"line":439,"column":0},"end":{"line":439,"column":106}},"439":{"start":{"line":440,"column":0},"end":{"line":440,"column":22}},"440":{"start":{"line":441,"column":0},"end":{"line":441,"column":88}},"441":{"start":{"line":442,"column":0},"end":{"line":442,"column":15}},"442":{"start":{"line":443,"column":0},"end":{"line":443,"column":21}},"443":{"start":{"line":444,"column":0},"end":{"line":444,"column":1}},"445":{"start":{"line":446,"column":0},"end":{"line":446,"column":39}},"446":{"start":{"line":447,"column":0},"end":{"line":447,"column":24}},"447":{"start":{"line":448,"column":0},"end":{"line":448,"column":45}},"448":{"start":{"line":449,"column":0},"end":{"line":449,"column":32}},"449":{"start":{"line":450,"column":0},"end":{"line":450,"column":43}},"450":{"start":{"line":451,"column":0},"end":{"line":451,"column":3}},"451":{"start":{"line":452,"column":0},"end":{"line":452,"column":44}},"452":{"start":{"line":453,"column":0},"end":{"line":453,"column":1}},"454":{"start":{"line":455,"column":0},"end":{"line":455,"column":53}},"455":{"start":{"line":456,"column":0},"end":{"line":456,"column":70}},"456":{"start":{"line":457,"column":0},"end":{"line":457,"column":1}}},"s":{"1":1,"7":1,"20":1,"21":9,"22":9,"24":1,"25":73011,"26":0,"27":0,"29":73011,"30":73011,"31":73011,"33":1,"34":16585,"35":16585,"36":16585,"37":16585,"38":16585,"39":0,"40":0,"41":16585,"42":0,"43":0,"45":16585,"46":16585,"47":1,"48":1,"50":16584,"51":16584,"52":16584,"54":16584,"55":16585,"56":16342,"57":16342,"58":16585,"59":242,"60":242,"61":16585,"62":0,"63":16585,"65":16585,"66":0,"67":0,"68":16584,"70":16584,"71":16585,"72":1,"73":1,"74":16585,"75":16583,"76":16583,"77":16583,"79":16584,"80":16584,"81":16584,"82":16584,"83":16585,"84":16585,"85":16585,"86":16585,"87":16585,"88":16585,"89":16585,"90":16585,"91":16585,"92":16585,"93":16585,"94":16585,"95":16585,"96":16585,"98":1,"99":44797,"100":1,"101":1,"102":44796,"103":44796,"105":1,"106":3,"107":3,"109":1,"110":1,"111":1,"112":1,"113":1,"114":1,"115":1,"117":73011,"118":73011,"119":73011,"121":73011,"122":658005,"123":658005,"124":1928083,"125":1928083,"127":658005,"128":658005,"129":657900,"130":657900,"131":657900,"133":105,"134":657933,"135":1881,"136":1881,"137":105,"139":73011,"140":73011,"142":73011,"143":73011,"145":73011,"146":435975,"147":435975,"148":0,"149":0,"150":435975,"151":33959,"152":33959,"153":435975,"155":73011,"156":73011,"158":73011,"159":73011,"160":73011,"162":73011,"163":344450,"164":649573,"165":612073,"166":612073,"167":649573,"168":344450,"170":73011,"171":73011,"172":45932,"173":45932,"175":73011,"176":73011,"178":105,"179":105,"180":0,"181":0,"183":105,"184":105,"185":105,"187":105,"188":3027,"189":1881,"190":1881,"191":1881,"193":3027,"194":4335,"195":4335,"196":1413,"197":1413,"199":2922,"200":2922,"201":2922,"202":2922,"203":2922,"204":2922,"205":3027,"207":105,"208":105,"209":105,"211":16342,"212":16342,"213":16342,"214":0,"215":0,"217":16342,"218":16342,"219":0,"220":0,"222":16342,"223":47723,"224":47723,"225":47723,"227":16342,"228":16342,"229":16342,"230":0,"231":0,"232":16342,"233":0,"234":0,"236":16342,"237":8,"238":0,"239":0,"240":8,"241":0,"242":0,"244":8,"245":8,"246":8,"248":16342,"249":0,"250":0,"251":16342,"253":242,"254":242,"255":0,"256":0,"257":242,"258":0,"259":0,"261":242,"262":242,"263":0,"264":0,"266":242,"267":242,"268":1210,"269":0,"270":0,"271":1210,"273":242,"274":1210,"275":1210,"276":1210,"277":1210,"279":242,"280":242,"281":242,"282":242,"283":242,"285":435975,"286":435975,"287":435975,"288":435975,"290":436217,"291":436217,"292":436217,"293":436217,"294":436217,"295":436217,"296":436217,"297":436217,"298":436217,"299":436217,"300":436217,"302":436217,"303":2181085,"304":2181085,"305":2181085,"307":436217,"308":436217,"310":436217,"311":436217,"312":436217,"314":16342,"315":16342,"316":15039,"317":15039,"318":0,"319":0,"320":15039,"321":15039,"323":1303,"324":1303,"325":1303,"326":0,"327":0,"328":1303,"329":1303,"331":0,"332":0,"334":16585,"335":16585,"336":16585,"337":16585,"339":113230,"340":113230,"341":112745,"342":112745,"343":112745,"344":112745,"345":485,"346":485,"347":485,"348":0,"349":0,"351":222407,"352":222407,"353":222407,"355":46420,"356":46420,"357":46420,"359":8,"360":8,"361":8,"363":89595,"364":89595,"365":89595,"366":0,"367":0,"368":89595,"369":89595,"371":16584,"372":16584,"374":16584,"375":0,"376":0,"378":16584,"379":16584,"380":0,"381":0,"382":16584,"383":16584,"384":16584,"386":16584,"387":16584,"388":16584,"389":16584,"390":33168,"391":33168,"392":33168,"393":33168,"394":16584,"395":16584,"396":16584,"397":16584,"398":16584,"399":16584,"401":707862,"402":707862,"403":707862,"404":707862,"405":707862,"406":707862,"407":707862,"408":707862,"409":707862,"410":707862,"412":33168,"413":33168,"414":33168,"416":3548976,"417":3548976,"418":1,"419":1,"421":3548976,"422":2719775,"423":2719775,"424":3548976,"425":0,"426":0,"427":3548976,"428":0,"429":0,"430":3548976,"431":0,"432":0,"434":3548976,"435":165840,"436":165840,"438":663360,"439":663360,"440":663360,"441":663360,"442":663360,"443":663360,"445":33168,"446":33168,"447":33168,"448":36417552,"449":36417552,"450":36417552,"451":33168,"452":33168,"454":0,"455":0,"456":0},"branchMap":{"0":{"type":"branch","line":21,"loc":{"start":{"line":21,"column":7},"end":{"line":23,"column":1}},"locations":[{"start":{"line":21,"column":7},"end":{"line":23,"column":1}}]},"1":{"type":"branch","line":25,"loc":{"start":{"line":25,"column":7},"end":{"line":32,"column":1}},"locations":[{"start":{"line":25,"column":7},"end":{"line":32,"column":1}}]},"2":{"type":"branch","line":26,"loc":{"start":{"line":26,"column":61},"end":{"line":28,"column":3}},"locations":[{"start":{"line":26,"column":61},"end":{"line":28,"column":3}}]},"3":{"type":"branch","line":34,"loc":{"start":{"line":34,"column":7},"end":{"line":97,"column":1}},"locations":[{"start":{"line":34,"column":7},"end":{"line":97,"column":1}}]},"4":{"type":"branch","line":39,"loc":{"start":{"line":39,"column":25},"end":{"line":41,"column":3}},"locations":[{"start":{"line":39,"column":25},"end":{"line":41,"column":3}}]},"5":{"type":"branch","line":42,"loc":{"start":{"line":42,"column":44},"end":{"line":44,"column":3}},"locations":[{"start":{"line":42,"column":44},"end":{"line":44,"column":3}}]},"6":{"type":"branch","line":47,"loc":{"start":{"line":47,"column":41},"end":{"line":49,"column":3}},"locations":[{"start":{"line":47,"column":41},"end":{"line":49,"column":3}}]},"7":{"type":"branch","line":49,"loc":{"start":{"line":49,"column":2},"end":{"line":55,"column":24}},"locations":[{"start":{"line":49,"column":2},"end":{"line":55,"column":24}}]},"8":{"type":"branch","line":56,"loc":{"start":{"line":56,"column":4},"end":{"line":58,"column":12}},"locations":[{"start":{"line":56,"column":4},"end":{"line":58,"column":12}}]},"9":{"type":"branch","line":59,"loc":{"start":{"line":59,"column":4},"end":{"line":61,"column":12}},"locations":[{"start":{"line":59,"column":4},"end":{"line":61,"column":12}}]},"10":{"type":"branch","line":62,"loc":{"start":{"line":62,"column":4},"end":{"line":63,"column":30}},"locations":[{"start":{"line":62,"column":4},"end":{"line":63,"column":30}}]},"11":{"type":"branch","line":64,"loc":{"start":{"line":64,"column":2},"end":{"line":66,"column":51}},"locations":[{"start":{"line":64,"column":2},"end":{"line":66,"column":51}}]},"12":{"type":"branch","line":66,"loc":{"start":{"line":66,"column":51},"end":{"line":68,"column":3}},"locations":[{"start":{"line":66,"column":51},"end":{"line":68,"column":3}}]},"13":{"type":"branch","line":68,"loc":{"start":{"line":68,"column":2},"end":{"line":72,"column":16}},"locations":[{"start":{"line":68,"column":2},"end":{"line":72,"column":16}}]},"14":{"type":"branch","line":72,"loc":{"start":{"line":72,"column":16},"end":{"line":75,"column":9}},"locations":[{"start":{"line":72,"column":16},"end":{"line":75,"column":9}}]},"15":{"type":"branch","line":75,"loc":{"start":{"line":75,"column":2},"end":{"line":78,"column":3}},"locations":[{"start":{"line":75,"column":2},"end":{"line":78,"column":3}}]},"16":{"type":"branch","line":78,"loc":{"start":{"line":78,"column":2},"end":{"line":84,"column":23}},"locations":[{"start":{"line":78,"column":2},"end":{"line":84,"column":23}}]},"17":{"type":"branch","line":84,"loc":{"start":{"line":84,"column":12},"end":{"line":84,"column":37}},"locations":[{"start":{"line":84,"column":12},"end":{"line":84,"column":37}}]},"18":{"type":"branch","line":84,"loc":{"start":{"line":84,"column":33},"end":{"line":84,"column":47}},"locations":[{"start":{"line":84,"column":33},"end":{"line":84,"column":47}}]},"19":{"type":"branch","line":99,"loc":{"start":{"line":99,"column":7},"end":{"line":104,"column":1}},"locations":[{"start":{"line":99,"column":7},"end":{"line":104,"column":1}}]},"20":{"type":"branch","line":100,"loc":{"start":{"line":100,"column":22},"end":{"line":100,"column":61}},"locations":[{"start":{"line":100,"column":22},"end":{"line":100,"column":61}}]},"21":{"type":"branch","line":100,"loc":{"start":{"line":100,"column":61},"end":{"line":102,"column":3}},"locations":[{"start":{"line":100,"column":61},"end":{"line":102,"column":3}}]},"22":{"type":"branch","line":102,"loc":{"start":{"line":102,"column":2},"end":{"line":104,"column":1}},"locations":[{"start":{"line":102,"column":2},"end":{"line":104,"column":1}}]},"23":{"type":"branch","line":106,"loc":{"start":{"line":106,"column":7},"end":{"line":108,"column":1}},"locations":[{"start":{"line":106,"column":7},"end":{"line":108,"column":1}}]},"24":{"type":"branch","line":107,"loc":{"start":{"line":107,"column":46},"end":{"line":107,"column":84}},"locations":[{"start":{"line":107,"column":46},"end":{"line":107,"column":84}}]},"25":{"type":"branch","line":118,"loc":{"start":{"line":118,"column":0},"end":{"line":141,"column":1}},"locations":[{"start":{"line":118,"column":0},"end":{"line":141,"column":1}}]},"26":{"type":"branch","line":122,"loc":{"start":{"line":122,"column":31},"end":{"line":138,"column":3}},"locations":[{"start":{"line":122,"column":31},"end":{"line":138,"column":3}}]},"27":{"type":"branch","line":124,"loc":{"start":{"line":124,"column":30},"end":{"line":126,"column":5}},"locations":[{"start":{"line":124,"column":30},"end":{"line":126,"column":5}}]},"28":{"type":"branch","line":129,"loc":{"start":{"line":129,"column":23},"end":{"line":132,"column":5}},"locations":[{"start":{"line":129,"column":23},"end":{"line":132,"column":5}}]},"29":{"type":"branch","line":132,"loc":{"start":{"line":132,"column":4},"end":{"line":138,"column":3}},"locations":[{"start":{"line":132,"column":4},"end":{"line":138,"column":3}}]},"30":{"type":"branch","line":132,"loc":{"start":{"line":132,"column":4},"end":{"line":135,"column":42}},"locations":[{"start":{"line":132,"column":4},"end":{"line":135,"column":42}}]},"31":{"type":"branch","line":135,"loc":{"start":{"line":135,"column":42},"end":{"line":137,"column":5}},"locations":[{"start":{"line":135,"column":42},"end":{"line":137,"column":5}}]},"32":{"type":"branch","line":137,"loc":{"start":{"line":137,"column":4},"end":{"line":138,"column":3}},"locations":[{"start":{"line":137,"column":4},"end":{"line":138,"column":3}}]},"33":{"type":"branch","line":143,"loc":{"start":{"line":143,"column":0},"end":{"line":157,"column":1}},"locations":[{"start":{"line":143,"column":0},"end":{"line":157,"column":1}}]},"34":{"type":"branch","line":146,"loc":{"start":{"line":146,"column":44},"end":{"line":154,"column":3}},"locations":[{"start":{"line":146,"column":44},"end":{"line":154,"column":3}}]},"35":{"type":"branch","line":148,"loc":{"start":{"line":148,"column":15},"end":{"line":150,"column":5}},"locations":[{"start":{"line":148,"column":15},"end":{"line":150,"column":5}}]},"36":{"type":"branch","line":151,"loc":{"start":{"line":151,"column":41},"end":{"line":153,"column":5}},"locations":[{"start":{"line":151,"column":41},"end":{"line":153,"column":5}}]},"37":{"type":"branch","line":159,"loc":{"start":{"line":159,"column":0},"end":{"line":177,"column":1}},"locations":[{"start":{"line":159,"column":0},"end":{"line":177,"column":1}}]},"38":{"type":"branch","line":163,"loc":{"start":{"line":163,"column":57},"end":{"line":169,"column":3}},"locations":[{"start":{"line":163,"column":57},"end":{"line":169,"column":3}}]},"39":{"type":"branch","line":164,"loc":{"start":{"line":164,"column":63},"end":{"line":168,"column":5}},"locations":[{"start":{"line":164,"column":63},"end":{"line":168,"column":5}}]},"40":{"type":"branch","line":165,"loc":{"start":{"line":165,"column":65},"end":{"line":167,"column":7}},"locations":[{"start":{"line":165,"column":65},"end":{"line":167,"column":7}}]},"41":{"type":"branch","line":172,"loc":{"start":{"line":172,"column":42},"end":{"line":174,"column":3}},"locations":[{"start":{"line":172,"column":42},"end":{"line":174,"column":3}}]},"42":{"type":"branch","line":161,"loc":{"start":{"line":161,"column":52},"end":{"line":161,"column":84}},"locations":[{"start":{"line":161,"column":52},"end":{"line":161,"column":84}}]},"43":{"type":"branch","line":171,"loc":{"start":{"line":171,"column":52},"end":{"line":171,"column":85}},"locations":[{"start":{"line":171,"column":52},"end":{"line":171,"column":85}}]},"44":{"type":"branch","line":179,"loc":{"start":{"line":179,"column":0},"end":{"line":210,"column":1}},"locations":[{"start":{"line":179,"column":0},"end":{"line":210,"column":1}}]},"45":{"type":"branch","line":180,"loc":{"start":{"line":180,"column":25},"end":{"line":182,"column":3}},"locations":[{"start":{"line":180,"column":25},"end":{"line":182,"column":3}}]},"46":{"type":"branch","line":188,"loc":{"start":{"line":188,"column":14},"end":{"line":206,"column":4}},"locations":[{"start":{"line":188,"column":14},"end":{"line":206,"column":4}}]},"47":{"type":"branch","line":189,"loc":{"start":{"line":189,"column":25},"end":{"line":192,"column":5}},"locations":[{"start":{"line":189,"column":25},"end":{"line":192,"column":5}}]},"48":{"type":"branch","line":192,"loc":{"start":{"line":192,"column":4},"end":{"line":194,"column":62}},"locations":[{"start":{"line":192,"column":4},"end":{"line":194,"column":62}}]},"49":{"type":"branch","line":194,"loc":{"start":{"line":194,"column":62},"end":{"line":205,"column":5}},"locations":[{"start":{"line":194,"column":62},"end":{"line":205,"column":5}}]},"50":{"type":"branch","line":196,"loc":{"start":{"line":196,"column":28},"end":{"line":198,"column":7}},"locations":[{"start":{"line":196,"column":28},"end":{"line":198,"column":7}}]},"51":{"type":"branch","line":198,"loc":{"start":{"line":198,"column":6},"end":{"line":205,"column":5}},"locations":[{"start":{"line":198,"column":6},"end":{"line":205,"column":5}}]},"52":{"type":"branch","line":205,"loc":{"start":{"line":205,"column":4},"end":{"line":205,"column":5}},"locations":[{"start":{"line":205,"column":4},"end":{"line":205,"column":5}}]},"53":{"type":"branch","line":212,"loc":{"start":{"line":212,"column":0},"end":{"line":252,"column":1}},"locations":[{"start":{"line":212,"column":0},"end":{"line":252,"column":1}}]},"54":{"type":"branch","line":214,"loc":{"start":{"line":214,"column":16},"end":{"line":216,"column":3}},"locations":[{"start":{"line":214,"column":16},"end":{"line":216,"column":3}}]},"55":{"type":"branch","line":218,"loc":{"start":{"line":218,"column":23},"end":{"line":218,"column":34}},"locations":[{"start":{"line":218,"column":23},"end":{"line":218,"column":34}}]},"56":{"type":"branch","line":219,"loc":{"start":{"line":219,"column":40},"end":{"line":221,"column":3}},"locations":[{"start":{"line":219,"column":40},"end":{"line":221,"column":3}}]},"57":{"type":"branch","line":223,"loc":{"start":{"line":223,"column":28},"end":{"line":226,"column":3}},"locations":[{"start":{"line":223,"column":28},"end":{"line":226,"column":3}}]},"58":{"type":"branch","line":228,"loc":{"start":{"line":228,"column":26},"end":{"line":228,"column":40}},"locations":[{"start":{"line":228,"column":26},"end":{"line":228,"column":40}}]},"59":{"type":"branch","line":230,"loc":{"start":{"line":230,"column":18},"end":{"line":230,"column":43}},"locations":[{"start":{"line":230,"column":18},"end":{"line":230,"column":43}}]},"60":{"type":"branch","line":230,"loc":{"start":{"line":230,"column":43},"end":{"line":232,"column":3}},"locations":[{"start":{"line":230,"column":43},"end":{"line":232,"column":3}}]},"61":{"type":"branch","line":233,"loc":{"start":{"line":233,"column":17},"end":{"line":233,"column":51}},"locations":[{"start":{"line":233,"column":17},"end":{"line":233,"column":51}}]},"62":{"type":"branch","line":233,"loc":{"start":{"line":233,"column":51},"end":{"line":235,"column":3}},"locations":[{"start":{"line":233,"column":51},"end":{"line":235,"column":3}}]},"63":{"type":"branch","line":237,"loc":{"start":{"line":237,"column":31},"end":{"line":247,"column":3}},"locations":[{"start":{"line":237,"column":31},"end"
[...]
7":0,"48":0,"50":15970,"51":15970,"52":0,"53":0,"54":15970,"55":0,"56":0,"58":15970,"59":15970,"60":15970,"61":0,"62":0,"64":15970,"65":15970,"66":15970,"68":15970,"69":15970,"71":15970,"72":15970,"73":2643,"74":2643,"76":15970,"77":15970,"78":13326,"79":13326,"80":13326,"81":15970,"82":2644,"83":2644,"84":2644,"86":15970,"87":15970,"88":15970,"89":15970,"90":15970,"91":15970,"92":15970,"93":15970,"94":15970,"95":15970,"96":15970,"97":15970,"98":15970,"99":15970,"100":15970,"101":15970,"102":15970,"103":15970,"105":1,"106":67162,"107":67162,"109":1,"110":2648,"111":2,"112":2,"113":2648,"114":2648,"116":1,"117":1,"118":1,"119":1,"120":1,"121":1,"122":1,"124":15970,"125":15970,"126":15970,"127":15970,"128":15970,"129":15970,"130":15970,"132":15970,"133":15970,"134":15970,"135":0,"136":0,"137":15970,"138":15970,"140":13326,"141":13326,"142":13326,"143":0,"144":0,"145":13326,"146":13326,"148":15970,"149":15970,"150":118859,"151":118859,"152":2643,"153":2643,"154":118859,"155":13327,"156":13327,"158":2643,"159":2643,"160":2643,"161":0,"162":0,"163":2643,"164":2643,"166":62924,"167":62924,"168":62924,"170":31940,"171":31940,"172":31940,"174":798500,"175":798500,"176":147347,"177":147347,"179":798500,"180":491453,"181":491453,"182":798500,"183":0,"184":0,"185":798500,"186":0,"187":0,"188":798500,"189":0,"190":0,"192":798500,"193":63880,"194":63880,"196":95820,"197":95820,"198":95820,"199":95820,"200":95820,"201":95820,"203":31940,"204":31940,"205":31940,"206":6934583,"207":6934583,"208":6934583,"209":31940,"210":31940},"branchMap":{"0":{"type":"branch","line":16,"loc":{"start":{"line":16,"column":7},"end":{"line":18,"column":1}},"locations":[{"start":{"line":16,"column":7},"end":{"line":18,"column":1}}]},"1":{"type":"branch","line":20,"loc":{"start":{"line":20,"column":7},"end":{"line":32,"column":1}},"locations":[{"start":{"line":20,"column":7},"end":{"line":32,"column":1}}]},"2":{"type":"branch","line":21,"loc":{"start":{"line":21,"column":25},"end":{"line":23,"column":3}},"locations":[{"start":{"line":21,"column":25},"end":{"line":23,"column":3}}]},"3":{"type":"branch","line":26,"loc":{"start":{"line":26,"column":62},"end":{"line":30,"column":3}},"locations":[{"start":{"line":26,"column":62},"end":{"line":30,"column":3}}]},"4":{"type":"branch","line":27,"loc":{"start":{"line":27,"column":37},"end":{"line":29,"column":5}},"locations":[{"start":{"line":27,"column":37},"end":{"line":29,"column":5}}]},"5":{"type":"branch","line":34,"loc":{"start":{"line":34,"column":7},"end":{"line":104,"column":1}},"locations":[{"start":{"line":34,"column":7},"end":{"line":104,"column":1}}]},"6":{"type":"branch","line":41,"loc":{"start":{"line":41,"column":25},"end":{"line":43,"column":3}},"locations":[{"start":{"line":41,"column":25},"end":{"line":43,"column":3}}]},"7":{"type":"branch","line":44,"loc":{"start":{"line":44,"column":44},"end":{"line":46,"column":3}},"locations":[{"start":{"line":44,"column":44},"end":{"line":46,"column":3}}]},"8":{"type":"branch","line":47,"loc":{"start":{"line":47,"column":36},"end":{"line":49,"column":3}},"locations":[{"start":{"line":47,"column":36},"end":{"line":49,"column":3}}]},"9":{"type":"branch","line":52,"loc":{"start":{"line":52,"column":105},"end":{"line":54,"column":3}},"locations":[{"start":{"line":52,"column":105},"end":{"line":54,"column":3}}]},"10":{"type":"branch","line":55,"loc":{"start":{"line":55,"column":35},"end":{"line":57,"column":3}},"locations":[{"start":{"line":55,"column":35},"end":{"line":57,"column":3}}]},"11":{"type":"branch","line":61,"loc":{"start":{"line":61,"column":16},"end":{"line":63,"column":3}},"locations":[{"start":{"line":61,"column":16},"end":{"line":63,"column":3}}]},"12":{"type":"branch","line":73,"loc":{"start":{"line":73,"column":18},"end":{"line":75,"column":3}},"locations":[{"start":{"line":73,"column":18},"end":{"line":75,"column":3}}]},"13":{"type":"branch","line":78,"loc":{"start":{"line":78,"column":17},"end":{"line":82,"column":9}},"locations":[{"start":{"line":78,"column":17},"end":{"line":82,"column":9}}]},"14":{"type":"branch","line":82,"loc":{"start":{"line":82,"column":2},"end":{"line":85,"column":3}},"locations":[{"start":{"line":82,"column":2},"end":{"line":85,"column":3}}]},"15":{"type":"branch","line":91,"loc":{"start":{"line":91,"column":12},"end":{"line":91,"column":37}},"locations":[{"start":{"line":91,"column":12},"end":{"line":91,"column":37}}]},"16":{"type":"branch","line":91,"loc":{"start":{"line":91,"column":33},"end":{"line":91,"column":47}},"locations":[{"start":{"line":91,"column":33},"end":{"line":91,"column":47}}]},"17":{"type":"branch","line":60,"loc":{"start":{"line":60,"column":29},"end":{"line":60,"column":114}},"locations":[{"start":{"line":60,"column":29},"end":{"line":60,"column":114}}]},"18":{"type":"branch","line":106,"loc":{"start":{"line":106,"column":7},"end":{"line":108,"column":1}},"locations":[{"start":{"line":106,"column":7},"end":{"line":108,"column":1}}]},"19":{"type":"branch","line":107,"loc":{"start":{"line":107,"column":25},"end":{"line":107,"column":59}},"locations":[{"start":{"line":107,"column":25},"end":{"line":107,"column":59}}]},"20":{"type":"branch","line":107,"loc":{"start":{"line":107,"column":51},"end":{"line":107,"column":91}},"locations":[{"start":{"line":107,"column":51},"end":{"line":107,"column":91}}]},"21":{"type":"branch","line":107,"loc":{"start":{"line":107,"column":79},"end":{"line":107,"column":110}},"locations":[{"start":{"line":107,"column":79},"end":{"line":107,"column":110}}]},"22":{"type":"branch","line":110,"loc":{"start":{"line":110,"column":7},"end":{"line":115,"column":1}},"locations":[{"start":{"line":110,"column":7},"end":{"line":115,"column":1}}]},"23":{"type":"branch","line":111,"loc":{"start":{"line":111,"column":21},"end":{"line":113,"column":3}},"locations":[{"start":{"line":111,"column":21},"end":{"line":113,"column":3}}]},"24":{"type":"branch","line":113,"loc":{"start":{"line":113,"column":2},"end":{"line":114,"column":32}},"locations":[{"start":{"line":113,"column":2},"end":{"line":114,"column":32}}]},"25":{"type":"branch","line":114,"loc":{"start":{"line":114,"column":26},"end":{"line":114,"column":53}},"locations":[{"start":{"line":114,"column":26},"end":{"line":114,"column":53}}]},"26":{"type":"branch","line":114,"loc":{"start":{"line":114,"column":49},"end":{"line":114,"column":72}},"locations":[{"start":{"line":114,"column":49},"end":{"line":114,"column":72}}]},"27":{"type":"branch","line":125,"loc":{"start":{"line":125,"column":0},"end":{"line":131,"column":1}},"locations":[{"start":{"line":125,"column":0},"end":{"line":131,"column":1}}]},"28":{"type":"branch","line":133,"loc":{"start":{"line":133,"column":0},"end":{"line":139,"column":1}},"locations":[{"start":{"line":133,"column":0},"end":{"line":139,"column":1}}]},"29":{"type":"branch","line":135,"loc":{"start":{"line":135,"column":15},"end":{"line":137,"column":3}},"locations":[{"start":{"line":135,"column":15},"end":{"line":137,"column":3}}]},"30":{"type":"branch","line":134,"loc":{"start":{"line":134,"column":36},"end":{"line":134,"column":76}},"locations":[{"start":{"line":134,"column":36},"end":{"line":134,"column":76}}]},"31":{"type":"branch","line":141,"loc":{"start":{"line":141,"column":0},"end":{"line":147,"column":1}},"locations":[{"start":{"line":141,"column":0},"end":{"line":147,"column":1}}]},"32":{"type":"branch","line":143,"loc":{"start":{"line":143,"column":17},"end":{"line":145,"column":3}},"locations":[{"start":{"line":143,"column":17},"end":{"line":145,"column":3}}]},"33":{"type":"branch","line":142,"loc":{"start":{"line":142,"column":38},"end":{"line":142,"column":78}},"locations":[{"start":{"line":142,"column":38},"end":{"line":142,"column":78}}]},"34":{"type":"branch","line":149,"loc":{"start":{"line":149,"column":0},"end":{"line":157,"column":1}},"locations":[{"start":{"line":149,"column":0},"end":{"line":157,"column":1}}]},"35":{"type":"branch","line":150,"loc":{"start":{"line":150,"column":37},"end":{"line":155,"column":3}},"locations":[{"start":{"line":150,"column":37},"end":{"line":155,"column":3}}]},"36":{"type":"branch","line":152,"loc":{"start":{"line":152,"column":8},"end":{"line":152,"column":43}},"locations":[{"start":{"line":152,"column":8},"end":{"line":152,"column":43}}]},"37":{"type":"branch","line":152,"loc":{"start":{"line":152,"column":38},"end":{"line":152,"column":68}},"locations":[{"start":{"line":152,"column":38},"end":{"line":152,"column":68}}]},"38":{"type":"branch","line":152,"loc":{"start":{"line":152,"column":68},"end":{"line":154,"column":5}},"locations":[{"start":{"line":152,"column":68},"end":{"line":154,"column":5}}]},"39":{"type":"branch","line":155,"loc":{"start":{"line":155,"column":2},"end":{"line":157,"column":1}},"locations":[{"start":{"line":155,"column":2},"end":{"line":157,"column":1}}]},"40":{"type":"branch","line":159,"loc":{"start":{"line":159,"column":0},"end":{"line":165,"column":1}},"locations":[{"start":{"line":159,"column":0},"end":{"line":165,"column":1}}]},"41":{"type":"branch","line":161,"loc":{"start":{"line":161,"column":15},"end":{"line":163,"column":3}},"locations":[{"start":{"line":161,"column":15},"end":{"line":163,"column":3}}]},"42":{"type":"branch","line":160,"loc":{"start":{"line":160,"column":36},"end":{"line":160,"column":74}},"locations":[{"start":{"line":160,"column":36},"end":{"line":160,"column":74}}]},"43":{"type":"branch","line":167,"loc":{"start":{"line":167,"column":0},"end":{"line":169,"column":1}},"locations":[{"start":{"line":167,"column":0},"end":{"line":169,"column":1}}]},"44":{"type":"branch","line":168,"loc":{"start":{"line":168,"column":27},"end":{"line":168,"column":50}},"locations":[{"start":{"line":168,"column":27},"end":{"line":168,"column":50}}]},"45":{"type":"branch","line":171,"loc":{"start":{"line":171,"column":0},"end":{"line":173,"column":1}},"locations":[{"start":{"line":171,"column":0},"end":{"line":173,"column":1}}]},"46":{"type":"branch","line":175,"loc":{"start":{"line":175,"column":0},"end":{"line":202,"column":1}},"locations":[{"start":{"line":175,"column":0},"end":{"line":202,"column":1}}]},"47":{"type":"branch","line":176,"loc":{"start":{"line":176,"column":22},"end":{"line":178,"column":3}},"locations":[{"start":{"line":176,"column":22},"end":{"line":178,"column":3}}]},"48":{"type":"branch","line":178,"loc":{"start":{"line":178,"column":2},"end":{"line":180,"column":35}},"locations":[{"start":{"line":178,"column":2},"end":{"line":180,"column":35}}]},"49":{"type":"branch","line":180,"loc":{"start":{"line":180,"column":23},"end":{"line":180,"column":64}},"locations":[{"start":{"line":180,"column":23},"end":{"line":180,"column":64}}]},"50":{"type":"branch","line":180,"loc":{"start":{"line":180,"column":52},"end":{"line":180,"column":92}},"locations":[{"start":{"line":180,"column":52},"end":{"line":180,"column":92}}]},"51":{"type":"branch","line":180,"loc":{"start":{"line":180,"column":92},"end":{"line":182,"column":3}},"locations":[{"start":{"line":180,"column":92},"end":{"line":182,"column":3}}]},"52":{"type":"branch","line":182,"loc":{"start":{"line":182,"column":2},"end":{"line":183,"column":36}},"locations":[{"start":{"line":182,"column":2},"end":{"line":183,"column":36}}]},"53":{"type":"branch","line":183,"loc":{"start":{"line":183,"column":36},"end":{"line":185,"column":3}},"locations":[{"start":{"line":183,"column":36},"end":{"line":185,"column":3}}]},"54":{"type":"branch","line":185,"loc":{"start":{"line":185,"column":2},"end":{"line":186,"column":33}},"locations":[{"start":{"line":185,"column":2},"end":{"line":186,"column":33}}]},"55":{"type":"branch","line":186,"loc":{"start":{"line":186,"column":33},"end":{"line":188,"column":3}},"locations":[{"start":{"line":186,"column":33},"end":{"line":188,"column":3}}]},"56":{"type":"branch","line":188,"loc":{"start":{"line":188,"column":2},"end":{"line":189,"column":64}},"locations":[{"start":{"line":188,"column":2},"end":{"line":189,"column":64}}]},"57":{"type":"branch","line":189,"loc":{"start":{"line":189,"column":64},"end":{"line":191,"column":3}},"locations":[{"start":{"line":189,"column":64},"end":{"line":191,"column":3}}]},"58":{"type":"branch","line":191,"loc":{"start":{"line":191,"column":2},"end":{"line":193,"column":28}},"locations":[{"start":{"line":191,"column":2},"end":{"line":193,"column":28}}]},"59":{"type":"branch","line":193,"loc":{"start":{"line":193,"column":28},"end":{"line":195,"column":3}},"locations":[{"start":{"line":193,"column":28},"end":{"line":195,"column":3}}]},"60":{"type":"branch","line":195,"loc":{"start":{"line":195,"column":2},"end":{"line":202,"column":1}},"locations":[{"start":{"line":195,"column":2},"end":{"line":202,"column":1}}]},"61":{"type":"branch","line":194,"loc":{"start":{"line":194,"column":25},"end":{"line":194,"column":58}},"locations":[{"start":{"line":194,"column":25},"end":{"line":194,"column":58}}]},"62":{"type":"branch","line":197,"loc":{"start":{"line":197,"column":72},"end":{"line":197,"column":104}},"locations":[{"start":{"line":197,"column":72},"end":{"line":197,"column":104}}]},"63":{"type":"branch","line":199,"loc":{"start":{"line":199,"column":9},"end":{"line":199,"column":87}},"locations":[{"start":{"line":199,"column":9},"end":{"line":199,"column":87}}]},"64":{"type":"branch","line":204,"loc":{"start":{"line":204,"column":0},"end":{"line":211,"column":1}},"locations":[{"start":{"line":204,"column":0},"end":{"line":211,"column":1}}]},"65":{"type":"branch","line":206,"loc":{"start":{"line":206,"column":44},"end":{"line":209,"column":3}},"locations":[{"start":{"line":206,"column":44},"end":{"line":209,"column":3}}]}},"b":{"0":[6],"1":[24799],"2":[0],"3":[223191],"4":[97879],"5":[15970],"6":[0],"7":[0],"8":[0],"9":[0],"10":[0],"11":[0],"12":[2643],"13":[13326],"14":[2644],"15":[2644],"16":[13326],"17":[40773],"18":[67162],"19":[65568],"20":[62925],"21":[62924],"22":[2648],"23":[2],"24":[2646],"25":[1698],"26":[948],"27":[15970],"28":[15970],"29":[0],"30":[23516],"31":[13326],"32":[0],"33":[20054],"34":[15970],"35":[118859],"36":[77190],"37":[20089],"38":[2643],"39":[13327],"40":[2643],"41":[0],"42":[3591],"43":[62924],"44":[141755],"45":[31940],"46":[798500],"47":[147347],"48":[651153],"49":[223580],"50":[159700],"51":[491453],"52":[159700],"53":[0],"54":[159700],"55":[0],"56":[159700],"57":[0],"58":[159700],"59":[63880],"60":[95820],"61":[351340],"62":[702680],"63":[415220],"64":[31940],"65":[6934583]},"fnMap":{"0":{"name":"initialState","decl":{"start":{"line":16,"column":7},"end":{"line":18,"column":1}},"loc":{"start":{"line":16,"column":7},"end":{"line":18,"column":1}},"line":16},"1":{"name":"legalActions","decl":{"start":{"line":20,"column":7},"end":{"line":32,"column":1}},"loc":{"start":{"line":20,"column":7},"end":{"line":32,"column":1}},"line":20},"2":{"name":"applyAction","decl":{"start":{"line":34,"column":7},"end":{"line":104,"column":1}},"loc":{"start":{"line":34,"column":7},"end":{"line":104,"column":1}},"line":34},"3":{"name":"isTerminal","decl":{"start":{"line":106,"column":7},"end":{"line":108,"column":1}},"loc":{"start":{"line":106,"column":7},"end":{"line":108,"column":1}},"line":106},"4":{"name":"score","decl":{"start":{"line":110,"column":7},"end":{"line":115,"column":1}},"loc":{"start":{"line":110,"column":7},"end":{"line":115,"column":1}},"line":110},"5":{"name":"cloneState","decl":{"start":{"line":125,"column":0},"end":{"line":131,"column":1}},"loc":{"start":{"line":125,"column":0},"end":{"line":131,"column":1}},"line":125},"6":{"name":"getPlayer","decl":{"start":{"line":133,"column":0},"end":{"line":139,"column":1}},"loc":{"start":{"line":133,"column":0},"end":{"line":139,"column":1}},"line":133},"7":{"name":"getOpponent","decl":{"start":{"line":141,"column":0},"end":{"line":147,"column":1}},"loc":{"start":{"line":141,"column":0},"end":{"line":147,"column":1}},"line":141},"8":{"name":"findWinnerMark","decl":{"start":{"line":149,"column":0},"end":{"line":157,"column":1}},"loc":{"start":{"line":149,"column":0},"end":{"line":157,"column":1}},"line":149},"9":{"name":"findPlayerByMark","decl":{"start":{"line":159,"column":0},"end":{"line":165,"column":1}},"loc":{"start":{"line":159,"column":0},"end":{"line":165,"column":1}},"line":159},"10":{"name":"isBoardFull","decl":{"start":{"line":167,"column":0},"end":{"line":169,"column":1}},"loc":{"start":{"line":167,"column":0},"end":{"line":169,"column":1}},"line":167},"11":{"name":"stableHash","decl":{"start":{"line":171,"column":0},"end":{"line":173,"column":1}},"loc":{"start":{"line":171,"column":0},"end":{"line":173,"column":1}},"line":171},"12":{"name":"stableStringify","decl":{"start":{"line":175,"column":0},"end":{"line":202,"column":1}},"loc":{"start":{"line":175,"column":0},"end":{"line":202,"column":1}},"line":175},"13":{"name":"fnv1a","decl":{"start":{"line":204,"column":0},"end":{"line":211,"column":1}},"loc":{"start":{"line":204,"column":0},"end":{"line":211,"column":1}},"line":204}},"f":{"0":6,"1":24799,"2":15970,"3":67162,"4":2648,"5":15970,"6":15970,"7":13326,"8":15970,"9":2643,"10":62924,"11":31940,"12":798500,"13":31940}}
,"C:\\board-game-app\\src\\games\\tictactoe\\index.ts": {"path":"C:\\board-game-app\\src\\games\\tictactoe\\index.ts","all":false,"statementMap":{"2":{"start":{"line":3,"column":0},"end":{"line":3,"column":89}},"5":{"start":{"line":6,"column":0},"end":{"line":6,"column":77}},"6":{"start":{"line":7,"column":0},"end":{"line":7,"column":18}},"7":{"start":{"line":8,"column":0},"end":{"line":8,"column":22}},"8":{"start":{"line":9,"column":0},"end":{"line":9,"column":35}},"9":{"start":{"line":10,"column":0},"end":{"line":10,"column":15}},"10":{"start":{"line":11,"column":0},"end":{"line":11,"column":14}},"11":{"start":{"line":12,"column":0},"end":{"line":12,"column":13}},"12":{"start":{"line":13,"column":0},"end":{"line":13,"column":7}},"13":{"start":{"line":14,"column":0},"end":{"line":14,"column":2}}},"s":{"2":1,"5":1,"6":1,"7":1,"8":1,"9":1,"10":1,"11":1,"12":1,"13":1},"branchMap":{},"b":{},"fnMap":{},"f":{}}
,"C:\\board-game-app\\src\\games\\tictactoe\\state.ts": {"path":"C:\\board-game-app\\src\\games\\tictactoe\\state.ts","all":false,"statementMap":{"22":{"start":{"line":23,"column":0},"end":{"line":23,"column":39}},"24":{"start":{"line":25,"column":0},"end":{"line":25,"column":66}},"25":{"start":{"line":26,"column":0},"end":{"line":26,"column":10}},"26":{"start":{"line":27,"column":0},"end":{"line":27,"column":9}},"27":{"start":{"line":28,"column":0},"end":{"line":28,"column":12}},"28":{"start":{"line":29,"column":0},"end":{"line":29,"column":18}},"29":{"start":{"line":30,"column":0},"end":{"line":30,"column":20}},"30":{"start":{"line":31,"column":0},"end":{"line":31,"column":23}},"31":{"start":{"line":32,"column":0},"end":{"line":32,"column":14}},"32":{"start":{"line":33,"column":0},"end":{"line":33,"column":29}},"33":{"start":{"line":34,"column":0},"end":{"line":34,"column":28}},"34":{"start":{"line":35,"column":0},"end":{"line":35,"column":6}},"35":{"start":{"line":36,"column":0},"end":{"line":36,"column":49}},"36":{"start":{"line":37,"column":0},"end":{"line":37,"column":17}},"37":{"start":{"line":38,"column":0},"end":{"line":38,"column":35}},"38":{"start":{"line":39,"column":0},"end":{"line":39,"column":4}},"39":{"start":{"line":40,"column":0},"end":{"line":40,"column":1}}},"s":{"22":1,"24":1,"25":6,"26":6,"27":6,"28":6,"29":6,"30":6,"31":6,"32":6,"33":6,"34":6,"35":6,"36":6,"37":6,"38":6,"39":6},"branchMap":{"0":{"type":"branch","line":25,"loc":{"start":{"line":25,"column":7},"end":{"line":40,"column":1}},"locations":[{"start":{"line":25,"column":7},"end":{"line":40,"column":1}}]},"1":{"type":"branch","line":36,"loc":{"start":{"line":36,"column":37},"end":{"line":36,"column":47}},"locations":[{"start":{"line":36,"column":37},"end":{"line":36,"column":47}}]}},"b":{"0":[6],"1":[54]},"fnMap":{"0":{"name":"createInitialState","decl":{"start":{"line":25,"column":7},"end":{"line":40,"column":1}},"loc":{"start":{"line":25,"column":7},"end":{"line":40,"column":1}},"line":25}},"f":{"0":6}}
}
